12129 1 2 0 Sat Oct 29 19:13:09 2016
12129 1 0 2 Sat Oct 29 19:13:11 2016
12129 1 1 5 Sat Oct 29 19:13:11 2016
12129 1 2 6 Sat Oct 29 19:13:11 2016
12129 1 0 9 Sat Oct 29 19:13:11 2016
12129 1 1 12 Sat Oct 29 19:13:11 2016
12129 1 2 13 Sat Oct 29 19:13:11 2016
12129 1 0 16 Sat Oct 29 19:13:11 2016
12129 1 1 19 Sat Oct 29 19:13:11 2016
12129 1 2 20 Sat Oct 29 19:13:11 2016
12129 1 0 23 Sat Oct 29 19:13:11 2016
12129 1 1 26 Sat Oct 29 19:13:11 2016
12129 1 2 27 Sat Oct 29 19:13:11 2016
12129 1 0 30 Sat Oct 29 19:13:11 2016
12129 1 1 33 Sat Oct 29 19:13:11 2016
12129 1 4 34 Sat Oct 29 19:13:11 2016
12129 1 5 37 Sat Oct 29 19:13:11 2016
16172 1 2 0 Sat Oct 29 20:08:34 2016
16219 1 2 0 Sat Oct 29 20:09:45 2016
16219 1 0 2 Sat Oct 29 20:09:45 2016
16219 1 1 5 Sat Oct 29 20:09:45 2016
16219 1 2 6 Sat Oct 29 20:09:45 2016
16219 1 0 9 Sat Oct 29 20:09:45 2016
16219 1 1 12 Sat Oct 29 20:09:45 2016
16219 1 2 13 Sat Oct 29 20:09:45 2016
16219 1 0 16 Sat Oct 29 20:09:45 2016
16219 1 1 19 Sat Oct 29 20:09:45 2016
16219 1 2 20 Sat Oct 29 20:09:45 2016
16219 1 0 23 Sat Oct 29 20:09:45 2016
16219 1 1 26 Sat Oct 29 20:09:45 2016
16219 1 2 27 Sat Oct 29 20:09:45 2016
16219 1 0 30 Sat Oct 29 20:09:45 2016
16219 1 1 33 Sat Oct 29 20:09:45 2016
16219 1 4 34 Sat Oct 29 20:09:45 2016
16219 1 5 37 Sat Oct 29 20:09:45 2016
16671 1 2 0 Sat Oct 29 20:24:28 2016
16671 1 0 2 Sat Oct 29 20:24:28 2016
16671 1 1 5 Sat Oct 29 20:24:28 2016
16671 1 2 6 Sat Oct 29 20:24:28 2016
16671 1 0 9 Sat Oct 29 20:24:28 2016
16671 1 1 12 Sat Oct 29 20:24:28 2016
16671 1 2 13 Sat Oct 29 20:24:28 2016
16671 1 0 16 Sat Oct 29 20:24:28 2016
16671 1 1 19 Sat Oct 29 20:24:28 2016
16671 1 2 20 Sat Oct 29 20:24:28 2016
16671 1 0 23 Sat Oct 29 20:24:28 2016
16671 1 1 26 Sat Oct 29 20:24:28 2016
16671 1 2 27 Sat Oct 29 20:24:28 2016
16671 1 0 30 Sat Oct 29 20:24:28 2016
16671 1 1 33 Sat Oct 29 20:24:28 2016
16671 1 4 34 Sat Oct 29 20:24:28 2016
16671 1 5 37 Sat Oct 29 20:24:28 2016
16688 1 2 0 Sat Oct 29 20:24:45 2016
16688 1 0 2 Sat Oct 29 20:24:45 2016
16688 1 1 5 Sat Oct 29 20:24:45 2016
16688 1 2 6 Sat Oct 29 20:24:45 2016
16688 1 0 9 Sat Oct 29 20:24:45 2016
16688 1 1 12 Sat Oct 29 20:24:45 2016
16688 1 2 13 Sat Oct 29 20:24:45 2016
16688 1 0 16 Sat Oct 29 20:24:45 2016
16688 1 1 19 Sat Oct 29 20:24:45 2016
16688 1 2 20 Sat Oct 29 20:24:45 2016
16688 1 0 23 Sat Oct 29 20:24:45 2016
16688 1 1 26 Sat Oct 29 20:24:45 2016
16688 1 2 27 Sat Oct 29 20:24:45 2016
16688 1 0 30 Sat Oct 29 20:24:45 2016
16688 1 1 33 Sat Oct 29 20:24:45 2016
16688 1 4 34 Sat Oct 29 20:24:45 2016
16688 1 5 37 Sat Oct 29 20:24:45 2016
16726 1 2 0 Sat Oct 29 20:25:17 2016
16726 1 0 2 Sat Oct 29 20:25:17 2016
16726 1 1 5 Sat Oct 29 20:25:17 2016
16726 1 2 6 Sat Oct 29 20:25:17 2016
16726 1 0 9 Sat Oct 29 20:25:17 2016
16726 1 1 12 Sat Oct 29 20:25:17 2016
16726 1 2 13 Sat Oct 29 20:25:17 2016
16726 1 0 16 Sat Oct 29 20:25:17 2016
16726 1 1 19 Sat Oct 29 20:25:17 2016
16726 1 2 20 Sat Oct 29 20:25:17 2016
16726 1 0 23 Sat Oct 29 20:25:17 2016
16726 1 1 26 Sat Oct 29 20:25:17 2016
16726 1 2 27 Sat Oct 29 20:25:17 2016
16726 1 0 30 Sat Oct 29 20:25:17 2016
16726 1 1 33 Sat Oct 29 20:25:17 2016
16726 1 4 34 Sat Oct 29 20:25:17 2016
16726 1 5 37 Sat Oct 29 20:25:17 2016
16738 1 2 0 Sat Oct 29 20:25:22 2016
16738 1 0 2 Sat Oct 29 20:26:29 2016
16778 1 2 0 Sat Oct 29 20:26:29 2016
16738 1 0 4 Sat Oct 29 20:26:29 2016
16738 1 1 7 Sat Oct 29 20:26:29 2016
16738 1 2 8 Sat Oct 29 20:26:29 2016
16808 1 2 0 Sat Oct 29 20:27:07 2016
16808 1 0 2 Sat Oct 29 20:27:07 2016
16808 1 1 5 Sat Oct 29 20:27:07 2016
16808 1 2 6 Sat Oct 29 20:27:07 2016
16808 1 0 9 Sat Oct 29 20:27:07 2016
16808 1 1 12 Sat Oct 29 20:27:07 2016
16808 1 2 13 Sat Oct 29 20:27:07 2016
16808 1 0 16 Sat Oct 29 20:27:07 2016
16808 1 1 19 Sat Oct 29 20:27:07 2016
16808 1 2 20 Sat Oct 29 20:27:07 2016
16808 1 0 23 Sat Oct 29 20:27:07 2016
16808 1 1 26 Sat Oct 29 20:27:07 2016
16808 1 2 27 Sat Oct 29 20:27:07 2016
16808 1 0 30 Sat Oct 29 20:27:07 2016
16808 1 1 33 Sat Oct 29 20:27:07 2016
16808 1 4 34 Sat Oct 29 20:27:07 2016
16808 1 5 37 Sat Oct 29 20:27:07 2016
16925 1 2 0 Sat Oct 29 20:32:19 2016
16925 1 0 2 Sat Oct 29 20:32:19 2016
16925 1 1 5 Sat Oct 29 20:32:19 2016
16925 1 2 6 Sat Oct 29 20:32:19 2016
16925 1 0 9 Sat Oct 29 20:32:19 2016
16925 1 1 12 Sat Oct 29 20:32:19 2016
16925 1 2 13 Sat Oct 29 20:32:19 2016
16925 1 0 16 Sat Oct 29 20:32:19 2016
16925 1 1 19 Sat Oct 29 20:32:19 2016
16925 1 2 20 Sat Oct 29 20:32:19 2016
16925 1 0 23 Sat Oct 29 20:32:19 2016
16925 1 1 26 Sat Oct 29 20:32:19 2016
16925 1 2 27 Sat Oct 29 20:32:19 2016
16925 1 0 30 Sat Oct 29 20:32:19 2016
16925 1 1 33 Sat Oct 29 20:32:19 2016
16925 1 4 34 Sat Oct 29 20:32:19 2016
16925 1 5 37 Sat Oct 29 20:32:19 2016
17073 1 2 0 Sat Oct 29 20:36:48 2016
17073 1 0 2 Sat Oct 29 20:36:48 2016
17073 1 1 5 Sat Oct 29 20:36:48 2016
17073 1 2 6 Sat Oct 29 20:36:48 2016
17073 1 0 9 Sat Oct 29 20:36:48 2016
17073 1 1 12 Sat Oct 29 20:36:48 2016
17073 1 2 13 Sat Oct 29 20:36:48 2016
17073 1 0 16 Sat Oct 29 20:36:48 2016
17073 1 1 19 Sat Oct 29 20:36:48 2016
17073 1 2 20 Sat Oct 29 20:36:48 2016
17073 1 0 23 Sat Oct 29 20:36:48 2016
17073 1 1 26 Sat Oct 29 20:36:48 2016
17073 1 2 27 Sat Oct 29 20:36:48 2016
17073 1 0 30 Sat Oct 29 20:36:48 2016
17073 1 1 33 Sat Oct 29 20:36:48 2016
17073 1 4 34 Sat Oct 29 20:36:48 2016
17073 1 5 37 Sat Oct 29 20:36:48 2016
17274 1 2 0 Sat Oct 29 20:43:38 2016
17274 1 0 2 Sat Oct 29 20:43:39 2016
17274 1 1 5 Sat Oct 29 20:43:39 2016
17274 1 2 6 Sat Oct 29 20:43:39 2016
17274 1 0 9 Sat Oct 29 20:43:39 2016
17274 1 1 12 Sat Oct 29 20:43:39 2016
17274 1 2 13 Sat Oct 29 20:43:39 2016
17274 1 0 16 Sat Oct 29 20:43:39 2016
17274 1 1 19 Sat Oct 29 20:43:39 2016
17274 1 2 20 Sat Oct 29 20:43:39 2016
17274 1 0 23 Sat Oct 29 20:43:39 2016
17274 1 1 26 Sat Oct 29 20:43:39 2016
17274 1 2 27 Sat Oct 29 20:43:39 2016
17274 1 0 30 Sat Oct 29 20:43:39 2016
17274 1 1 33 Sat Oct 29 20:43:39 2016
17274 1 4 34 Sat Oct 29 20:43:39 2016
17274 1 5 37 Sat Oct 29 20:43:39 2016
17282 1 2 0 Sat Oct 29 20:43:50 2016
17363 1 2 0 Sat Oct 29 20:46:39 2016
17363 1 0 2 Sat Oct 29 20:46:40 2016
17363 1 1 5 Sat Oct 29 20:46:40 2016
17363 1 2 6 Sat Oct 29 20:46:40 2016
17363 1 0 9 Sat Oct 29 20:46:40 2016
17363 1 1 12 Sat Oct 29 20:46:40 2016
17363 1 2 13 Sat Oct 29 20:46:40 2016
17363 1 0 16 Sat Oct 29 20:46:40 2016
17363 1 1 19 Sat Oct 29 20:46:40 2016
17363 1 2 20 Sat Oct 29 20:46:40 2016
17363 1 0 23 Sat Oct 29 20:46:40 2016
17363 1 1 26 Sat Oct 29 20:46:40 2016
17363 1 2 27 Sat Oct 29 20:46:40 2016
17363 1 0 30 Sat Oct 29 20:46:40 2016
17363 1 1 33 Sat Oct 29 20:46:40 2016
17363 1 4 34 Sat Oct 29 20:46:40 2016
17363 1 5 37 Sat Oct 29 20:46:40 2016
17590 1 2 0 Sat Oct 29 20:57:10 2016
17590 1 0 2 Sat Oct 29 20:57:10 2016
17590 1 1 5 Sat Oct 29 20:57:10 2016
17590 1 2 6 Sat Oct 29 20:57:10 2016
17590 1 0 9 Sat Oct 29 20:57:10 2016
17590 1 1 12 Sat Oct 29 20:57:10 2016
17590 1 2 13 Sat Oct 29 20:57:10 2016
17590 1 0 16 Sat Oct 29 20:57:10 2016
17590 1 1 19 Sat Oct 29 20:57:10 2016
17590 1 2 20 Sat Oct 29 20:57:10 2016
17590 1 0 23 Sat Oct 29 20:57:10 2016
17590 1 1 26 Sat Oct 29 20:57:10 2016
17590 1 2 27 Sat Oct 29 20:57:10 2016
17590 1 0 30 Sat Oct 29 20:57:10 2016
17590 1 1 33 Sat Oct 29 20:57:10 2016
17590 1 4 34 Sat Oct 29 20:57:10 2016
17590 1 5 37 Sat Oct 29 20:57:10 2016
17615 1 2 0 Sat Oct 29 20:57:47 2016
17624 1 2 0 Sat Oct 29 20:57:53 2016
17664 1 2 0 Sat Oct 29 20:58:53 2016
17664 1 0 2 Sat Oct 29 20:58:53 2016
17664 1 1 5 Sat Oct 29 20:58:53 2016
17664 1 2 6 Sat Oct 29 20:58:53 2016
17664 1 0 9 Sat Oct 29 20:58:53 2016
17664 1 0 12 Sat Oct 29 20:58:53 2016
17758 1 2 0 Sat Oct 29 21:02:37 2016
17758 1 0 2 Sat Oct 29 21:02:37 2016
17758 1 1 5 Sat Oct 29 21:02:37 2016
17758 1 2 6 Sat Oct 29 21:02:37 2016
17758 1 0 9 Sat Oct 29 21:02:37 2016
17758 1 1 12 Sat Oct 29 21:02:37 2016
17758 1 2 13 Sat Oct 29 21:02:37 2016
17758 1 0 16 Sat Oct 29 21:02:37 2016
17758 1 1 19 Sat Oct 29 21:02:37 2016
17758 1 2 20 Sat Oct 29 21:02:37 2016
17758 1 0 23 Sat Oct 29 21:02:37 2016
17758 1 1 26 Sat Oct 29 21:02:37 2016
17758 1 2 27 Sat Oct 29 21:02:37 2016
17758 1 0 30 Sat Oct 29 21:02:37 2016
17758 1 1 33 Sat Oct 29 21:02:37 2016
17758 1 4 34 Sat Oct 29 21:02:37 2016
17758 1 5 37 Sat Oct 29 21:02:37 2016
17769 1 2 0 Sat Oct 29 21:02:53 2016
17769 1 0 2 Sat Oct 29 21:02:53 2016
17769 1 1 5 Sat Oct 29 21:02:53 2016
17769 1 2 6 Sat Oct 29 21:02:53 2016
17769 1 0 9 Sat Oct 29 21:02:53 2016
17769 1 1 12 Sat Oct 29 21:02:53 2016
17769 1 2 13 Sat Oct 29 21:02:53 2016
17769 1 0 16 Sat Oct 29 21:02:53 2016
17769 1 1 19 Sat Oct 29 21:02:53 2016
17769 1 2 20 Sat Oct 29 21:02:53 2016
17769 1 0 23 Sat Oct 29 21:02:53 2016
17769 1 1 26 Sat Oct 29 21:02:53 2016
17769 1 2 27 Sat Oct 29 21:02:53 2016
17769 1 0 30 Sat Oct 29 21:02:53 2016
17769 1 1 33 Sat Oct 29 21:02:53 2016
17769 1 4 34 Sat Oct 29 21:02:53 2016
17769 1 5 37 Sat Oct 29 21:02:53 2016
17779 1 2 0 Sat Oct 29 21:02:59 2016
17779 1 0 2 Sat Oct 29 21:02:59 2016
17779 1 1 5 Sat Oct 29 21:02:59 2016
17779 1 2 6 Sat Oct 29 21:02:59 2016
17779 1 0 9 Sat Oct 29 21:02:59 2016
17779 1 1 12 Sat Oct 29 21:02:59 2016
17779 1 2 13 Sat Oct 29 21:02:59 2016
17779 1 0 16 Sat Oct 29 21:02:59 2016
17779 1 1 19 Sat Oct 29 21:02:59 2016
17779 1 2 20 Sat Oct 29 21:02:59 2016
17779 1 0 23 Sat Oct 29 21:02:59 2016
17779 1 1 26 Sat Oct 29 21:02:59 2016
17779 1 2 27 Sat Oct 29 21:02:59 2016
17779 1 0 30 Sat Oct 29 21:02:59 2016
17779 1 1 33 Sat Oct 29 21:02:59 2016
17779 1 4 34 Sat Oct 29 21:02:59 2016
17779 1 5 37 Sat Oct 29 21:02:59 2016
17791 1 2 0 Sat Oct 29 21:03:15 2016
17857 1 2 0 Sat Oct 29 21:06:41 2016
17857 1 0 2 Sat Oct 29 21:06:41 2016
17857 1 1 5 Sat Oct 29 21:06:41 2016
17857 1 2 6 Sat Oct 29 21:06:41 2016
17857 1 0 9 Sat Oct 29 21:06:41 2016
17857 1 1 12 Sat Oct 29 21:06:41 2016
17857 1 2 13 Sat Oct 29 21:06:41 2016
17857 1 0 16 Sat Oct 29 21:06:41 2016
17857 1 1 19 Sat Oct 29 21:06:41 2016
17857 1 2 20 Sat Oct 29 21:06:41 2016
17857 1 0 23 Sat Oct 29 21:06:41 2016
17857 1 1 26 Sat Oct 29 21:06:41 2016
17857 1 2 27 Sat Oct 29 21:06:41 2016
17857 1 0 30 Sat Oct 29 21:06:41 2016
17857 1 1 33 Sat Oct 29 21:06:41 2016
17857 1 4 34 Sat Oct 29 21:06:41 2016
17857 1 5 37 Sat Oct 29 21:06:41 2016
17872 1 2 0 Sat Oct 29 21:06:56 2016
17905 1 2 0 Sat Oct 29 21:07:59 2016
17905 1 0 2 Sat Oct 29 21:07:59 2016
17905 1 1 5 Sat Oct 29 21:07:59 2016
17905 1 2 6 Sat Oct 29 21:07:59 2016
17905 1 0 9 Sat Oct 29 21:07:59 2016
17905 1 1 12 Sat Oct 29 21:07:59 2016
17905 1 2 13 Sat Oct 29 21:07:59 2016
17905 1 0 16 Sat Oct 29 21:07:59 2016
17905 1 1 19 Sat Oct 29 21:07:59 2016
17905 1 2 20 Sat Oct 29 21:07:59 2016
17905 1 0 23 Sat Oct 29 21:07:59 2016
17905 1 1 26 Sat Oct 29 21:07:59 2016
17905 1 2 27 Sat Oct 29 21:07:59 2016
17905 1 0 30 Sat Oct 29 21:07:59 2016
17905 1 1 33 Sat Oct 29 21:07:59 2016
17905 1 4 34 Sat Oct 29 21:07:59 2016
17905 1 5 37 Sat Oct 29 21:07:59 2016
17914 1 2 0 Sat Oct 29 21:08:03 2016
17914 1 0 2 Sat Oct 29 21:08:03 2016
17914 1 1 5 Sat Oct 29 21:08:03 2016
17914 1 2 6 Sat Oct 29 21:08:03 2016
17914 1 0 9 Sat Oct 29 21:08:03 2016
17914 1 1 12 Sat Oct 29 21:08:03 2016
17914 1 2 13 Sat Oct 29 21:08:03 2016
17914 1 0 16 Sat Oct 29 21:08:03 2016
17914 1 1 19 Sat Oct 29 21:08:03 2016
17914 1 2 20 Sat Oct 29 21:08:03 2016
17914 1 0 23 Sat Oct 29 21:08:03 2016
17914 1 1 26 Sat Oct 29 21:08:03 2016
17914 1 2 27 Sat Oct 29 21:08:03 2016
17914 1 0 30 Sat Oct 29 21:08:03 2016
17914 1 1 33 Sat Oct 29 21:08:03 2016
17914 1 4 34 Sat Oct 29 21:08:03 2016
17914 1 5 37 Sat Oct 29 21:08:03 2016
17923 1 2 0 Sat Oct 29 21:08:07 2016
17923 1 0 2 Sat Oct 29 21:08:07 2016
17923 1 1 5 Sat Oct 29 21:08:07 2016
17923 1 2 6 Sat Oct 29 21:08:07 2016
17923 1 0 9 Sat Oct 29 21:08:07 2016
17923 1 1 12 Sat Oct 29 21:08:07 2016
17923 1 2 13 Sat Oct 29 21:08:07 2016
17923 1 0 16 Sat Oct 29 21:08:07 2016
17923 1 1 19 Sat Oct 29 21:08:07 2016
17923 1 2 20 Sat Oct 29 21:08:07 2016
17923 1 0 23 Sat Oct 29 21:08:07 2016
17923 1 1 26 Sat Oct 29 21:08:07 2016
17923 1 2 27 Sat Oct 29 21:08:07 2016
17923 1 0 30 Sat Oct 29 21:08:07 2016
17923 1 1 33 Sat Oct 29 21:08:07 2016
17923 1 4 34 Sat Oct 29 21:08:07 2016
17923 1 5 37 Sat Oct 29 21:08:07 2016
17932 1 2 0 Sat Oct 29 21:08:11 2016
17932 1 0 2 Sat Oct 29 21:08:11 2016
17932 1 1 5 Sat Oct 29 21:08:11 2016
17932 1 2 6 Sat Oct 29 21:08:11 2016
17932 1 0 9 Sat Oct 29 21:08:11 2016
17932 1 1 12 Sat Oct 29 21:08:11 2016
17932 1 2 13 Sat Oct 29 21:08:11 2016
17932 1 0 16 Sat Oct 29 21:08:11 2016
17932 1 1 19 Sat Oct 29 21:08:11 2016
17932 1 2 20 Sat Oct 29 21:08:11 2016
17932 1 0 23 Sat Oct 29 21:08:11 2016
17932 1 1 26 Sat Oct 29 21:08:11 2016
17932 1 2 27 Sat Oct 29 21:08:11 2016
17932 1 0 30 Sat Oct 29 21:08:11 2016
17932 1 1 33 Sat Oct 29 21:08:11 2016
17932 1 4 34 Sat Oct 29 21:08:11 2016
17932 1 5 37 Sat Oct 29 21:08:11 2016
17949 1 2 0 Sat Oct 29 21:08:14 2016
17958 1 2 0 Sat Oct 29 21:08:18 2016
17958 1 0 2 Sat Oct 29 21:08:18 2016
17958 1 1 5 Sat Oct 29 21:08:18 2016
17958 1 2 6 Sat Oct 29 21:08:18 2016
17958 1 0 9 Sat Oct 29 21:08:18 2016
17958 1 1 12 Sat Oct 29 21:08:18 2016
17958 1 2 13 Sat Oct 29 21:08:18 2016
17958 1 0 16 Sat Oct 29 21:08:18 2016
17958 1 1 19 Sat Oct 29 21:08:18 2016
17958 1 2 20 Sat Oct 29 21:08:18 2016
17958 1 0 23 Sat Oct 29 21:08:18 2016
17958 1 1 26 Sat Oct 29 21:08:18 2016
17958 1 2 27 Sat Oct 29 21:08:18 2016
17958 1 0 30 Sat Oct 29 21:08:18 2016
17958 1 1 33 Sat Oct 29 21:08:18 2016
17958 1 4 34 Sat Oct 29 21:08:18 2016
17958 1 5 37 Sat Oct 29 21:08:18 2016
17970 1 2 0 Sat Oct 29 21:08:20 2016
17984 1 2 0 Sat Oct 29 21:08:37 2016
17984 1 0 2 Sat Oct 29 21:08:37 2016
17984 1 1 5 Sat Oct 29 21:08:37 2016
17984 1 2 6 Sat Oct 29 21:08:37 2016
17984 1 0 9 Sat Oct 29 21:08:37 2016
17984 1 1 12 Sat Oct 29 21:08:37 2016
17984 1 2 13 Sat Oct 29 21:08:37 2016
17984 1 0 16 Sat Oct 29 21:08:37 2016
17984 1 1 19 Sat Oct 29 21:08:37 2016
17984 1 2 20 Sat Oct 29 21:08:37 2016
17984 1 0 23 Sat Oct 29 21:08:37 2016
17984 1 1 26 Sat Oct 29 21:08:37 2016
17984 1 2 27 Sat Oct 29 21:08:37 2016
17984 1 0 30 Sat Oct 29 21:08:37 2016
17984 1 1 33 Sat Oct 29 21:08:37 2016
17984 1 4 34 Sat Oct 29 21:08:37 2016
17984 1 5 37 Sat Oct 29 21:08:37 2016
17994 1 2 0 Sat Oct 29 21:08:47 2016
17994 1 0 2 Sat Oct 29 21:08:47 2016
17994 1 1 5 Sat Oct 29 21:08:47 2016
17994 1 2 6 Sat Oct 29 21:08:47 2016
17994 1 0 9 Sat Oct 29 21:08:47 2016
17994 1 1 12 Sat Oct 29 21:08:47 2016
17994 1 2 13 Sat Oct 29 21:08:47 2016
17994 1 0 16 Sat Oct 29 21:08:47 2016
17994 1 1 19 Sat Oct 29 21:08:47 2016
17994 1 2 20 Sat Oct 29 21:08:47 2016
17994 1 0 23 Sat Oct 29 21:08:47 2016
17994 1 1 26 Sat Oct 29 21:08:47 2016
17994 1 2 27 Sat Oct 29 21:08:47 2016
17994 1 0 30 Sat Oct 29 21:08:47 2016
17994 1 1 33 Sat Oct 29 21:08:47 2016
17994 1 4 34 Sat Oct 29 21:08:47 2016
17994 1 5 37 Sat Oct 29 21:08:47 2016
18004 1 2 0 Sat Oct 29 21:08:56 2016
18017 1 2 0 Sat Oct 29 21:09:08 2016
18038 1 2 0 Sat Oct 29 21:09:40 2016
18038 1 0 2 Sat Oct 29 21:09:40 2016
18038 1 1 5 Sat Oct 29 21:09:40 2016
18038 1 2 6 Sat Oct 29 21:09:40 2016
18038 1 0 9 Sat Oct 29 21:09:40 2016
18038 1 1 12 Sat Oct 29 21:09:40 2016
18038 1 2 13 Sat Oct 29 21:09:40 2016
18038 1 0 16 Sat Oct 29 21:09:40 2016
18038 1 1 19 Sat Oct 29 21:09:40 2016
18038 1 2 20 Sat Oct 29 21:09:40 2016
18038 1 0 23 Sat Oct 29 21:09:40 2016
18038 1 1 26 Sat Oct 29 21:09:40 2016
18038 1 2 27 Sat Oct 29 21:09:40 2016
18038 1 0 30 Sat Oct 29 21:09:40 2016
18038 1 1 33 Sat Oct 29 21:09:40 2016
18038 1 4 34 Sat Oct 29 21:09:40 2016
18087 1 2 0 Sat Oct 29 21:12:14 2016
18087 1 0 2 Sat Oct 29 21:12:15 2016
18087 1 1 5 Sat Oct 29 21:12:15 2016
18087 1 2 6 Sat Oct 29 21:12:15 2016
18087 1 0 9 Sat Oct 29 21:12:15 2016
18087 1 1 12 Sat Oct 29 21:12:15 2016
18087 1 2 13 Sat Oct 29 21:12:15 2016
18087 1 0 16 Sat Oct 29 21:12:15 2016
18087 1 1 19 Sat Oct 29 21:12:15 2016
18087 1 2 20 Sat Oct 29 21:12:15 2016
18087 1 0 23 Sat Oct 29 21:12:15 2016
18087 1 1 26 Sat Oct 29 21:12:15 2016
18087 1 2 27 Sat Oct 29 21:12:15 2016
18087 1 0 30 Sat Oct 29 21:12:15 2016
18087 1 1 33 Sat Oct 29 21:12:15 2016
18087 1 4 34 Sat Oct 29 21:12:15 2016
18087 1 5 37 Sat Oct 29 21:12:15 2016
18331 1 2 0 Sat Oct 29 21:15:03 2016
18331 1 0 2 Sat Oct 29 21:15:03 2016
18331 1 1 5 Sat Oct 29 21:15:03 2016
18331 1 2 6 Sat Oct 29 21:15:03 2016
18331 1 0 9 Sat Oct 29 21:15:03 2016
18331 1 1 12 Sat Oct 29 21:15:03 2016
18331 1 2 13 Sat Oct 29 21:15:03 2016
18331 1 0 16 Sat Oct 29 21:15:03 2016
18331 1 1 19 Sat Oct 29 21:15:03 2016
18331 1 2 20 Sat Oct 29 21:15:03 2016
18331 1 0 23 Sat Oct 29 21:15:03 2016
18331 1 1 26 Sat Oct 29 21:15:03 2016
18331 1 2 27 Sat Oct 29 21:15:03 2016
18331 1 0 30 Sat Oct 29 21:15:03 2016
18331 1 1 33 Sat Oct 29 21:15:03 2016
18331 1 4 34 Sat Oct 29 21:15:03 2016
18331 1 5 37 Sat Oct 29 21:15:03 2016
18345 1 2 0 Sat Oct 29 21:15:14 2016
18345 1 0 2 Sat Oct 29 21:15:14 2016
18345 1 1 5 Sat Oct 29 21:15:14 2016
18345 1 2 6 Sat Oct 29 21:15:14 2016
18345 1 0 9 Sat Oct 29 21:15:14 2016
18345 1 1 12 Sat Oct 29 21:15:14 2016
18345 1 2 13 Sat Oct 29 21:15:14 2016
18345 1 0 16 Sat Oct 29 21:15:14 2016
18345 1 1 19 Sat Oct 29 21:15:14 2016
18345 1 2 20 Sat Oct 29 21:15:14 2016
18345 1 0 23 Sat Oct 29 21:15:14 2016
18345 1 1 26 Sat Oct 29 21:15:14 2016
18345 1 2 27 Sat Oct 29 21:15:14 2016
18345 1 0 30 Sat Oct 29 21:15:14 2016
18345 1 1 33 Sat Oct 29 21:15:14 2016
18345 1 4 34 Sat Oct 29 21:15:14 2016
18345 1 5 37 Sat Oct 29 21:15:14 2016
18357 1 2 0 Sat Oct 29 21:15:21 2016
18357 1 0 2 Sat Oct 29 21:15:21 2016
18357 1 1 5 Sat Oct 29 21:15:21 2016
18357 1 2 6 Sat Oct 29 21:15:21 2016
18357 1 0 9 Sat Oct 29 21:15:21 2016
18357 1 1 12 Sat Oct 29 21:15:21 2016
18357 1 2 13 Sat Oct 29 21:15:21 2016
18357 1 0 16 Sat Oct 29 21:15:21 2016
18357 1 1 19 Sat Oct 29 21:15:21 2016
18357 1 2 20 Sat Oct 29 21:15:21 2016
18357 1 0 23 Sat Oct 29 21:15:21 2016
18357 1 1 26 Sat Oct 29 21:15:21 2016
18357 1 2 27 Sat Oct 29 21:15:21 2016
18357 1 0 30 Sat Oct 29 21:15:21 2016
18357 1 1 33 Sat Oct 29 21:15:21 2016
18357 1 4 34 Sat Oct 29 21:15:21 2016
18357 1 5 37 Sat Oct 29 21:15:21 2016
18366 1 2 0 Sat Oct 29 21:15:24 2016
18379 1 2 0 Sat Oct 29 21:15:37 2016
18379 1 0 2 Sat Oct 29 21:15:37 2016
18379 1 1 5 Sat Oct 29 21:15:37 2016
18379 1 2 6 Sat Oct 29 21:15:37 2016
18379 1 0 9 Sat Oct 29 21:15:37 2016
18379 1 1 12 Sat Oct 29 21:15:37 2016
18379 1 2 13 Sat Oct 29 21:15:37 2016
18379 1 0 16 Sat Oct 29 21:15:37 2016
18379 1 1 19 Sat Oct 29 21:15:37 2016
18379 1 2 20 Sat Oct 29 21:15:37 2016
18379 1 0 23 Sat Oct 29 21:15:37 2016
18379 1 1 26 Sat Oct 29 21:15:37 2016
18379 1 2 27 Sat Oct 29 21:15:37 2016
18379 1 0 30 Sat Oct 29 21:15:37 2016
18379 1 1 33 Sat Oct 29 21:15:37 2016
18379 1 4 34 Sat Oct 29 21:15:37 2016
18379 1 5 37 Sat Oct 29 21:15:37 2016
18405 1 2 0 Sat Oct 29 21:16:01 2016
18405 1 0 2 Sat Oct 29 21:16:02 2016
18405 1 1 5 Sat Oct 29 21:16:02 2016
18405 1 2 6 Sat Oct 29 21:16:02 2016
18405 1 0 9 Sat Oct 29 21:16:02 2016
18405 1 1 12 Sat Oct 29 21:16:02 2016
18405 1 2 13 Sat Oct 29 21:16:02 2016
18405 1 0 16 Sat Oct 29 21:16:02 2016
18405 1 1 19 Sat Oct 29 21:16:02 2016
18405 1 2 20 Sat Oct 29 21:16:02 2016
18405 1 0 23 Sat Oct 29 21:16:02 2016
18405 1 1 26 Sat Oct 29 21:16:02 2016
18405 1 2 27 Sat Oct 29 21:16:02 2016
18405 1 0 30 Sat Oct 29 21:16:02 2016
18405 1 1 33 Sat Oct 29 21:16:02 2016
18405 1 4 34 Sat Oct 29 21:16:02 2016
18405 1 5 37 Sat Oct 29 21:16:02 2016
18420 1 2 0 Sat Oct 29 21:16:11 2016
18446 1 2 0 Sat Oct 29 21:16:36 2016
18446 1 0 2 Sat Oct 29 21:16:36 2016
18446 1 1 5 Sat Oct 29 21:16:36 2016
18446 1 2 6 Sat Oct 29 21:16:36 2016
18446 1 0 9 Sat Oct 29 21:16:36 2016
18446 1 1 12 Sat Oct 29 21:16:36 2016
18446 1 2 13 Sat Oct 29 21:16:36 2016
18446 1 0 16 Sat Oct 29 21:16:36 2016
18446 1 1 19 Sat Oct 29 21:16:36 2016
18446 1 2 20 Sat Oct 29 21:16:36 2016
18446 1 0 23 Sat Oct 29 21:16:36 2016
18446 1 1 26 Sat Oct 29 21:16:36 2016
18446 1 2 27 Sat Oct 29 21:16:36 2016
18446 1 0 30 Sat Oct 29 21:16:36 2016
18446 1 1 33 Sat Oct 29 21:16:36 2016
18446 1 4 34 Sat Oct 29 21:16:36 2016
18446 1 5 37 Sat Oct 29 21:16:36 2016
18450 1 2 0 Sat Oct 29 21:16:42 2016
18469 1 2 0 Sat Oct 29 21:16:57 2016
18469 1 0 2 Sat Oct 29 21:16:57 2016
18469 1 1 5 Sat Oct 29 21:16:57 2016
18469 1 2 6 Sat Oct 29 21:16:57 2016
18469 1 0 9 Sat Oct 29 21:16:57 2016
18469 1 1 12 Sat Oct 29 21:16:57 2016
18469 1 2 13 Sat Oct 29 21:16:57 2016
18469 1 0 16 Sat Oct 29 21:16:57 2016
18469 1 1 19 Sat Oct 29 21:16:57 2016
18469 1 2 20 Sat Oct 29 21:16:57 2016
18469 1 0 23 Sat Oct 29 21:16:57 2016
18469 1 1 26 Sat Oct 29 21:16:57 2016
18469 1 2 27 Sat Oct 29 21:16:57 2016
18469 1 0 30 Sat Oct 29 21:16:57 2016
18469 1 1 33 Sat Oct 29 21:16:57 2016
18469 1 4 34 Sat Oct 29 21:16:57 2016
18469 1 5 37 Sat Oct 29 21:16:57 2016
18581 1 2 0 Sat Oct 29 21:20:20 2016
18581 1 0 2 Sat Oct 29 21:20:20 2016
18581 1 1 5 Sat Oct 29 21:20:20 2016
18581 1 2 6 Sat Oct 29 21:20:20 2016
18581 1 0 9 Sat Oct 29 21:20:20 2016
18581 1 1 12 Sat Oct 29 21:20:20 2016
18581 1 2 13 Sat Oct 29 21:20:20 2016
18581 1 0 16 Sat Oct 29 21:20:20 2016
18581 1 1 19 Sat Oct 29 21:20:20 2016
18581 1 2 20 Sat Oct 29 21:20:20 2016
18581 1 0 23 Sat Oct 29 21:20:20 2016
18581 1 1 26 Sat Oct 29 21:20:20 2016
18581 1 2 27 Sat Oct 29 21:20:20 2016
18581 1 0 30 Sat Oct 29 21:20:20 2016
18581 1 1 33 Sat Oct 29 21:20:20 2016
18581 1 4 34 Sat Oct 29 21:20:20 2016
18581 1 5 37 Sat Oct 29 21:20:20 2016
18593 1 2 0 Sat Oct 29 21:20:24 2016
18605 1 2 0 Sat Oct 29 21:20:35 2016
18605 1 0 2 Sat Oct 29 21:20:35 2016
18605 1 1 5 Sat Oct 29 21:20:35 2016
18605 1 2 6 Sat Oct 29 21:20:35 2016
18605 1 0 9 Sat Oct 29 21:20:35 2016
18605 1 1 12 Sat Oct 29 21:20:35 2016
18605 1 2 13 Sat Oct 29 21:20:35 2016
18605 1 0 16 Sat Oct 29 21:20:35 2016
18605 1 1 19 Sat Oct 29 21:20:35 2016
18605 1 2 20 Sat Oct 29 21:20:35 2016
18605 1 0 23 Sat Oct 29 21:20:35 2016
18605 1 1 26 Sat Oct 29 21:20:35 2016
18605 1 2 27 Sat Oct 29 21:20:35 2016
18605 1 0 30 Sat Oct 29 21:20:35 2016
18605 1 1 33 Sat Oct 29 21:20:35 2016
18605 1 4 34 Sat Oct 29 21:20:35 2016
18605 1 5 37 Sat Oct 29 21:20:35 2016
18614 1 2 0 Sat Oct 29 21:20:37 2016
18628 1 2 0 Sat Oct 29 21:20:52 2016
18628 1 0 2 Sat Oct 29 21:20:52 2016
18628 1 1 5 Sat Oct 29 21:20:52 2016
18628 1 2 6 Sat Oct 29 21:20:52 2016
18628 1 0 9 Sat Oct 29 21:20:52 2016
18628 1 1 12 Sat Oct 29 21:20:52 2016
18628 1 2 13 Sat Oct 29 21:20:52 2016
18628 1 0 16 Sat Oct 29 21:20:52 2016
18628 1 1 19 Sat Oct 29 21:20:52 2016
18628 1 2 20 Sat Oct 29 21:20:52 2016
18628 1 0 23 Sat Oct 29 21:20:52 2016
18628 1 1 26 Sat Oct 29 21:20:52 2016
18628 1 2 27 Sat Oct 29 21:20:52 2016
18628 1 0 30 Sat Oct 29 21:20:52 2016
18628 1 1 33 Sat Oct 29 21:20:52 2016
18628 1 4 34 Sat Oct 29 21:20:52 2016
18628 1 5 37 Sat Oct 29 21:20:52 2016
18637 1 2 0 Sat Oct 29 21:20:57 2016
18637 1 0 2 Sat Oct 29 21:20:57 2016
18637 1 1 5 Sat Oct 29 21:20:57 2016
18637 1 2 6 Sat Oct 29 21:20:57 2016
18637 1 0 9 Sat Oct 29 21:20:57 2016
18637 1 1 12 Sat Oct 29 21:20:57 2016
18637 1 2 13 Sat Oct 29 21:20:57 2016
18637 1 0 16 Sat Oct 29 21:20:57 2016
18637 1 1 19 Sat Oct 29 21:20:57 2016
18637 1 2 20 Sat Oct 29 21:20:57 2016
18637 1 0 23 Sat Oct 29 21:20:57 2016
18637 1 1 26 Sat Oct 29 21:20:57 2016
18637 1 2 27 Sat Oct 29 21:20:57 2016
18637 1 0 30 Sat Oct 29 21:20:57 2016
18637 1 1 33 Sat Oct 29 21:20:57 2016
18637 1 4 34 Sat Oct 29 21:20:57 2016
18637 1 5 37 Sat Oct 29 21:20:57 2016
18647 1 2 0 Sat Oct 29 21:21:00 2016
18647 1 0 2 Sat Oct 29 21:21:00 2016
18647 1 1 5 Sat Oct 29 21:21:00 2016
18647 1 2 6 Sat Oct 29 21:21:00 2016
18647 1 0 9 Sat Oct 29 21:21:00 2016
18647 1 1 12 Sat Oct 29 21:21:00 2016
18647 1 2 13 Sat Oct 29 21:21:00 2016
18647 1 0 16 Sat Oct 29 21:21:00 2016
18647 1 1 19 Sat Oct 29 21:21:00 2016
18647 1 2 20 Sat Oct 29 21:21:00 2016
18647 1 0 23 Sat Oct 29 21:21:00 2016
18647 1 1 26 Sat Oct 29 21:21:00 2016
18647 1 2 27 Sat Oct 29 21:21:00 2016
18647 1 0 30 Sat Oct 29 21:21:00 2016
18647 1 1 33 Sat Oct 29 21:21:00 2016
18647 1 4 34 Sat Oct 29 21:21:00 2016
18647 1 5 37 Sat Oct 29 21:21:00 2016
18713 1 2 0 Sat Oct 29 21:21:51 2016
18713 1 0 2 Sat Oct 29 21:21:54 2016
18713 1 1 5 Sat Oct 29 21:21:54 2016
18713 1 2 6 Sat Oct 29 21:21:54 2016
18713 1 0 9 Sat Oct 29 21:21:54 2016
18713 1 1 12 Sat Oct 29 21:21:54 2016
18713 1 2 13 Sat Oct 29 21:21:54 2016
18713 1 0 16 Sat Oct 29 21:21:54 2016
18713 1 1 19 Sat Oct 29 21:21:54 2016
18713 1 2 20 Sat Oct 29 21:21:54 2016
18713 1 0 23 Sat Oct 29 21:21:54 2016
18713 1 1 26 Sat Oct 29 21:21:54 2016
18713 1 2 27 Sat Oct 29 21:21:54 2016
18713 1 0 30 Sat Oct 29 21:21:54 2016
18713 1 1 33 Sat Oct 29 21:21:54 2016
18713 1 4 34 Sat Oct 29 21:21:54 2016
18713 1 5 37 Sat Oct 29 21:21:54 2016
18781 1 2 0 Sat Oct 29 21:22:02 2016
18781 1 0 2 Sat Oct 29 21:22:04 2016
18781 1 1 5 Sat Oct 29 21:22:04 2016
18781 1 2 6 Sat Oct 29 21:22:04 2016
18781 1 0 9 Sat Oct 29 21:22:04 2016
18781 1 1 12 Sat Oct 29 21:22:04 2016
18781 1 2 13 Sat Oct 29 21:22:04 2016
18781 1 0 16 Sat Oct 29 21:22:04 2016
18781 1 1 19 Sat Oct 29 21:22:04 2016
18781 1 2 20 Sat Oct 29 21:22:04 2016
18781 1 0 23 Sat Oct 29 21:22:04 2016
18781 1 1 26 Sat Oct 29 21:22:04 2016
18781 1 2 27 Sat Oct 29 21:22:04 2016
18781 1 0 30 Sat Oct 29 21:22:04 2016
18781 1 1 33 Sat Oct 29 21:22:04 2016
18781 1 4 34 Sat Oct 29 21:22:04 2016
18781 1 5 37 Sat Oct 29 21:22:04 2016
18840 1 2 0 Sat Oct 29 21:22:12 2016
18840 1 0 2 Sat Oct 29 21:22:14 2016
18840 1 1 5 Sat Oct 29 21:22:14 2016
18840 1 2 6 Sat Oct 29 21:22:14 2016
18840 1 0 9 Sat Oct 29 21:22:14 2016
18840 1 1 12 Sat Oct 29 21:22:14 2016
18840 1 2 13 Sat Oct 29 21:22:14 2016
18840 1 0 16 Sat Oct 29 21:22:14 2016
18840 1 1 19 Sat Oct 29 21:22:14 2016
18840 1 2 20 Sat Oct 29 21:22:14 2016
18840 1 0 23 Sat Oct 29 21:22:14 2016
18840 1 1 26 Sat Oct 29 21:22:14 2016
18840 1 2 27 Sat Oct 29 21:22:14 2016
18840 1 0 30 Sat Oct 29 21:22:14 2016
18840 1 1 33 Sat Oct 29 21:22:14 2016
18840 1 4 34 Sat Oct 29 21:22:14 2016
18840 1 5 37 Sat Oct 29 21:22:14 2016
18895 1 2 0 Sat Oct 29 21:22:18 2016
18895 1 0 2 Sat Oct 29 21:22:20 2016
18895 1 1 5 Sat Oct 29 21:22:20 2016
18895 1 2 6 Sat Oct 29 21:22:20 2016
18895 1 0 9 Sat Oct 29 21:22:20 2016
18895 1 1 12 Sat Oct 29 21:22:20 2016
18895 1 2 13 Sat Oct 29 21:22:20 2016
18895 1 0 16 Sat Oct 29 21:22:20 2016
18895 1 1 19 Sat Oct 29 21:22:20 2016
18895 1 2 20 Sat Oct 29 21:22:20 2016
18895 1 0 23 Sat Oct 29 21:22:20 2016
18895 1 1 26 Sat Oct 29 21:22:20 2016
18895 1 2 27 Sat Oct 29 21:22:20 2016
18895 1 0 30 Sat Oct 29 21:22:20 2016
18895 1 1 33 Sat Oct 29 21:22:20 2016
18895 1 4 34 Sat Oct 29 21:22:20 2016
18895 1 5 37 Sat Oct 29 21:22:20 2016
18953 1 2 0 Sat Oct 29 21:22:27 2016
18953 1 0 2 Sat Oct 29 21:22:29 2016
18953 1 1 5 Sat Oct 29 21:22:29 2016
18953 1 2 6 Sat Oct 29 21:22:29 2016
18953 1 0 9 Sat Oct 29 21:22:29 2016
18953 1 1 12 Sat Oct 29 21:22:29 2016
18953 1 2 13 Sat Oct 29 21:22:29 2016
18953 1 0 16 Sat Oct 29 21:22:29 2016
18953 1 1 19 Sat Oct 29 21:22:29 2016
18953 1 2 20 Sat Oct 29 21:22:29 2016
18953 1 0 23 Sat Oct 29 21:22:29 2016
18953 1 1 26 Sat Oct 29 21:22:29 2016
18953 1 2 27 Sat Oct 29 21:22:29 2016
18953 1 0 30 Sat Oct 29 21:22:29 2016
18953 1 1 33 Sat Oct 29 21:22:29 2016
18953 1 4 34 Sat Oct 29 21:22:29 2016
18953 1 5 37 Sat Oct 29 21:22:29 2016
19008 1 2 0 Sat Oct 29 21:22:37 2016
19008 1 0 2 Sat Oct 29 21:22:39 2016
19008 1 1 5 Sat Oct 29 21:22:39 2016
19008 1 2 6 Sat Oct 29 21:22:39 2016
19008 1 0 9 Sat Oct 29 21:22:39 2016
19008 1 1 12 Sat Oct 29 21:22:39 2016
19008 1 2 13 Sat Oct 29 21:22:39 2016
19008 1 0 16 Sat Oct 29 21:22:39 2016
19008 1 1 19 Sat Oct 29 21:22:39 2016
19008 1 2 20 Sat Oct 29 21:22:39 2016
19008 1 0 23 Sat Oct 29 21:22:39 2016
19008 1 1 26 Sat Oct 29 21:22:39 2016
19008 1 2 27 Sat Oct 29 21:22:39 2016
19008 1 0 30 Sat Oct 29 21:22:39 2016
19008 1 1 33 Sat Oct 29 21:22:39 2016
19008 1 4 34 Sat Oct 29 21:22:39 2016
19008 1 5 37 Sat Oct 29 21:22:39 2016
19093 1 2 0 Sat Oct 29 21:22:46 2016
19260 1 2 0 Sat Oct 29 21:27:12 2016
19260 1 0 2 Sat Oct 29 21:27:15 2016
19260 1 1 5 Sat Oct 29 21:27:15 2016
19260 1 2 6 Sat Oct 29 21:27:15 2016
19260 1 0 9 Sat Oct 29 21:27:15 2016
19260 1 1 12 Sat Oct 29 21:27:15 2016
19260 1 2 13 Sat Oct 29 21:27:15 2016
19260 1 0 16 Sat Oct 29 21:27:15 2016
19260 1 1 19 Sat Oct 29 21:27:15 2016
19260 1 2 20 Sat Oct 29 21:27:15 2016
19260 1 0 23 Sat Oct 29 21:27:15 2016
19260 1 1 26 Sat Oct 29 21:27:15 2016
19260 1 2 27 Sat Oct 29 21:27:15 2016
19260 1 0 30 Sat Oct 29 21:27:15 2016
19260 1 1 33 Sat Oct 29 21:27:15 2016
19260 1 4 34 Sat Oct 29 21:27:15 2016
19260 1 5 37 Sat Oct 29 21:27:15 2016
19366 1 2 0 Sat Oct 29 21:27:22 2016
19366 1 0 2 Sat Oct 29 21:27:22 2016
19366 1 1 5 Sat Oct 29 21:27:22 2016
19366 1 2 6 Sat Oct 29 21:27:22 2016
19366 1 0 9 Sat Oct 29 21:27:22 2016
19366 1 1 12 Sat Oct 29 21:27:22 2016
19366 1 2 13 Sat Oct 29 21:27:22 2016
19366 1 0 16 Sat Oct 29 21:27:22 2016
19366 1 1 19 Sat Oct 29 21:27:22 2016
19366 1 2 20 Sat Oct 29 21:27:22 2016
19366 1 0 23 Sat Oct 29 21:27:22 2016
19366 1 1 26 Sat Oct 29 21:27:22 2016
19366 1 2 27 Sat Oct 29 21:27:22 2016
19366 1 0 30 Sat Oct 29 21:27:22 2016
19366 1 1 33 Sat Oct 29 21:27:22 2016
19366 1 4 34 Sat Oct 29 21:27:22 2016
19366 1 5 37 Sat Oct 29 21:27:22 2016
19394 1 2 0 Sat Oct 29 21:27:27 2016
19394 1 0 2 Sat Oct 29 21:27:29 2016
19394 1 1 5 Sat Oct 29 21:27:29 2016
19394 1 2 6 Sat Oct 29 21:27:29 2016
19394 1 0 9 Sat Oct 29 21:27:29 2016
19394 1 1 12 Sat Oct 29 21:27:29 2016
19394 1 2 13 Sat Oct 29 21:27:29 2016
19394 1 0 16 Sat Oct 29 21:27:29 2016
19394 1 1 19 Sat Oct 29 21:27:29 2016
19394 1 2 20 Sat Oct 29 21:27:29 2016
19394 1 0 23 Sat Oct 29 21:27:29 2016
19394 1 1 26 Sat Oct 29 21:27:29 2016
19394 1 2 27 Sat Oct 29 21:27:29 2016
19394 1 0 30 Sat Oct 29 21:27:29 2016
19394 1 1 33 Sat Oct 29 21:27:29 2016
19394 1 4 34 Sat Oct 29 21:27:29 2016
19394 1 5 37 Sat Oct 29 21:27:29 2016
19394 1 5 39 Sat Oct 29 21:27:29 2016
19558 1 2 0 Sat Oct 29 21:33:13 2016
19558 1 0 2 Sat Oct 29 21:33:13 2016
19558 1 1 5 Sat Oct 29 21:33:13 2016
19558 1 2 6 Sat Oct 29 21:33:13 2016
19558 1 0 9 Sat Oct 29 21:33:13 2016
19558 1 1 12 Sat Oct 29 21:33:13 2016
19558 1 2 13 Sat Oct 29 21:33:13 2016
19558 1 0 16 Sat Oct 29 21:33:13 2016
19558 1 1 19 Sat Oct 29 21:33:13 2016
19558 1 2 20 Sat Oct 29 21:33:13 2016
19558 1 0 23 Sat Oct 29 21:33:13 2016
19558 1 1 26 Sat Oct 29 21:33:13 2016
19558 1 2 27 Sat Oct 29 21:33:13 2016
19558 1 0 30 Sat Oct 29 21:33:13 2016
19558 1 1 33 Sat Oct 29 21:33:13 2016
19558 1 4 34 Sat Oct 29 21:33:13 2016
19558 1 5 37 Sat Oct 29 21:33:13 2016
19567 1 2 0 Sat Oct 29 21:33:16 2016
19581 1 2 0 Sat Oct 29 21:33:31 2016
19581 1 0 2 Sat Oct 29 21:33:31 2016
19581 1 1 5 Sat Oct 29 21:33:31 2016
19581 1 2 6 Sat Oct 29 21:33:31 2016
19581 1 0 9 Sat Oct 29 21:33:31 2016
19581 1 1 12 Sat Oct 29 21:33:31 2016
19581 1 2 13 Sat Oct 29 21:33:31 2016
19581 1 0 16 Sat Oct 29 21:33:31 2016
19581 1 1 19 Sat Oct 29 21:33:31 2016
19581 1 2 20 Sat Oct 29 21:33:31 2016
19581 1 0 23 Sat Oct 29 21:33:31 2016
19581 1 1 26 Sat Oct 29 21:33:31 2016
19581 1 2 27 Sat Oct 29 21:33:31 2016
19581 1 0 30 Sat Oct 29 21:33:31 2016
19581 1 1 33 Sat Oct 29 21:33:31 2016
19581 1 4 34 Sat Oct 29 21:33:31 2016
19581 1 5 37 Sat Oct 29 21:33:31 2016
19667 1 2 0 Sat Oct 29 21:35:13 2016
19667 1 0 2 Sat Oct 29 21:35:13 2016
19667 1 1 5 Sat Oct 29 21:35:13 2016
19667 1 2 6 Sat Oct 29 21:35:13 2016
19667 1 0 9 Sat Oct 29 21:35:13 2016
19667 1 1 12 Sat Oct 29 21:35:13 2016
19667 1 2 13 Sat Oct 29 21:35:13 2016
19667 1 0 16 Sat Oct 29 21:35:13 2016
19667 1 1 19 Sat Oct 29 21:35:13 2016
19667 1 2 20 Sat Oct 29 21:35:13 2016
19667 1 0 23 Sat Oct 29 21:35:13 2016
19667 1 1 26 Sat Oct 29 21:35:13 2016
19667 1 2 27 Sat Oct 29 21:35:13 2016
19667 1 0 30 Sat Oct 29 21:35:13 2016
19667 1 1 33 Sat Oct 29 21:35:13 2016
19667 1 4 34 Sat Oct 29 21:35:13 2016
19667 1 5 37 Sat Oct 29 21:35:13 2016
19834 1 2 0 Sat Oct 29 21:41:27 2016
19834 1 0 2 Sat Oct 29 21:41:27 2016
19834 1 1 5 Sat Oct 29 21:41:27 2016
19834 1 2 6 Sat Oct 29 21:41:27 2016
19834 1 0 9 Sat Oct 29 21:41:27 2016
19834 1 1 12 Sat Oct 29 21:41:27 2016
19834 1 2 13 Sat Oct 29 21:41:27 2016
19834 1 0 16 Sat Oct 29 21:41:27 2016
19834 1 1 19 Sat Oct 29 21:41:27 2016
19834 1 2 20 Sat Oct 29 21:41:27 2016
19834 1 0 23 Sat Oct 29 21:41:27 2016
19834 1 1 26 Sat Oct 29 21:41:27 2016
19834 1 2 27 Sat Oct 29 21:41:27 2016
19834 1 0 30 Sat Oct 29 21:41:27 2016
19834 1 1 33 Sat Oct 29 21:41:27 2016
19834 1 4 34 Sat Oct 29 21:41:27 2016
19834 1 5 37 Sat Oct 29 21:41:27 2016
19859 1 2 0 Sat Oct 29 21:42:28 2016
19859 1 0 2 Sat Oct 29 21:42:28 2016
19859 1 1 5 Sat Oct 29 21:42:28 2016
19859 1 2 6 Sat Oct 29 21:42:28 2016
19859 1 0 9 Sat Oct 29 21:42:28 2016
19859 1 1 12 Sat Oct 29 21:42:28 2016
19859 1 2 13 Sat Oct 29 21:42:28 2016
19859 1 0 16 Sat Oct 29 21:42:28 2016
19859 1 1 19 Sat Oct 29 21:42:28 2016
19859 1 2 20 Sat Oct 29 21:42:28 2016
19859 1 0 23 Sat Oct 29 21:42:28 2016
19859 1 1 26 Sat Oct 29 21:42:28 2016
19859 1 2 27 Sat Oct 29 21:42:28 2016
19859 1 0 30 Sat Oct 29 21:42:28 2016
19859 1 1 33 Sat Oct 29 21:42:28 2016
19859 1 4 34 Sat Oct 29 21:42:28 2016
19859 1 5 37 Sat Oct 29 21:42:28 2016
19873 1 2 0 Sat Oct 29 21:43:07 2016
19884 1 2 0 Sat Oct 29 21:43:17 2016
19884 1 0 2 Sat Oct 29 21:43:17 2016
19884 1 1 5 Sat Oct 29 21:43:17 2016
19884 1 2 6 Sat Oct 29 21:43:17 2016
19884 1 0 9 Sat Oct 29 21:43:17 2016
19884 1 1 12 Sat Oct 29 21:43:17 2016
19884 1 2 13 Sat Oct 29 21:43:17 2016
19884 1 0 16 Sat Oct 29 21:43:17 2016
19884 1 1 19 Sat Oct 29 21:43:17 2016
19884 1 2 20 Sat Oct 29 21:43:17 2016
19884 1 0 23 Sat Oct 29 21:43:17 2016
19884 1 1 26 Sat Oct 29 21:43:17 2016
19884 1 2 27 Sat Oct 29 21:43:17 2016
19884 1 0 30 Sat Oct 29 21:43:17 2016
19884 1 1 33 Sat Oct 29 21:43:17 2016
19884 1 4 34 Sat Oct 29 21:43:17 2016
19884 1 5 37 Sat Oct 29 21:43:17 2016
19896 1 2 0 Sat Oct 29 21:43:22 2016
19896 1 0 2 Sat Oct 29 21:43:22 2016
19896 1 1 5 Sat Oct 29 21:43:22 2016
19896 1 2 6 Sat Oct 29 21:43:22 2016
19896 1 0 9 Sat Oct 29 21:43:22 2016
19896 1 1 12 Sat Oct 29 21:43:22 2016
19896 1 2 13 Sat Oct 29 21:43:22 2016
19896 1 0 16 Sat Oct 29 21:43:22 2016
19896 1 1 19 Sat Oct 29 21:43:22 2016
19896 1 2 20 Sat Oct 29 21:43:22 2016
19896 1 0 23 Sat Oct 29 21:43:22 2016
19896 1 1 26 Sat Oct 29 21:43:22 2016
19896 1 2 27 Sat Oct 29 21:43:22 2016
19896 1 0 30 Sat Oct 29 21:43:22 2016
19896 1 1 33 Sat Oct 29 21:43:22 2016
19896 1 4 34 Sat Oct 29 21:43:22 2016
19896 1 5 37 Sat Oct 29 21:43:22 2016
19968 1 2 0 Sat Oct 29 21:44:15 2016
19968 1 0 2 Sat Oct 29 21:44:15 2016
19968 1 1 5 Sat Oct 29 21:44:15 2016
19968 1 2 6 Sat Oct 29 21:44:15 2016
19968 1 0 9 Sat Oct 29 21:44:15 2016
19968 1 1 12 Sat Oct 29 21:44:15 2016
19968 1 2 13 Sat Oct 29 21:44:15 2016
19968 1 0 16 Sat Oct 29 21:44:15 2016
19968 1 1 19 Sat Oct 29 21:44:15 2016
19968 1 2 20 Sat Oct 29 21:44:15 2016
19968 1 0 23 Sat Oct 29 21:44:15 2016
19968 1 1 26 Sat Oct 29 21:44:15 2016
19968 1 2 27 Sat Oct 29 21:44:15 2016
19968 1 0 30 Sat Oct 29 21:44:15 2016
19968 1 1 33 Sat Oct 29 21:44:15 2016
19968 1 4 34 Sat Oct 29 21:44:15 2016
19968 1 5 37 Sat Oct 29 21:44:15 2016
19977 1 2 0 Sat Oct 29 21:44:19 2016
19977 1 0 2 Sat Oct 29 21:44:19 2016
19977 1 1 5 Sat Oct 29 21:44:19 2016
19977 1 2 6 Sat Oct 29 21:44:19 2016
19977 1 0 9 Sat Oct 29 21:44:19 2016
19977 1 1 12 Sat Oct 29 21:44:19 2016
19977 1 2 13 Sat Oct 29 21:44:19 2016
19977 1 0 16 Sat Oct 29 21:44:19 2016
19977 1 1 19 Sat Oct 29 21:44:19 2016
19977 1 2 20 Sat Oct 29 21:44:19 2016
19977 1 0 23 Sat Oct 29 21:44:19 2016
19977 1 1 26 Sat Oct 29 21:44:19 2016
19977 1 2 27 Sat Oct 29 21:44:19 2016
19977 1 0 30 Sat Oct 29 21:44:19 2016
19977 1 1 33 Sat Oct 29 21:44:19 2016
19977 1 4 34 Sat Oct 29 21:44:19 2016
21444 1 2 0 Sat Oct 29 22:32:47 2016
21444 1 0 2 Sat Oct 29 22:32:47 2016
21444 1 1 5 Sat Oct 29 22:32:47 2016
21444 1 2 6 Sat Oct 29 22:32:47 2016
21444 1 0 9 Sat Oct 29 22:32:47 2016
21444 1 1 12 Sat Oct 29 22:32:47 2016
21444 1 2 13 Sat Oct 29 22:32:47 2016
21444 1 0 16 Sat Oct 29 22:32:47 2016
21444 1 1 19 Sat Oct 29 22:32:47 2016
21444 1 2 20 Sat Oct 29 22:32:47 2016
21444 1 0 23 Sat Oct 29 22:32:47 2016
21444 1 1 26 Sat Oct 29 22:32:47 2016
21444 1 2 27 Sat Oct 29 22:32:47 2016
21444 1 0 30 Sat Oct 29 22:32:47 2016
21444 1 1 33 Sat Oct 29 22:32:47 2016
21444 1 4 34 Sat Oct 29 22:32:47 2016
21444 1 5 37 Sat Oct 29 22:32:47 2016
21457 1 2 0 Sat Oct 29 22:33:10 2016
21457 1 0 2 Sat Oct 29 22:33:10 2016
21457 1 1 5 Sat Oct 29 22:33:10 2016
21457 1 2 6 Sat Oct 29 22:33:10 2016
21457 1 0 9 Sat Oct 29 22:33:10 2016
21457 1 1 12 Sat Oct 29 22:33:10 2016
21457 1 2 13 Sat Oct 29 22:33:10 2016
21457 1 0 16 Sat Oct 29 22:33:10 2016
21457 1 1 19 Sat Oct 29 22:33:10 2016
21457 1 2 20 Sat Oct 29 22:33:10 2016
21457 1 0 23 Sat Oct 29 22:33:10 2016
21457 1 1 26 Sat Oct 29 22:33:10 2016
21457 1 2 27 Sat Oct 29 22:33:10 2016
21457 1 0 30 Sat Oct 29 22:33:10 2016
21457 1 1 33 Sat Oct 29 22:33:10 2016
21457 1 4 34 Sat Oct 29 22:33:10 2016
21457 1 5 37 Sat Oct 29 22:33:10 2016
21718 1 2 0 Sat Oct 29 22:37:22 2016
21718 1 0 2 Sat Oct 29 22:37:22 2016
21718 1 1 5 Sat Oct 29 22:37:22 2016
21718 1 2 6 Sat Oct 29 22:37:22 2016
21718 1 0 9 Sat Oct 29 22:37:22 2016
21718 1 1 12 Sat Oct 29 22:37:22 2016
21718 1 2 13 Sat Oct 29 22:37:22 2016
21718 1 0 16 Sat Oct 29 22:37:22 2016
21718 1 1 19 Sat Oct 29 22:37:22 2016
21718 1 2 20 Sat Oct 29 22:37:22 2016
21718 1 0 23 Sat Oct 29 22:37:22 2016
21718 1 1 26 Sat Oct 29 22:37:22 2016
21718 1 2 27 Sat Oct 29 22:37:22 2016
21718 1 0 30 Sat Oct 29 22:37:22 2016
21718 1 1 33 Sat Oct 29 22:37:22 2016
21718 1 4 34 Sat Oct 29 22:37:22 2016
21718 1 5 37 Sat Oct 29 22:37:22 2016
21732 1 2 0 Sat Oct 29 22:37:31 2016
21732 1 0 2 Sat Oct 29 22:37:31 2016
21732 1 1 5 Sat Oct 29 22:37:31 2016
21732 1 2 6 Sat Oct 29 22:37:31 2016
21732 1 0 9 Sat Oct 29 22:37:31 2016
21732 1 1 12 Sat Oct 29 22:37:31 2016
21732 1 2 13 Sat Oct 29 22:37:31 2016
21732 1 0 16 Sat Oct 29 22:37:31 2016
21732 1 1 19 Sat Oct 29 22:37:31 2016
21732 1 2 20 Sat Oct 29 22:37:31 2016
21732 1 0 23 Sat Oct 29 22:37:31 2016
21732 1 1 26 Sat Oct 29 22:37:31 2016
21732 1 2 27 Sat Oct 29 22:37:31 2016
21732 1 0 30 Sat Oct 29 22:37:31 2016
21732 1 1 33 Sat Oct 29 22:37:31 2016
21732 1 4 34 Sat Oct 29 22:37:31 2016
21732 1 5 37 Sat Oct 29 22:37:31 2016
21741 1 2 0 Sat Oct 29 22:37:34 2016
21751 1 2 0 Sat Oct 29 22:37:45 2016
21751 1 0 2 Sat Oct 29 22:37:45 2016
21751 1 1 5 Sat Oct 29 22:37:45 2016
21751 1 2 6 Sat Oct 29 22:37:45 2016
21751 1 0 9 Sat Oct 29 22:37:45 2016
21751 1 1 12 Sat Oct 29 22:37:45 2016
21751 1 2 13 Sat Oct 29 22:37:45 2016
21751 1 0 16 Sat Oct 29 22:37:45 2016
21751 1 1 19 Sat Oct 29 22:37:45 2016
21751 1 2 20 Sat Oct 29 22:37:45 2016
21751 1 0 23 Sat Oct 29 22:37:45 2016
21751 1 1 26 Sat Oct 29 22:37:45 2016
21751 1 2 27 Sat Oct 29 22:37:45 2016
21751 1 0 30 Sat Oct 29 22:37:45 2016
21751 1 1 33 Sat Oct 29 22:37:45 2016
21751 1 4 34 Sat Oct 29 22:37:45 2016
21751 1 5 37 Sat Oct 29 22:37:45 2016
21761 1 2 0 Sat Oct 29 22:37:53 2016
21761 1 0 2 Sat Oct 29 22:37:53 2016
21761 1 1 5 Sat Oct 29 22:37:53 2016
21761 1 2 6 Sat Oct 29 22:37:53 2016
21761 1 0 9 Sat Oct 29 22:37:53 2016
21761 1 1 12 Sat Oct 29 22:37:53 2016
21761 1 2 13 Sat Oct 29 22:37:53 2016
21761 1 0 16 Sat Oct 29 22:37:53 2016
21761 1 1 19 Sat Oct 29 22:37:53 2016
21761 1 2 20 Sat Oct 29 22:37:53 2016
21761 1 0 23 Sat Oct 29 22:37:53 2016
21761 1 1 26 Sat Oct 29 22:37:53 2016
21761 1 2 27 Sat Oct 29 22:37:53 2016
21761 1 0 30 Sat Oct 29 22:37:53 2016
21761 1 1 33 Sat Oct 29 22:37:53 2016
21761 1 4 34 Sat Oct 29 22:37:53 2016
21761 1 5 37 Sat Oct 29 22:37:53 2016
21771 1 2 0 Sat Oct 29 22:37:56 2016
21771 1 0 2 Sat Oct 29 22:37:56 2016
21771 1 1 5 Sat Oct 29 22:37:56 2016
21771 1 2 6 Sat Oct 29 22:37:56 2016
21771 1 0 9 Sat Oct 29 22:37:56 2016
21771 1 1 12 Sat Oct 29 22:37:56 2016
21771 1 2 13 Sat Oct 29 22:37:56 2016
21771 1 0 16 Sat Oct 29 22:37:56 2016
21771 1 1 19 Sat Oct 29 22:37:56 2016
21771 1 2 20 Sat Oct 29 22:37:56 2016
21771 1 0 23 Sat Oct 29 22:37:56 2016
21771 1 1 26 Sat Oct 29 22:37:56 2016
21771 1 2 27 Sat Oct 29 22:37:56 2016
21771 1 0 30 Sat Oct 29 22:37:56 2016
21771 1 1 33 Sat Oct 29 22:37:56 2016
21771 1 4 34 Sat Oct 29 22:37:56 2016
21771 1 5 37 Sat Oct 29 22:37:56 2016
21780 1 2 0 Sat Oct 29 22:38:00 2016
21780 1 0 2 Sat Oct 29 22:38:00 2016
21780 1 1 5 Sat Oct 29 22:38:00 2016
21780 1 2 6 Sat Oct 29 22:38:00 2016
21780 1 0 9 Sat Oct 29 22:38:00 2016
21780 1 1 12 Sat Oct 29 22:38:00 2016
21780 1 2 13 Sat Oct 29 22:38:00 2016
21780 1 0 16 Sat Oct 29 22:38:00 2016
21780 1 1 19 Sat Oct 29 22:38:00 2016
21780 1 2 20 Sat Oct 29 22:38:00 2016
21780 1 0 23 Sat Oct 29 22:38:00 2016
21780 1 1 26 Sat Oct 29 22:38:00 2016
21780 1 2 27 Sat Oct 29 22:38:00 2016
21780 1 0 30 Sat Oct 29 22:38:00 2016
21780 1 1 33 Sat Oct 29 22:38:00 2016
21780 1 4 34 Sat Oct 29 22:38:00 2016
21780 1 5 37 Sat Oct 29 22:38:00 2016
21790 1 2 0 Sat Oct 29 22:38:04 2016
21790 1 0 2 Sat Oct 29 22:38:04 2016
21790 1 1 5 Sat Oct 29 22:38:04 2016
21790 1 2 6 Sat Oct 29 22:38:04 2016
21790 1 0 9 Sat Oct 29 22:38:04 2016
21790 1 1 12 Sat Oct 29 22:38:04 2016
21790 1 2 13 Sat Oct 29 22:38:04 2016
21790 1 0 16 Sat Oct 29 22:38:04 2016
21790 1 1 19 Sat Oct 29 22:38:04 2016
21790 1 2 20 Sat Oct 29 22:38:04 2016
21790 1 0 23 Sat Oct 29 22:38:04 2016
21790 1 1 26 Sat Oct 29 22:38:04 2016
21790 1 2 27 Sat Oct 29 22:38:04 2016
21790 1 0 30 Sat Oct 29 22:38:04 2016
21790 1 1 33 Sat Oct 29 22:38:04 2016
21790 1 4 34 Sat Oct 29 22:38:04 2016
21790 1 5 37 Sat Oct 29 22:38:04 2016
21799 1 2 0 Sat Oct 29 22:38:07 2016
21799 1 0 2 Sat Oct 29 22:38:07 2016
21799 1 1 5 Sat Oct 29 22:38:07 2016
21799 1 2 6 Sat Oct 29 22:38:07 2016
21799 1 0 9 Sat Oct 29 22:38:07 2016
21799 1 1 12 Sat Oct 29 22:38:07 2016
21799 1 2 13 Sat Oct 29 22:38:07 2016
21799 1 0 16 Sat Oct 29 22:38:07 2016
21799 1 1 19 Sat Oct 29 22:38:07 2016
21799 1 2 20 Sat Oct 29 22:38:07 2016
21799 1 0 23 Sat Oct 29 22:38:07 2016
21799 1 1 26 Sat Oct 29 22:38:07 2016
21799 1 2 27 Sat Oct 29 22:38:07 2016
21799 1 0 30 Sat Oct 29 22:38:07 2016
21799 1 1 33 Sat Oct 29 22:38:07 2016
21799 1 4 34 Sat Oct 29 22:38:07 2016
21799 1 5 37 Sat Oct 29 22:38:07 2016
21808 1 2 0 Sat Oct 29 22:38:08 2016
21825 1 2 0 Sat Oct 29 22:38:17 2016
21825 1 0 2 Sat Oct 29 22:38:17 2016
21825 1 1 5 Sat Oct 29 22:38:17 2016
21825 1 2 6 Sat Oct 29 22:38:17 2016
21825 1 0 9 Sat Oct 29 22:38:17 2016
21825 1 1 12 Sat Oct 29 22:38:17 2016
21825 1 2 13 Sat Oct 29 22:38:17 2016
21825 1 0 16 Sat Oct 29 22:38:17 2016
21825 1 1 19 Sat Oct 29 22:38:17 2016
21825 1 2 20 Sat Oct 29 22:38:17 2016
21825 1 0 23 Sat Oct 29 22:38:17 2016
21825 1 1 26 Sat Oct 29 22:38:17 2016
21825 1 2 27 Sat Oct 29 22:38:17 2016
21825 1 0 30 Sat Oct 29 22:38:17 2016
21825 1 1 33 Sat Oct 29 22:38:17 2016
21825 1 4 34 Sat Oct 29 22:38:17 2016
21825 1 5 37 Sat Oct 29 22:38:17 2016
21835 1 2 0 Sat Oct 29 22:38:24 2016
21835 1 0 2 Sat Oct 29 22:38:24 2016
21835 1 1 5 Sat Oct 29 22:38:24 2016
21835 1 2 6 Sat Oct 29 22:38:24 2016
21835 1 0 9 Sat Oct 29 22:38:24 2016
21835 1 1 12 Sat Oct 29 22:38:24 2016
21835 1 2 13 Sat Oct 29 22:38:24 2016
21835 1 0 16 Sat Oct 29 22:38:24 2016
21835 1 1 19 Sat Oct 29 22:38:24 2016
21835 1 2 20 Sat Oct 29 22:38:24 2016
21835 1 0 23 Sat Oct 29 22:38:24 2016
21835 1 1 26 Sat Oct 29 22:38:24 2016
21835 1 2 27 Sat Oct 29 22:38:24 2016
21835 1 0 30 Sat Oct 29 22:38:24 2016
21835 1 1 33 Sat Oct 29 22:38:24 2016
21835 1 4 34 Sat Oct 29 22:38:24 2016
21835 1 5 37 Sat Oct 29 22:38:24 2016
21847 1 2 0 Sat Oct 29 22:38:28 2016
21847 1 0 2 Sat Oct 29 22:38:28 2016
21847 1 1 5 Sat Oct 29 22:38:28 2016
21847 1 2 6 Sat Oct 29 22:38:28 2016
21847 1 0 9 Sat Oct 29 22:38:28 2016
21847 1 1 12 Sat Oct 29 22:38:28 2016
21847 1 2 13 Sat Oct 29 22:38:28 2016
21847 1 0 16 Sat Oct 29 22:38:28 2016
21847 1 1 19 Sat Oct 29 22:38:28 2016
21847 1 2 20 Sat Oct 29 22:38:28 2016
21847 1 0 23 Sat Oct 29 22:38:28 2016
21847 1 1 26 Sat Oct 29 22:38:28 2016
21847 1 2 27 Sat Oct 29 22:38:28 2016
21847 1 0 30 Sat Oct 29 22:38:28 2016
21847 1 1 33 Sat Oct 29 22:38:28 2016
21847 1 4 34 Sat Oct 29 22:38:28 2016
21847 1 5 37 Sat Oct 29 22:38:28 2016
21856 1 2 0 Sat Oct 29 22:38:31 2016
21856 1 0 2 Sat Oct 29 22:38:31 2016
21856 1 1 5 Sat Oct 29 22:38:31 2016
21856 1 2 6 Sat Oct 29 22:38:31 2016
21856 1 0 9 Sat Oct 29 22:38:31 2016
21856 1 1 12 Sat Oct 29 22:38:31 2016
21856 1 2 13 Sat Oct 29 22:38:31 2016
21856 1 0 16 Sat Oct 29 22:38:31 2016
21856 1 1 19 Sat Oct 29 22:38:31 2016
21856 1 2 20 Sat Oct 29 22:38:31 2016
21856 1 0 23 Sat Oct 29 22:38:31 2016
21856 1 1 26 Sat Oct 29 22:38:31 2016
21856 1 2 27 Sat Oct 29 22:38:31 2016
21856 1 0 30 Sat Oct 29 22:38:31 2016
21856 1 1 33 Sat Oct 29 22:38:31 2016
21856 1 4 34 Sat Oct 29 22:38:31 2016
21856 1 5 37 Sat Oct 29 22:38:31 2016
21866 1 2 0 Sat Oct 29 22:38:35 2016
21866 1 0 2 Sat Oct 29 22:38:35 2016
21866 1 1 5 Sat Oct 29 22:38:35 2016
21866 1 2 6 Sat Oct 29 22:38:35 2016
21866 1 0 9 Sat Oct 29 22:38:35 2016
21866 1 1 12 Sat Oct 29 22:38:35 2016
21866 1 2 13 Sat Oct 29 22:38:35 2016
21866 1 0 16 Sat Oct 29 22:38:35 2016
21866 1 1 19 Sat Oct 29 22:38:35 2016
21866 1 2 20 Sat Oct 29 22:38:35 2016
21866 1 0 23 Sat Oct 29 22:38:35 2016
21866 1 1 26 Sat Oct 29 22:38:35 2016
21866 1 2 27 Sat Oct 29 22:38:35 2016
21866 1 0 30 Sat Oct 29 22:38:35 2016
21866 1 1 33 Sat Oct 29 22:38:35 2016
21866 1 4 34 Sat Oct 29 22:38:35 2016
21866 1 5 37 Sat Oct 29 22:38:35 2016
21876 1 2 0 Sat Oct 29 22:38:44 2016
21876 1 0 2 Sat Oct 29 22:38:44 2016
21876 1 1 5 Sat Oct 29 22:38:44 2016
21876 1 2 6 Sat Oct 29 22:38:44 2016
21876 1 0 9 Sat Oct 29 22:38:44 2016
21876 1 1 12 Sat Oct 29 22:38:44 2016
21876 1 2 13 Sat Oct 29 22:38:44 2016
21876 1 0 16 Sat Oct 29 22:38:44 2016
21876 1 1 19 Sat Oct 29 22:38:44 2016
21876 1 2 20 Sat Oct 29 22:38:44 2016
21876 1 0 23 Sat Oct 29 22:38:44 2016
21876 1 1 26 Sat Oct 29 22:38:44 2016
21876 1 2 27 Sat Oct 29 22:38:44 2016
21876 1 0 30 Sat Oct 29 22:38:44 2016
21876 1 1 33 Sat Oct 29 22:38:44 2016
21876 1 4 34 Sat Oct 29 22:38:44 2016
21876 1 5 37 Sat Oct 29 22:38:44 2016
21885 1 2 0 Sat Oct 29 22:38:49 2016
21885 1 0 2 Sat Oct 29 22:38:49 2016
21885 1 1 5 Sat Oct 29 22:38:49 2016
21885 1 2 6 Sat Oct 29 22:38:49 2016
21885 1 0 9 Sat Oct 29 22:38:49 2016
21885 1 1 12 Sat Oct 29 22:38:49 2016
21885 1 2 13 Sat Oct 29 22:38:49 2016
21885 1 0 16 Sat Oct 29 22:38:49 2016
21885 1 1 19 Sat Oct 29 22:38:49 2016
21885 1 2 20 Sat Oct 29 22:38:49 2016
21885 1 0 23 Sat Oct 29 22:38:49 2016
21885 1 1 26 Sat Oct 29 22:38:49 2016
21885 1 2 27 Sat Oct 29 22:38:49 2016
21885 1 0 30 Sat Oct 29 22:38:49 2016
21885 1 1 33 Sat Oct 29 22:38:49 2016
21885 1 4 34 Sat Oct 29 22:38:49 2016
21885 1 5 37 Sat Oct 29 22:38:49 2016
21895 1 2 0 Sat Oct 29 22:38:53 2016
21895 1 0 2 Sat Oct 29 22:38:53 2016
21895 1 1 5 Sat Oct 29 22:38:53 2016
21895 1 2 6 Sat Oct 29 22:38:53 2016
21895 1 0 9 Sat Oct 29 22:38:53 2016
21895 1 1 12 Sat Oct 29 22:38:53 2016
21895 1 2 13 Sat Oct 29 22:38:53 2016
21895 1 0 16 Sat Oct 29 22:38:53 2016
21895 1 1 19 Sat Oct 29 22:38:53 2016
21895 1 2 20 Sat Oct 29 22:38:53 2016
21895 1 0 23 Sat Oct 29 22:38:53 2016
21895 1 1 26 Sat Oct 29 22:38:53 2016
21895 1 2 27 Sat Oct 29 22:38:53 2016
21895 1 0 30 Sat Oct 29 22:38:53 2016
21895 1 1 33 Sat Oct 29 22:38:53 2016
21895 1 4 34 Sat Oct 29 22:38:53 2016
21895 1 5 37 Sat Oct 29 22:38:53 2016
21906 1 2 0 Sat Oct 29 22:38:59 2016
21906 1 0 2 Sat Oct 29 22:38:59 2016
21906 1 1 5 Sat Oct 29 22:38:59 2016
21906 1 2 6 Sat Oct 29 22:38:59 2016
21906 1 0 9 Sat Oct 29 22:38:59 2016
21906 1 1 12 Sat Oct 29 22:38:59 2016
21906 1 2 13 Sat Oct 29 22:38:59 2016
21906 1 0 16 Sat Oct 29 22:38:59 2016
21906 1 1 19 Sat Oct 29 22:38:59 2016
21906 1 2 20 Sat Oct 29 22:38:59 2016
21906 1 0 23 Sat Oct 29 22:38:59 2016
21906 1 1 26 Sat Oct 29 22:38:59 2016
21906 1 2 27 Sat Oct 29 22:38:59 2016
21906 1 0 30 Sat Oct 29 22:38:59 2016
21906 1 1 33 Sat Oct 29 22:38:59 2016
21906 1 4 34 Sat Oct 29 22:38:59 2016
21906 1 5 37 Sat Oct 29 22:38:59 2016
21915 1 2 0 Sat Oct 29 22:39:03 2016
21927 1 2 0 Sat Oct 29 22:39:15 2016
21927 1 0 2 Sat Oct 29 22:39:15 2016
21927 1 1 5 Sat Oct 29 22:39:15 2016
21927 1 2 6 Sat Oct 29 22:39:15 2016
21927 1 0 9 Sat Oct 29 22:39:15 2016
21927 1 1 12 Sat Oct 29 22:39:15 2016
21927 1 2 13 Sat Oct 29 22:39:15 2016
21927 1 0 16 Sat Oct 29 22:39:15 2016
21927 1 1 19 Sat Oct 29 22:39:15 2016
21927 1 2 20 Sat Oct 29 22:39:15 2016
21927 1 0 23 Sat Oct 29 22:39:15 2016
21927 1 1 26 Sat Oct 29 22:39:15 2016
21927 1 2 27 Sat Oct 29 22:39:15 2016
21927 1 0 30 Sat Oct 29 22:39:15 2016
21927 1 1 33 Sat Oct 29 22:39:15 2016
21927 1 4 34 Sat Oct 29 22:39:15 2016
21927 1 5 37 Sat Oct 29 22:39:15 2016
21936 1 2 0 Sat Oct 29 22:39:18 2016
21936 1 0 2 Sat Oct 29 22:39:18 2016
21936 1 1 5 Sat Oct 29 22:39:18 2016
21936 1 2 6 Sat Oct 29 22:39:18 2016
21936 1 0 9 Sat Oct 29 22:39:18 2016
21936 1 1 12 Sat Oct 29 22:39:18 2016
21936 1 2 13 Sat Oct 29 22:39:18 2016
21936 1 0 16 Sat Oct 29 22:39:18 2016
21936 1 1 19 Sat Oct 29 22:39:18 2016
21936 1 2 20 Sat Oct 29 22:39:18 2016
21936 1 0 23 Sat Oct 29 22:39:18 2016
21936 1 1 26 Sat Oct 29 22:39:18 2016
21936 1 2 27 Sat Oct 29 22:39:18 2016
21936 1 0 30 Sat Oct 29 22:39:18 2016
21936 1 1 33 Sat Oct 29 22:39:18 2016
21936 1 4 34 Sat Oct 29 22:39:18 2016
21936 1 5 37 Sat Oct 29 22:39:18 2016
21945 1 2 0 Sat Oct 29 22:39:22 2016
21945 1 0 2 Sat Oct 29 22:39:22 2016
21945 1 1 5 Sat Oct 29 22:39:22 2016
21945 1 2 6 Sat Oct 29 22:39:22 2016
21945 1 0 9 Sat Oct 29 22:39:22 2016
21945 1 1 12 Sat Oct 29 22:39:22 2016
21945 1 2 13 Sat Oct 29 22:39:22 2016
21945 1 0 16 Sat Oct 29 22:39:22 2016
21945 1 1 19 Sat Oct 29 22:39:22 2016
21945 1 2 20 Sat Oct 29 22:39:22 2016
21945 1 0 23 Sat Oct 29 22:39:22 2016
21945 1 1 26 Sat Oct 29 22:39:22 2016
21945 1 2 27 Sat Oct 29 22:39:22 2016
21945 1 0 30 Sat Oct 29 22:39:22 2016
21945 1 1 33 Sat Oct 29 22:39:22 2016
21945 1 4 34 Sat Oct 29 22:39:22 2016
21945 1 5 37 Sat Oct 29 22:39:22 2016
22010 1 2 0 Sat Oct 29 22:42:20 2016
22010 1 0 2 Sat Oct 29 22:42:20 2016
22010 1 1 5 Sat Oct 29 22:42:20 2016
22010 1 2 6 Sat Oct 29 22:42:20 2016
22010 1 0 9 Sat Oct 29 22:42:20 2016
22010 1 1 12 Sat Oct 29 22:42:20 2016
22010 1 2 13 Sat Oct 29 22:42:20 2016
22010 1 0 16 Sat Oct 29 22:42:20 2016
22010 1 1 19 Sat Oct 29 22:42:20 2016
22010 1 2 20 Sat Oct 29 22:42:20 2016
22010 1 0 23 Sat Oct 29 22:42:20 2016
22010 1 1 26 Sat Oct 29 22:42:20 2016
22010 1 2 27 Sat Oct 29 22:42:20 2016
22010 1 0 30 Sat Oct 29 22:42:20 2016
22010 1 1 33 Sat Oct 29 22:42:20 2016
22010 1 4 34 Sat Oct 29 22:42:20 2016
22010 1 5 37 Sat Oct 29 22:42:20 2016
22019 1 2 0 Sat Oct 29 22:42:24 2016
22019 1 0 2 Sat Oct 29 22:42:24 2016
22019 1 1 5 Sat Oct 29 22:42:24 2016
22019 1 2 6 Sat Oct 29 22:42:24 2016
22019 1 0 9 Sat Oct 29 22:42:24 2016
22019 1 1 12 Sat Oct 29 22:42:24 2016
22019 1 2 13 Sat Oct 29 22:42:24 2016
22019 1 0 16 Sat Oct 29 22:42:24 2016
22019 1 1 19 Sat Oct 29 22:42:24 2016
22019 1 2 20 Sat Oct 29 22:42:24 2016
22019 1 0 23 Sat Oct 29 22:42:24 2016
22019 1 1 26 Sat Oct 29 22:42:24 2016
22019 1 2 27 Sat Oct 29 22:42:24 2016
22019 1 0 30 Sat Oct 29 22:42:24 2016
22019 1 1 33 Sat Oct 29 22:42:24 2016
22019 1 4 34 Sat Oct 29 22:42:24 2016
22019 1 5 37 Sat Oct 29 22:42:24 2016
22031 1 2 0 Sat Oct 29 22:42:27 2016
22044 1 2 0 Sat Oct 29 22:42:37 2016
22044 1 0 2 Sat Oct 29 22:42:37 2016
22044 1 1 5 Sat Oct 29 22:42:37 2016
22044 1 2 6 Sat Oct 29 22:42:37 2016
22044 1 0 9 Sat Oct 29 22:42:37 2016
22044 1 1 12 Sat Oct 29 22:42:37 2016
22044 1 2 13 Sat Oct 29 22:42:37 2016
22044 1 0 16 Sat Oct 29 22:42:37 2016
22044 1 1 19 Sat Oct 29 22:42:37 2016
22044 1 2 20 Sat Oct 29 22:42:37 2016
22044 1 0 23 Sat Oct 29 22:42:37 2016
22044 1 1 26 Sat Oct 29 22:42:37 2016
22044 1 2 27 Sat Oct 29 22:42:37 2016
22044 1 0 30 Sat Oct 29 22:42:37 2016
22044 1 1 33 Sat Oct 29 22:42:37 2016
22044 1 4 34 Sat Oct 29 22:42:37 2016
22044 1 5 37 Sat Oct 29 22:42:37 2016
22139 1 2 0 Sat Oct 29 22:47:38 2016
22139 1 0 2 Sat Oct 29 22:47:38 2016
22139 1 1 5 Sat Oct 29 22:47:38 2016
22139 1 2 6 Sat Oct 29 22:47:38 2016
22139 1 0 9 Sat Oct 29 22:47:38 2016
22139 1 1 12 Sat Oct 29 22:47:38 2016
22139 1 2 13 Sat Oct 29 22:47:38 2016
22139 1 0 16 Sat Oct 29 22:47:38 2016
22139 1 1 19 Sat Oct 29 22:47:38 2016
22139 1 2 20 Sat Oct 29 22:47:38 2016
22139 1 0 23 Sat Oct 29 22:47:38 2016
22139 1 1 26 Sat Oct 29 22:47:38 2016
22139 1 2 27 Sat Oct 29 22:47:38 2016
22139 1 0 30 Sat Oct 29 22:47:38 2016
22139 1 1 33 Sat Oct 29 22:47:38 2016
22139 1 4 34 Sat Oct 29 22:47:38 2016
22139 1 5 37 Sat Oct 29 22:47:38 2016
22149 1 2 0 Sat Oct 29 22:47:41 2016
22149 1 0 2 Sat Oct 29 22:47:41 2016
22149 1 1 5 Sat Oct 29 22:47:41 2016
22149 1 2 6 Sat Oct 29 22:47:41 2016
22149 1 0 9 Sat Oct 29 22:47:41 2016
22149 1 1 12 Sat Oct 29 22:47:41 2016
22149 1 2 13 Sat Oct 29 22:47:41 2016
22149 1 0 16 Sat Oct 29 22:47:41 2016
22149 1 1 19 Sat Oct 29 22:47:41 2016
22149 1 2 20 Sat Oct 29 22:47:41 2016
22149 1 0 23 Sat Oct 29 22:47:41 2016
22149 1 1 26 Sat Oct 29 22:47:41 2016
22149 1 2 27 Sat Oct 29 22:47:41 2016
22149 1 0 30 Sat Oct 29 22:47:41 2016
22149 1 1 33 Sat Oct 29 22:47:41 2016
22149 1 4 34 Sat Oct 29 22:47:41 2016
22149 1 5 37 Sat Oct 29 22:47:41 2016
22158 1 2 0 Sat Oct 29 22:47:45 2016
22158 1 0 2 Sat Oct 29 22:47:45 2016
22158 1 1 5 Sat Oct 29 22:47:45 2016
22158 1 2 6 Sat Oct 29 22:47:45 2016
22158 1 0 9 Sat Oct 29 22:47:45 2016
22158 1 1 12 Sat Oct 29 22:47:45 2016
22158 1 2 13 Sat Oct 29 22:47:45 2016
22158 1 0 16 Sat Oct 29 22:47:45 2016
22158 1 1 19 Sat Oct 29 22:47:45 2016
22158 1 2 20 Sat Oct 29 22:47:45 2016
22158 1 0 23 Sat Oct 29 22:47:45 2016
22158 1 1 26 Sat Oct 29 22:47:45 2016
22158 1 2 27 Sat Oct 29 22:47:45 2016
22158 1 0 30 Sat Oct 29 22:47:45 2016
22158 1 1 33 Sat Oct 29 22:47:45 2016
22158 1 4 34 Sat Oct 29 22:47:45 2016
22158 1 5 37 Sat Oct 29 22:47:45 2016
22168 1 2 0 Sat Oct 29 22:47:47 2016
22168 1 0 2 Sat Oct 29 22:47:47 2016
22168 1 1 5 Sat Oct 29 22:47:47 2016
22168 1 2 6 Sat Oct 29 22:47:47 2016
22168 1 0 9 Sat Oct 29 22:47:47 2016
22168 1 1 12 Sat Oct 29 22:47:47 2016
22168 1 2 13 Sat Oct 29 22:47:47 2016
22168 1 0 16 Sat Oct 29 22:47:47 2016
22168 1 1 19 Sat Oct 29 22:47:47 2016
22168 1 2 20 Sat Oct 29 22:47:47 2016
22168 1 0 23 Sat Oct 29 22:47:47 2016
22168 1 1 26 Sat Oct 29 22:47:47 2016
22168 1 2 27 Sat Oct 29 22:47:47 2016
22168 1 0 30 Sat Oct 29 22:47:47 2016
22168 1 1 33 Sat Oct 29 22:47:47 2016
22168 1 4 34 Sat Oct 29 22:47:47 2016
22168 1 5 37 Sat Oct 29 22:47:47 2016
22177 1 2 0 Sat Oct 29 22:47:50 2016
22177 1 0 2 Sat Oct 29 22:47:50 2016
22177 1 1 5 Sat Oct 29 22:47:50 2016
22177 1 2 6 Sat Oct 29 22:47:50 2016
22177 1 0 9 Sat Oct 29 22:47:50 2016
22177 1 1 12 Sat Oct 29 22:47:50 2016
22177 1 2 13 Sat Oct 29 22:47:50 2016
22177 1 0 16 Sat Oct 29 22:47:50 2016
22177 1 1 19 Sat Oct 29 22:47:50 2016
22177 1 2 20 Sat Oct 29 22:47:50 2016
22177 1 0 23 Sat Oct 29 22:47:50 2016
22177 1 1 26 Sat Oct 29 22:47:50 2016
22177 1 2 27 Sat Oct 29 22:47:50 2016
22177 1 0 30 Sat Oct 29 22:47:50 2016
22177 1 1 33 Sat Oct 29 22:47:50 2016
22177 1 4 34 Sat Oct 29 22:47:50 2016
22177 1 5 37 Sat Oct 29 22:47:50 2016
22186 1 2 0 Sat Oct 29 22:47:54 2016
22186 1 0 2 Sat Oct 29 22:47:54 2016
22186 1 1 5 Sat Oct 29 22:47:54 2016
22186 1 2 6 Sat Oct 29 22:47:54 2016
22186 1 0 9 Sat Oct 29 22:47:54 2016
22186 1 1 12 Sat Oct 29 22:47:54 2016
22186 1 2 13 Sat Oct 29 22:47:54 2016
22186 1 0 16 Sat Oct 29 22:47:54 2016
22186 1 1 19 Sat Oct 29 22:47:54 2016
22186 1 2 20 Sat Oct 29 22:47:54 2016
22186 1 0 23 Sat Oct 29 22:47:54 2016
22186 1 1 26 Sat Oct 29 22:47:54 2016
22186 1 2 27 Sat Oct 29 22:47:54 2016
22186 1 0 30 Sat Oct 29 22:47:54 2016
22186 1 1 33 Sat Oct 29 22:47:54 2016
22186 1 4 34 Sat Oct 29 22:47:54 2016
22186 1 5 37 Sat Oct 29 22:47:54 2016
22196 1 2 0 Sat Oct 29 22:47:57 2016
22196 1 0 2 Sat Oct 29 22:47:57 2016
22196 1 1 5 Sat Oct 29 22:47:57 2016
22196 1 2 6 Sat Oct 29 22:47:57 2016
22196 1 0 9 Sat Oct 29 22:47:57 2016
22196 1 1 12 Sat Oct 29 22:47:57 2016
22196 1 2 13 Sat Oct 29 22:47:57 2016
22196 1 0 16 Sat Oct 29 22:47:57 2016
22196 1 1 19 Sat Oct 29 22:47:57 2016
22196 1 2 20 Sat Oct 29 22:47:57 2016
22196 1 0 23 Sat Oct 29 22:47:57 2016
22196 1 1 26 Sat Oct 29 22:47:57 2016
22196 1 2 27 Sat Oct 29 22:47:57 2016
22196 1 0 30 Sat Oct 29 22:47:57 2016
22196 1 1 33 Sat Oct 29 22:47:57 2016
22196 1 4 34 Sat Oct 29 22:47:57 2016
22196 1 5 37 Sat Oct 29 22:47:57 2016
22205 1 2 0 Sat Oct 29 22:48:01 2016
22205 1 0 2 Sat Oct 29 22:48:01 2016
22205 1 1 5 Sat Oct 29 22:48:01 2016
22205 1 2 6 Sat Oct 29 22:48:01 2016
22205 1 0 9 Sat Oct 29 22:48:01 2016
22205 1 1 12 Sat Oct 29 22:48:01 2016
22205 1 2 13 Sat Oct 29 22:48:01 2016
22205 1 0 16 Sat Oct 29 22:48:01 2016
22205 1 1 19 Sat Oct 29 22:48:01 2016
22205 1 2 20 Sat Oct 29 22:48:01 2016
22205 1 0 23 Sat Oct 29 22:48:01 2016
22205 1 1 26 Sat Oct 29 22:48:01 2016
22205 1 2 27 Sat Oct 29 22:48:01 2016
22205 1 0 30 Sat Oct 29 22:48:01 2016
22205 1 1 33 Sat Oct 29 22:48:01 2016
22205 1 4 34 Sat Oct 29 22:48:01 2016
22205 1 5 37 Sat Oct 29 22:48:01 2016
22215 1 2 0 Sat Oct 29 22:48:03 2016
22215 1 0 2 Sat Oct 29 22:48:03 2016
22215 1 1 5 Sat Oct 29 22:48:03 2016
22215 1 2 6 Sat Oct 29 22:48:03 2016
22215 1 0 9 Sat Oct 29 22:48:03 2016
22215 1 1 12 Sat Oct 29 22:48:03 2016
22215 1 2 13 Sat Oct 29 22:48:03 2016
22215 1 0 16 Sat Oct 29 22:48:03 2016
22215 1 1 19 Sat Oct 29 22:48:03 2016
22215 1 2 20 Sat Oct 29 22:48:03 2016
22215 1 0 23 Sat Oct 29 22:48:03 2016
22215 1 1 26 Sat Oct 29 22:48:03 2016
22215 1 2 27 Sat Oct 29 22:48:03 2016
22215 1 0 30 Sat Oct 29 22:48:03 2016
22215 1 1 33 Sat Oct 29 22:48:03 2016
22215 1 4 34 Sat Oct 29 22:48:03 2016
22215 1 5 37 Sat Oct 29 22:48:03 2016
22224 1 2 0 Sat Oct 29 22:48:06 2016
22224 1 0 2 Sat Oct 29 22:48:06 2016
22224 1 1 5 Sat Oct 29 22:48:06 2016
22224 1 2 6 Sat Oct 29 22:48:06 2016
22224 1 0 9 Sat Oct 29 22:48:06 2016
22224 1 1 12 Sat Oct 29 22:48:06 2016
22224 1 2 13 Sat Oct 29 22:48:06 2016
22224 1 0 16 Sat Oct 29 22:48:06 2016
22224 1 1 19 Sat Oct 29 22:48:06 2016
22224 1 2 20 Sat Oct 29 22:48:06 2016
22224 1 0 23 Sat Oct 29 22:48:06 2016
22224 1 1 26 Sat Oct 29 22:48:06 2016
22224 1 2 27 Sat Oct 29 22:48:06 2016
22224 1 0 30 Sat Oct 29 22:48:06 2016
22224 1 1 33 Sat Oct 29 22:48:06 2016
22224 1 4 34 Sat Oct 29 22:48:06 2016
22224 1 5 37 Sat Oct 29 22:48:06 2016
22233 1 2 0 Sat Oct 29 22:48:09 2016
22233 1 0 2 Sat Oct 29 22:48:09 2016
22233 1 1 5 Sat Oct 29 22:48:09 2016
22233 1 2 6 Sat Oct 29 22:48:09 2016
22233 1 0 9 Sat Oct 29 22:48:09 2016
22233 1 1 12 Sat Oct 29 22:48:09 2016
22233 1 2 13 Sat Oct 29 22:48:09 2016
22233 1 0 16 Sat Oct 29 22:48:09 2016
22233 1 1 19 Sat Oct 29 22:48:09 2016
22233 1 2 20 Sat Oct 29 22:48:09 2016
22233 1 0 23 Sat Oct 29 22:48:09 2016
22233 1 1 26 Sat Oct 29 22:48:09 2016
22233 1 2 27 Sat Oct 29 22:48:09 2016
22233 1 0 30 Sat Oct 29 22:48:09 2016
22233 1 1 33 Sat Oct 29 22:48:09 2016
22233 1 4 34 Sat Oct 29 22:48:09 2016
22233 1 5 37 Sat Oct 29 22:48:09 2016
22247 1 2 0 Sat Oct 29 22:48:12 2016
22247 1 0 2 Sat Oct 29 22:48:12 2016
22247 1 1 5 Sat Oct 29 22:48:12 2016
22247 1 2 6 Sat Oct 29 22:48:12 2016
22247 1 0 9 Sat Oct 29 22:48:12 2016
22247 1 1 12 Sat Oct 29 22:48:12 2016
22247 1 2 13 Sat Oct 29 22:48:12 2016
22247 1 0 16 Sat Oct 29 22:48:12 2016
22247 1 1 19 Sat Oct 29 22:48:12 2016
22247 1 2 20 Sat Oct 29 22:48:12 2016
22247 1 0 23 Sat Oct 29 22:48:12 2016
22247 1 1 26 Sat Oct 29 22:48:12 2016
22247 1 2 27 Sat Oct 29 22:48:12 2016
22247 1 0 30 Sat Oct 29 22:48:12 2016
22247 1 1 33 Sat Oct 29 22:48:12 2016
22247 1 4 34 Sat Oct 29 22:48:12 2016
22247 1 5 37 Sat Oct 29 22:48:12 2016
22256 1 2 0 Sat Oct 29 22:48:15 2016
22256 1 0 2 Sat Oct 29 22:48:15 2016
22256 1 1 5 Sat Oct 29 22:48:15 2016
22256 1 2 6 Sat Oct 29 22:48:15 2016
22256 1 0 9 Sat Oct 29 22:48:15 2016
22256 1 1 12 Sat Oct 29 22:48:15 2016
22256 1 2 13 Sat Oct 29 22:48:15 2016
22256 1 0 16 Sat Oct 29 22:48:15 2016
22256 1 1 19 Sat Oct 29 22:48:15 2016
22256 1 2 20 Sat Oct 29 22:48:15 2016
22256 1 0 23 Sat Oct 29 22:48:15 2016
22256 1 1 26 Sat Oct 29 22:48:15 2016
22256 1 2 27 Sat Oct 29 22:48:15 2016
22256 1 0 30 Sat Oct 29 22:48:15 2016
22256 1 1 33 Sat Oct 29 22:48:15 2016
22256 1 4 34 Sat Oct 29 22:48:15 2016
22256 1 5 37 Sat Oct 29 22:48:15 2016
22265 1 2 0 Sat Oct 29 22:48:18 2016
22265 1 0 2 Sat Oct 29 22:48:18 2016
22265 1 1 5 Sat Oct 29 22:48:18 2016
22265 1 2 6 Sat Oct 29 22:48:18 2016
22265 1 0 9 Sat Oct 29 22:48:18 2016
22265 1 1 12 Sat Oct 29 22:48:18 2016
22265 1 2 13 Sat Oct 29 22:48:18 2016
22265 1 0 16 Sat Oct 29 22:48:18 2016
22265 1 1 19 Sat Oct 29 22:48:18 2016
22265 1 2 20 Sat Oct 29 22:48:18 2016
22265 1 0 23 Sat Oct 29 22:48:18 2016
22265 1 1 26 Sat Oct 29 22:48:18 2016
22265 1 2 27 Sat Oct 29 22:48:18 2016
22265 1 0 30 Sat Oct 29 22:48:18 2016
22265 1 1 33 Sat Oct 29 22:48:18 2016
22265 1 4 34 Sat Oct 29 22:48:18 2016
22265 1 5 37 Sat Oct 29 22:48:18 2016
