12134 2 2 0 Sat Oct 29 19:13:11 2016
12134 2 0 2 Sat Oct 29 19:13:11 2016
12134 2 1 7 Sat Oct 29 19:13:11 2016
12134 2 2 8 Sat Oct 29 19:13:11 2016
12134 2 0 10 Sat Oct 29 19:13:11 2016
12134 2 1 14 Sat Oct 29 19:13:11 2016
12134 2 2 15 Sat Oct 29 19:13:11 2016
12134 2 0 17 Sat Oct 29 19:13:11 2016
12134 2 1 21 Sat Oct 29 19:13:11 2016
12134 2 2 22 Sat Oct 29 19:13:11 2016
12134 2 0 24 Sat Oct 29 19:13:11 2016
12134 2 1 28 Sat Oct 29 19:13:11 2016
12134 2 2 29 Sat Oct 29 19:13:11 2016
12134 2 0 31 Sat Oct 29 19:13:11 2016
12134 2 1 35 Sat Oct 29 19:13:11 2016
12134 2 4 36 Sat Oct 29 19:13:11 2016
12134 2 5 38 Sat Oct 29 19:13:11 2016
16176 2 2 0 Sat Oct 29 20:08:39 2016
16221 2 2 0 Sat Oct 29 20:09:45 2016
16221 2 0 2 Sat Oct 29 20:09:45 2016
16221 2 1 7 Sat Oct 29 20:09:45 2016
16221 2 2 8 Sat Oct 29 20:09:45 2016
16221 2 0 10 Sat Oct 29 20:09:45 2016
16221 2 1 14 Sat Oct 29 20:09:45 2016
16221 2 2 15 Sat Oct 29 20:09:45 2016
16221 2 0 17 Sat Oct 29 20:09:45 2016
16221 2 1 21 Sat Oct 29 20:09:45 2016
16221 2 2 22 Sat Oct 29 20:09:45 2016
16221 2 0 24 Sat Oct 29 20:09:45 2016
16221 2 1 28 Sat Oct 29 20:09:45 2016
16221 2 2 29 Sat Oct 29 20:09:45 2016
16221 2 0 31 Sat Oct 29 20:09:45 2016
16221 2 1 35 Sat Oct 29 20:09:45 2016
16221 2 4 36 Sat Oct 29 20:09:45 2016
16221 2 5 38 Sat Oct 29 20:09:45 2016
16675 2 2 0 Sat Oct 29 20:24:28 2016
16675 2 0 2 Sat Oct 29 20:24:28 2016
16675 2 1 7 Sat Oct 29 20:24:28 2016
16675 2 2 8 Sat Oct 29 20:24:28 2016
16675 2 0 10 Sat Oct 29 20:24:28 2016
16675 2 1 14 Sat Oct 29 20:24:28 2016
16675 2 2 15 Sat Oct 29 20:24:28 2016
16675 2 0 17 Sat Oct 29 20:24:28 2016
16675 2 1 21 Sat Oct 29 20:24:28 2016
16675 2 2 22 Sat Oct 29 20:24:28 2016
16675 2 0 24 Sat Oct 29 20:24:28 2016
16675 2 1 28 Sat Oct 29 20:24:28 2016
16675 2 2 29 Sat Oct 29 20:24:28 2016
16675 2 0 31 Sat Oct 29 20:24:28 2016
16675 2 1 35 Sat Oct 29 20:24:28 2016
16675 2 4 36 Sat Oct 29 20:24:28 2016
16675 2 5 38 Sat Oct 29 20:24:28 2016
16690 2 2 0 Sat Oct 29 20:24:45 2016
16690 2 0 2 Sat Oct 29 20:24:45 2016
16690 2 1 7 Sat Oct 29 20:24:45 2016
16690 2 2 8 Sat Oct 29 20:24:45 2016
16690 2 0 10 Sat Oct 29 20:24:45 2016
16690 2 1 14 Sat Oct 29 20:24:45 2016
16690 2 2 15 Sat Oct 29 20:24:45 2016
16690 2 0 17 Sat Oct 29 20:24:45 2016
16690 2 1 21 Sat Oct 29 20:24:45 2016
16690 2 2 22 Sat Oct 29 20:24:45 2016
16690 2 0 24 Sat Oct 29 20:24:45 2016
16690 2 1 28 Sat Oct 29 20:24:45 2016
16690 2 2 29 Sat Oct 29 20:24:45 2016
16690 2 0 31 Sat Oct 29 20:24:45 2016
16690 2 1 35 Sat Oct 29 20:24:45 2016
16690 2 4 36 Sat Oct 29 20:24:45 2016
16690 2 5 38 Sat Oct 29 20:24:45 2016
16728 2 2 0 Sat Oct 29 20:25:17 2016
16728 2 0 2 Sat Oct 29 20:25:17 2016
16728 2 1 7 Sat Oct 29 20:25:17 2016
16728 2 2 8 Sat Oct 29 20:25:17 2016
16728 2 0 10 Sat Oct 29 20:25:17 2016
16728 2 1 14 Sat Oct 29 20:25:17 2016
16728 2 2 15 Sat Oct 29 20:25:17 2016
16728 2 0 17 Sat Oct 29 20:25:17 2016
16728 2 1 21 Sat Oct 29 20:25:17 2016
16728 2 2 22 Sat Oct 29 20:25:17 2016
16728 2 0 24 Sat Oct 29 20:25:17 2016
16728 2 1 28 Sat Oct 29 20:25:17 2016
16728 2 2 29 Sat Oct 29 20:25:17 2016
16728 2 0 31 Sat Oct 29 20:25:17 2016
16728 2 1 35 Sat Oct 29 20:25:17 2016
16728 2 4 36 Sat Oct 29 20:25:17 2016
16728 2 5 38 Sat Oct 29 20:25:17 2016
16740 2 2 0 Sat Oct 29 20:25:22 2016
16782 2 2 0 Sat Oct 29 20:26:29 2016
16782 2 0 2 Sat Oct 29 20:26:29 2016
16782 2 0 5 Sat Oct 29 20:26:29 2016
16782 2 0 9 Sat Oct 29 20:26:29 2016
16812 2 2 0 Sat Oct 29 20:27:07 2016
16812 2 0 2 Sat Oct 29 20:27:07 2016
16812 2 1 7 Sat Oct 29 20:27:07 2016
16812 2 2 8 Sat Oct 29 20:27:07 2016
16812 2 0 10 Sat Oct 29 20:27:07 2016
16812 2 1 14 Sat Oct 29 20:27:07 2016
16812 2 2 15 Sat Oct 29 20:27:07 2016
16812 2 0 17 Sat Oct 29 20:27:07 2016
16812 2 1 21 Sat Oct 29 20:27:07 2016
16812 2 2 22 Sat Oct 29 20:27:07 2016
16812 2 0 24 Sat Oct 29 20:27:07 2016
16812 2 1 28 Sat Oct 29 20:27:07 2016
16812 2 2 29 Sat Oct 29 20:27:07 2016
16812 2 0 31 Sat Oct 29 20:27:07 2016
16812 2 1 35 Sat Oct 29 20:27:07 2016
16812 2 4 36 Sat Oct 29 20:27:07 2016
16812 2 5 38 Sat Oct 29 20:27:07 2016
16929 2 2 0 Sat Oct 29 20:32:19 2016
16929 2 0 2 Sat Oct 29 20:32:19 2016
16929 2 1 7 Sat Oct 29 20:32:19 2016
16929 2 2 8 Sat Oct 29 20:32:19 2016
16929 2 0 10 Sat Oct 29 20:32:19 2016
16929 2 1 14 Sat Oct 29 20:32:19 2016
16929 2 2 15 Sat Oct 29 20:32:19 2016
16929 2 0 17 Sat Oct 29 20:32:19 2016
16929 2 1 21 Sat Oct 29 20:32:19 2016
16929 2 2 22 Sat Oct 29 20:32:19 2016
16929 2 0 24 Sat Oct 29 20:32:19 2016
16929 2 1 28 Sat Oct 29 20:32:19 2016
16929 2 2 29 Sat Oct 29 20:32:19 2016
16929 2 0 31 Sat Oct 29 20:32:19 2016
16929 2 1 35 Sat Oct 29 20:32:19 2016
16929 2 4 36 Sat Oct 29 20:32:19 2016
16929 2 5 38 Sat Oct 29 20:32:19 2016
17068 2 2 0 Sat Oct 29 20:36:47 2016
17068 2 0 2 Sat Oct 29 20:36:48 2016
17068 2 1 7 Sat Oct 29 20:36:48 2016
17068 2 2 8 Sat Oct 29 20:36:48 2016
17068 2 0 10 Sat Oct 29 20:36:48 2016
17068 2 1 14 Sat Oct 29 20:36:48 2016
17068 2 2 15 Sat Oct 29 20:36:48 2016
17068 2 0 17 Sat Oct 29 20:36:48 2016
17068 2 1 21 Sat Oct 29 20:36:48 2016
17068 2 2 22 Sat Oct 29 20:36:48 2016
17068 2 0 24 Sat Oct 29 20:36:48 2016
17068 2 1 28 Sat Oct 29 20:36:48 2016
17068 2 2 29 Sat Oct 29 20:36:48 2016
17068 2 0 31 Sat Oct 29 20:36:48 2016
17068 2 1 35 Sat Oct 29 20:36:48 2016
17068 2 4 36 Sat Oct 29 20:36:48 2016
17068 2 5 38 Sat Oct 29 20:36:48 2016
17279 2 2 0 Sat Oct 29 20:43:39 2016
17279 2 0 2 Sat Oct 29 20:43:39 2016
17279 2 1 7 Sat Oct 29 20:43:39 2016
17279 2 2 8 Sat Oct 29 20:43:39 2016
17279 2 0 10 Sat Oct 29 20:43:39 2016
17279 2 1 14 Sat Oct 29 20:43:39 2016
17279 2 2 15 Sat Oct 29 20:43:39 2016
17279 2 0 17 Sat Oct 29 20:43:39 2016
17279 2 1 21 Sat Oct 29 20:43:39 2016
17279 2 2 22 Sat Oct 29 20:43:39 2016
17279 2 0 24 Sat Oct 29 20:43:39 2016
17279 2 1 28 Sat Oct 29 20:43:39 2016
17279 2 2 29 Sat Oct 29 20:43:39 2016
17279 2 0 31 Sat Oct 29 20:43:39 2016
17279 2 1 35 Sat Oct 29 20:43:39 2016
17279 2 4 36 Sat Oct 29 20:43:39 2016
17279 2 5 38 Sat Oct 29 20:43:39 2016
17287 2 2 0 Sat Oct 29 20:43:50 2016
17368 2 2 0 Sat Oct 29 20:46:40 2016
17368 2 0 2 Sat Oct 29 20:46:40 2016
17368 2 1 7 Sat Oct 29 20:46:40 2016
17368 2 2 8 Sat Oct 29 20:46:40 2016
17368 2 0 10 Sat Oct 29 20:46:40 2016
17368 2 1 14 Sat Oct 29 20:46:40 2016
17368 2 2 15 Sat Oct 29 20:46:40 2016
17368 2 0 17 Sat Oct 29 20:46:40 2016
17368 2 1 21 Sat Oct 29 20:46:40 2016
17368 2 2 22 Sat Oct 29 20:46:40 2016
17368 2 0 24 Sat Oct 29 20:46:40 2016
17368 2 1 28 Sat Oct 29 20:46:40 2016
17368 2 2 29 Sat Oct 29 20:46:40 2016
17368 2 0 31 Sat Oct 29 20:46:40 2016
17368 2 1 35 Sat Oct 29 20:46:40 2016
17368 2 4 36 Sat Oct 29 20:46:40 2016
17368 2 5 38 Sat Oct 29 20:46:40 2016
17595 2 2 0 Sat Oct 29 20:57:10 2016
17595 2 0 2 Sat Oct 29 20:57:10 2016
17595 2 1 7 Sat Oct 29 20:57:10 2016
17595 2 2 8 Sat Oct 29 20:57:10 2016
17595 2 0 10 Sat Oct 29 20:57:10 2016
17595 2 1 14 Sat Oct 29 20:57:10 2016
17595 2 2 15 Sat Oct 29 20:57:10 2016
17595 2 0 17 Sat Oct 29 20:57:10 2016
17595 2 1 21 Sat Oct 29 20:57:10 2016
17595 2 2 22 Sat Oct 29 20:57:10 2016
17595 2 0 24 Sat Oct 29 20:57:10 2016
17595 2 1 28 Sat Oct 29 20:57:10 2016
17595 2 2 29 Sat Oct 29 20:57:10 2016
17595 2 0 31 Sat Oct 29 20:57:10 2016
17595 2 1 35 Sat Oct 29 20:57:10 2016
17595 2 4 36 Sat Oct 29 20:57:10 2016
17595 2 5 38 Sat Oct 29 20:57:10 2016
17619 2 2 0 Sat Oct 29 20:57:47 2016
17626 2 2 0 Sat Oct 29 20:57:53 2016
17619 2 0 2 Sat Oct 29 20:58:52 2016
17619 2 0 4 Sat Oct 29 20:58:52 2016
17619 2 0 6 Sat Oct 29 20:58:53 2016
17666 2 2 0 Sat Oct 29 20:58:53 2016
17619 2 0 10 Sat Oct 29 20:58:53 2016
17760 2 2 0 Sat Oct 29 21:02:37 2016
17760 2 0 2 Sat Oct 29 21:02:37 2016
17760 2 1 7 Sat Oct 29 21:02:37 2016
17760 2 2 8 Sat Oct 29 21:02:37 2016
17760 2 0 10 Sat Oct 29 21:02:37 2016
17760 2 1 14 Sat Oct 29 21:02:37 2016
17760 2 2 15 Sat Oct 29 21:02:37 2016
17760 2 0 17 Sat Oct 29 21:02:37 2016
17760 2 1 21 Sat Oct 29 21:02:37 2016
17760 2 2 22 Sat Oct 29 21:02:37 2016
17760 2 0 24 Sat Oct 29 21:02:37 2016
17760 2 1 28 Sat Oct 29 21:02:37 2016
17760 2 2 29 Sat Oct 29 21:02:37 2016
17760 2 0 31 Sat Oct 29 21:02:37 2016
17760 2 1 35 Sat Oct 29 21:02:37 2016
17760 2 4 36 Sat Oct 29 21:02:37 2016
17760 2 5 38 Sat Oct 29 21:02:37 2016
17771 2 2 0 Sat Oct 29 21:02:53 2016
17771 2 0 2 Sat Oct 29 21:02:53 2016
17771 2 1 7 Sat Oct 29 21:02:53 2016
17771 2 2 8 Sat Oct 29 21:02:53 2016
17771 2 0 10 Sat Oct 29 21:02:53 2016
17771 2 1 14 Sat Oct 29 21:02:53 2016
17771 2 2 15 Sat Oct 29 21:02:53 2016
17771 2 0 17 Sat Oct 29 21:02:53 2016
17771 2 1 21 Sat Oct 29 21:02:53 2016
17771 2 2 22 Sat Oct 29 21:02:53 2016
17771 2 0 24 Sat Oct 29 21:02:53 2016
17771 2 1 28 Sat Oct 29 21:02:53 2016
17771 2 2 29 Sat Oct 29 21:02:53 2016
17771 2 0 31 Sat Oct 29 21:02:53 2016
17771 2 1 35 Sat Oct 29 21:02:53 2016
17771 2 4 36 Sat Oct 29 21:02:53 2016
17771 2 5 38 Sat Oct 29 21:02:53 2016
17781 2 2 0 Sat Oct 29 21:02:59 2016
17781 2 0 2 Sat Oct 29 21:02:59 2016
17781 2 1 7 Sat Oct 29 21:02:59 2016
17781 2 2 8 Sat Oct 29 21:02:59 2016
17781 2 0 10 Sat Oct 29 21:02:59 2016
17781 2 1 14 Sat Oct 29 21:02:59 2016
17781 2 2 15 Sat Oct 29 21:02:59 2016
17781 2 0 17 Sat Oct 29 21:02:59 2016
17781 2 1 21 Sat Oct 29 21:02:59 2016
17781 2 2 22 Sat Oct 29 21:02:59 2016
17781 2 0 24 Sat Oct 29 21:02:59 2016
17781 2 1 28 Sat Oct 29 21:02:59 2016
17781 2 2 29 Sat Oct 29 21:02:59 2016
17781 2 0 31 Sat Oct 29 21:02:59 2016
17781 2 1 35 Sat Oct 29 21:02:59 2016
17781 2 4 36 Sat Oct 29 21:02:59 2016
17781 2 5 38 Sat Oct 29 21:02:59 2016
17793 2 2 0 Sat Oct 29 21:03:15 2016
17859 2 2 0 Sat Oct 29 21:06:41 2016
17859 2 0 2 Sat Oct 29 21:06:41 2016
17859 2 1 7 Sat Oct 29 21:06:41 2016
17859 2 2 8 Sat Oct 29 21:06:41 2016
17859 2 0 10 Sat Oct 29 21:06:41 2016
17859 2 1 14 Sat Oct 29 21:06:41 2016
17859 2 2 15 Sat Oct 29 21:06:41 2016
17859 2 0 17 Sat Oct 29 21:06:41 2016
17859 2 1 21 Sat Oct 29 21:06:41 2016
17859 2 2 22 Sat Oct 29 21:06:41 2016
17859 2 0 24 Sat Oct 29 21:06:41 2016
17859 2 1 28 Sat Oct 29 21:06:41 2016
17859 2 2 29 Sat Oct 29 21:06:41 2016
17859 2 0 31 Sat Oct 29 21:06:41 2016
17859 2 1 35 Sat Oct 29 21:06:41 2016
17859 2 4 36 Sat Oct 29 21:06:41 2016
17859 2 5 38 Sat Oct 29 21:06:41 2016
17874 2 2 0 Sat Oct 29 21:06:56 2016
17907 2 2 0 Sat Oct 29 21:07:59 2016
17907 2 0 2 Sat Oct 29 21:07:59 2016
17907 2 1 7 Sat Oct 29 21:07:59 2016
17907 2 2 8 Sat Oct 29 21:07:59 2016
17907 2 0 10 Sat Oct 29 21:07:59 2016
17907 2 1 14 Sat Oct 29 21:07:59 2016
17907 2 2 15 Sat Oct 29 21:07:59 2016
17907 2 0 17 Sat Oct 29 21:07:59 2016
17907 2 1 21 Sat Oct 29 21:07:59 2016
17907 2 2 22 Sat Oct 29 21:07:59 2016
17907 2 0 24 Sat Oct 29 21:07:59 2016
17907 2 1 28 Sat Oct 29 21:07:59 2016
17907 2 2 29 Sat Oct 29 21:07:59 2016
17907 2 0 31 Sat Oct 29 21:07:59 2016
17907 2 1 35 Sat Oct 29 21:07:59 2016
17907 2 4 36 Sat Oct 29 21:07:59 2016
17907 2 5 38 Sat Oct 29 21:07:59 2016
17916 2 2 0 Sat Oct 29 21:08:03 2016
17916 2 0 2 Sat Oct 29 21:08:03 2016
17916 2 1 7 Sat Oct 29 21:08:03 2016
17916 2 2 8 Sat Oct 29 21:08:03 2016
17916 2 0 10 Sat Oct 29 21:08:03 2016
17916 2 1 14 Sat Oct 29 21:08:03 2016
17916 2 2 15 Sat Oct 29 21:08:03 2016
17916 2 0 17 Sat Oct 29 21:08:03 2016
17916 2 1 21 Sat Oct 29 21:08:03 2016
17916 2 2 22 Sat Oct 29 21:08:03 2016
17916 2 0 24 Sat Oct 29 21:08:03 2016
17916 2 1 28 Sat Oct 29 21:08:03 2016
17916 2 2 29 Sat Oct 29 21:08:03 2016
17916 2 0 31 Sat Oct 29 21:08:03 2016
17916 2 1 35 Sat Oct 29 21:08:03 2016
17916 2 4 36 Sat Oct 29 21:08:03 2016
17916 2 5 38 Sat Oct 29 21:08:03 2016
17925 2 2 0 Sat Oct 29 21:08:07 2016
17925 2 0 2 Sat Oct 29 21:08:07 2016
17925 2 1 7 Sat Oct 29 21:08:07 2016
17925 2 2 8 Sat Oct 29 21:08:07 2016
17925 2 0 10 Sat Oct 29 21:08:07 2016
17925 2 1 14 Sat Oct 29 21:08:07 2016
17925 2 2 15 Sat Oct 29 21:08:07 2016
17925 2 0 17 Sat Oct 29 21:08:07 2016
17925 2 1 21 Sat Oct 29 21:08:07 2016
17925 2 2 22 Sat Oct 29 21:08:07 2016
17925 2 0 24 Sat Oct 29 21:08:07 2016
17925 2 1 28 Sat Oct 29 21:08:07 2016
17925 2 2 29 Sat Oct 29 21:08:07 2016
17925 2 0 31 Sat Oct 29 21:08:07 2016
17925 2 1 35 Sat Oct 29 21:08:07 2016
17925 2 4 36 Sat Oct 29 21:08:07 2016
17925 2 5 38 Sat Oct 29 21:08:07 2016
17934 2 2 0 Sat Oct 29 21:08:11 2016
17934 2 0 2 Sat Oct 29 21:08:11 2016
17934 2 1 7 Sat Oct 29 21:08:11 2016
17934 2 2 8 Sat Oct 29 21:08:11 2016
17934 2 0 10 Sat Oct 29 21:08:11 2016
17934 2 1 14 Sat Oct 29 21:08:11 2016
17934 2 2 15 Sat Oct 29 21:08:11 2016
17934 2 0 17 Sat Oct 29 21:08:11 2016
17934 2 1 21 Sat Oct 29 21:08:11 2016
17934 2 2 22 Sat Oct 29 21:08:11 2016
17934 2 0 24 Sat Oct 29 21:08:11 2016
17934 2 1 28 Sat Oct 29 21:08:11 2016
17934 2 2 29 Sat Oct 29 21:08:11 2016
17934 2 0 31 Sat Oct 29 21:08:11 2016
17934 2 1 35 Sat Oct 29 21:08:11 2016
17934 2 4 36 Sat Oct 29 21:08:11 2016
17934 2 5 38 Sat Oct 29 21:08:11 2016
17951 2 2 0 Sat Oct 29 21:08:14 2016
17960 2 2 0 Sat Oct 29 21:08:18 2016
17960 2 0 2 Sat Oct 29 21:08:18 2016
17960 2 1 7 Sat Oct 29 21:08:18 2016
17960 2 2 8 Sat Oct 29 21:08:18 2016
17960 2 0 10 Sat Oct 29 21:08:18 2016
17960 2 1 14 Sat Oct 29 21:08:18 2016
17960 2 2 15 Sat Oct 29 21:08:18 2016
17960 2 0 17 Sat Oct 29 21:08:18 2016
17960 2 1 21 Sat Oct 29 21:08:18 2016
17960 2 2 22 Sat Oct 29 21:08:18 2016
17960 2 0 24 Sat Oct 29 21:08:18 2016
17960 2 1 28 Sat Oct 29 21:08:18 2016
17960 2 2 29 Sat Oct 29 21:08:18 2016
17960 2 0 31 Sat Oct 29 21:08:18 2016
17960 2 1 35 Sat Oct 29 21:08:18 2016
17960 2 4 36 Sat Oct 29 21:08:18 2016
17960 2 5 38 Sat Oct 29 21:08:18 2016
17972 2 2 0 Sat Oct 29 21:08:20 2016
17986 2 2 0 Sat Oct 29 21:08:37 2016
17986 2 0 2 Sat Oct 29 21:08:37 2016
17986 2 1 7 Sat Oct 29 21:08:37 2016
17986 2 2 8 Sat Oct 29 21:08:37 2016
17986 2 0 10 Sat Oct 29 21:08:37 2016
17986 2 1 14 Sat Oct 29 21:08:37 2016
17986 2 2 15 Sat Oct 29 21:08:37 2016
17986 2 0 17 Sat Oct 29 21:08:37 2016
17986 2 1 21 Sat Oct 29 21:08:37 2016
17986 2 2 22 Sat Oct 29 21:08:37 2016
17986 2 0 24 Sat Oct 29 21:08:37 2016
17986 2 1 28 Sat Oct 29 21:08:37 2016
17986 2 2 29 Sat Oct 29 21:08:37 2016
17986 2 0 31 Sat Oct 29 21:08:37 2016
17986 2 1 35 Sat Oct 29 21:08:37 2016
17986 2 4 36 Sat Oct 29 21:08:37 2016
17986 2 5 38 Sat Oct 29 21:08:37 2016
17996 2 2 0 Sat Oct 29 21:08:47 2016
17996 2 0 2 Sat Oct 29 21:08:47 2016
17996 2 1 7 Sat Oct 29 21:08:47 2016
17996 2 2 8 Sat Oct 29 21:08:47 2016
17996 2 0 10 Sat Oct 29 21:08:47 2016
17996 2 1 14 Sat Oct 29 21:08:47 2016
17996 2 2 15 Sat Oct 29 21:08:47 2016
17996 2 0 17 Sat Oct 29 21:08:47 2016
17996 2 1 21 Sat Oct 29 21:08:47 2016
17996 2 2 22 Sat Oct 29 21:08:47 2016
17996 2 0 24 Sat Oct 29 21:08:47 2016
17996 2 1 28 Sat Oct 29 21:08:47 2016
17996 2 2 29 Sat Oct 29 21:08:47 2016
17996 2 0 31 Sat Oct 29 21:08:47 2016
17996 2 1 35 Sat Oct 29 21:08:47 2016
17996 2 4 36 Sat Oct 29 21:08:47 2016
17996 2 5 38 Sat Oct 29 21:08:47 2016
18006 2 2 0 Sat Oct 29 21:08:56 2016
18019 2 2 0 Sat Oct 29 21:09:08 2016
18042 2 2 0 Sat Oct 29 21:09:40 2016
18042 2 0 2 Sat Oct 29 21:09:40 2016
18042 2 1 7 Sat Oct 29 21:09:40 2016
18042 2 2 8 Sat Oct 29 21:09:40 2016
18042 2 0 10 Sat Oct 29 21:09:40 2016
18042 2 1 14 Sat Oct 29 21:09:40 2016
18042 2 2 15 Sat Oct 29 21:09:40 2016
18042 2 0 17 Sat Oct 29 21:09:40 2016
18042 2 1 21 Sat Oct 29 21:09:40 2016
18042 2 2 22 Sat Oct 29 21:09:40 2016
18042 2 0 24 Sat Oct 29 21:09:40 2016
18042 2 1 28 Sat Oct 29 21:09:40 2016
18042 2 2 29 Sat Oct 29 21:09:40 2016
18042 2 0 31 Sat Oct 29 21:09:40 2016
18042 2 1 35 Sat Oct 29 21:09:40 2016
18042 2 4 36 Sat Oct 29 21:09:40 2016
18042 2 5 38 Sat Oct 29 21:09:40 2016
18092 2 2 0 Sat Oct 29 21:12:15 2016
18092 2 0 2 Sat Oct 29 21:12:15 2016
18092 2 1 7 Sat Oct 29 21:12:15 2016
18092 2 2 8 Sat Oct 29 21:12:15 2016
18092 2 0 10 Sat Oct 29 21:12:15 2016
18092 2 1 14 Sat Oct 29 21:12:15 2016
18092 2 2 15 Sat Oct 29 21:12:15 2016
18092 2 0 17 Sat Oct 29 21:12:15 2016
18092 2 1 21 Sat Oct 29 21:12:15 2016
18092 2 2 22 Sat Oct 29 21:12:15 2016
18092 2 0 24 Sat Oct 29 21:12:15 2016
18092 2 1 28 Sat Oct 29 21:12:15 2016
18092 2 2 29 Sat Oct 29 21:12:15 2016
18092 2 0 31 Sat Oct 29 21:12:15 2016
18092 2 1 35 Sat Oct 29 21:12:15 2016
18092 2 4 36 Sat Oct 29 21:12:15 2016
18092 2 5 38 Sat Oct 29 21:12:15 2016
18333 2 2 0 Sat Oct 29 21:15:03 2016
18333 2 0 2 Sat Oct 29 21:15:03 2016
18333 2 1 7 Sat Oct 29 21:15:03 2016
18333 2 2 8 Sat Oct 29 21:15:03 2016
18333 2 0 10 Sat Oct 29 21:15:03 2016
18333 2 1 14 Sat Oct 29 21:15:03 2016
18333 2 2 15 Sat Oct 29 21:15:03 2016
18333 2 0 17 Sat Oct 29 21:15:03 2016
18333 2 1 21 Sat Oct 29 21:15:03 2016
18333 2 2 22 Sat Oct 29 21:15:03 2016
18333 2 0 24 Sat Oct 29 21:15:03 2016
18333 2 1 28 Sat Oct 29 21:15:03 2016
18333 2 2 29 Sat Oct 29 21:15:03 2016
18333 2 0 31 Sat Oct 29 21:15:03 2016
18333 2 1 35 Sat Oct 29 21:15:03 2016
18333 2 4 36 Sat Oct 29 21:15:03 2016
18333 2 5 38 Sat Oct 29 21:15:03 2016
18347 2 2 0 Sat Oct 29 21:15:14 2016
18347 2 0 2 Sat Oct 29 21:15:14 2016
18347 2 1 7 Sat Oct 29 21:15:14 2016
18347 2 2 8 Sat Oct 29 21:15:14 2016
18347 2 0 10 Sat Oct 29 21:15:14 2016
18347 2 1 14 Sat Oct 29 21:15:14 2016
18347 2 2 15 Sat Oct 29 21:15:14 2016
18347 2 0 17 Sat Oct 29 21:15:14 2016
18347 2 1 21 Sat Oct 29 21:15:14 2016
18347 2 2 22 Sat Oct 29 21:15:14 2016
18347 2 0 24 Sat Oct 29 21:15:14 2016
18347 2 1 28 Sat Oct 29 21:15:14 2016
18347 2 2 29 Sat Oct 29 21:15:14 2016
18347 2 0 31 Sat Oct 29 21:15:14 2016
18347 2 1 35 Sat Oct 29 21:15:14 2016
18347 2 4 36 Sat Oct 29 21:15:14 2016
18347 2 5 38 Sat Oct 29 21:15:14 2016
18361 2 2 0 Sat Oct 29 21:15:21 2016
18361 2 0 2 Sat Oct 29 21:15:21 2016
18361 2 1 7 Sat Oct 29 21:15:21 2016
18361 2 2 8 Sat Oct 29 21:15:21 2016
18361 2 0 10 Sat Oct 29 21:15:21 2016
18361 2 1 14 Sat Oct 29 21:15:21 2016
18361 2 2 15 Sat Oct 29 21:15:21 2016
18361 2 0 17 Sat Oct 29 21:15:21 2016
18361 2 1 21 Sat Oct 29 21:15:21 2016
18361 2 2 22 Sat Oct 29 21:15:21 2016
18361 2 0 24 Sat Oct 29 21:15:21 2016
18361 2 1 28 Sat Oct 29 21:15:21 2016
18361 2 2 29 Sat Oct 29 21:15:21 2016
18361 2 0 31 Sat Oct 29 21:15:21 2016
18361 2 1 35 Sat Oct 29 21:15:21 2016
18361 2 4 36 Sat Oct 29 21:15:21 2016
18361 2 5 38 Sat Oct 29 21:15:21 2016
18368 2 2 0 Sat Oct 29 21:15:24 2016
18381 2 2 0 Sat Oct 29 21:15:37 2016
18381 2 0 2 Sat Oct 29 21:15:37 2016
18381 2 1 7 Sat Oct 29 21:15:37 2016
18381 2 2 8 Sat Oct 29 21:15:37 2016
18381 2 0 10 Sat Oct 29 21:15:37 2016
18381 2 1 14 Sat Oct 29 21:15:37 2016
18381 2 2 15 Sat Oct 29 21:15:37 2016
18381 2 0 17 Sat Oct 29 21:15:37 2016
18381 2 1 21 Sat Oct 29 21:15:37 2016
18381 2 2 22 Sat Oct 29 21:15:37 2016
18381 2 0 24 Sat Oct 29 21:15:37 2016
18381 2 1 28 Sat Oct 29 21:15:37 2016
18381 2 2 29 Sat Oct 29 21:15:37 2016
18381 2 0 31 Sat Oct 29 21:15:37 2016
18381 2 1 35 Sat Oct 29 21:15:37 2016
18381 2 4 36 Sat Oct 29 21:15:37 2016
18381 2 5 38 Sat Oct 29 21:15:37 2016
18410 2 2 0 Sat Oct 29 21:16:02 2016
18410 2 0 2 Sat Oct 29 21:16:02 2016
18410 2 1 7 Sat Oct 29 21:16:02 2016
18410 2 2 8 Sat Oct 29 21:16:02 2016
18410 2 0 10 Sat Oct 29 21:16:02 2016
18410 2 1 14 Sat Oct 29 21:16:02 2016
18410 2 2 15 Sat Oct 29 21:16:02 2016
18410 2 0 17 Sat Oct 29 21:16:02 2016
18410 2 1 21 Sat Oct 29 21:16:02 2016
18410 2 2 22 Sat Oct 29 21:16:02 2016
18410 2 0 24 Sat Oct 29 21:16:02 2016
18410 2 1 28 Sat Oct 29 21:16:02 2016
18410 2 2 29 Sat Oct 29 21:16:02 2016
18410 2 0 31 Sat Oct 29 21:16:02 2016
18410 2 1 35 Sat Oct 29 21:16:02 2016
18410 2 4 36 Sat Oct 29 21:16:02 2016
18410 2 5 38 Sat Oct 29 21:16:02 2016
18427 2 2 0 Sat Oct 29 21:16:11 2016
18441 2 2 0 Sat Oct 29 21:16:35 2016
18441 2 0 2 Sat Oct 29 21:16:36 2016
18441 2 1 7 Sat Oct 29 21:16:36 2016
18441 2 2 8 Sat Oct 29 21:16:36 2016
18441 2 0 10 Sat Oct 29 21:16:36 2016
18441 2 1 14 Sat Oct 29 21:16:36 2016
18441 2 2 15 Sat Oct 29 21:16:36 2016
18441 2 0 17 Sat Oct 29 21:16:36 2016
18441 2 1 21 Sat Oct 29 21:16:36 2016
18441 2 2 22 Sat Oct 29 21:16:36 2016
18441 2 0 24 Sat Oct 29 21:16:36 2016
18441 2 1 28 Sat Oct 29 21:16:36 2016
18441 2 2 29 Sat Oct 29 21:16:36 2016
18441 2 0 31 Sat Oct 29 21:16:36 2016
18441 2 1 35 Sat Oct 29 21:16:36 2016
18441 2 4 36 Sat Oct 29 21:16:36 2016
18441 2 5 38 Sat Oct 29 21:16:36 2016
18455 2 2 0 Sat Oct 29 21:16:42 2016
18464 2 2 0 Sat Oct 29 21:16:57 2016
18464 2 0 2 Sat Oct 29 21:16:57 2016
18464 2 1 7 Sat Oct 29 21:16:57 2016
18464 2 2 8 Sat Oct 29 21:16:57 2016
18464 2 0 10 Sat Oct 29 21:16:57 2016
18464 2 1 14 Sat Oct 29 21:16:57 2016
18464 2 2 15 Sat Oct 29 21:16:57 2016
18464 2 0 17 Sat Oct 29 21:16:57 2016
18464 2 1 21 Sat Oct 29 21:16:57 2016
18464 2 2 22 Sat Oct 29 21:16:57 2016
18464 2 0 24 Sat Oct 29 21:16:57 2016
18464 2 1 28 Sat Oct 29 21:16:57 2016
18464 2 2 29 Sat Oct 29 21:16:57 2016
18464 2 0 31 Sat Oct 29 21:16:57 2016
18464 2 1 35 Sat Oct 29 21:16:57 2016
18464 2 4 36 Sat Oct 29 21:16:57 2016
18464 2 5 38 Sat Oct 29 21:16:57 2016
18583 2 2 0 Sat Oct 29 21:20:20 2016
18583 2 0 2 Sat Oct 29 21:20:20 2016
18583 2 1 7 Sat Oct 29 21:20:20 2016
18583 2 2 8 Sat Oct 29 21:20:20 2016
18583 2 0 10 Sat Oct 29 21:20:20 2016
18583 2 1 14 Sat Oct 29 21:20:20 2016
18583 2 2 15 Sat Oct 29 21:20:20 2016
18583 2 0 17 Sat Oct 29 21:20:20 2016
18583 2 1 21 Sat Oct 29 21:20:20 2016
18583 2 2 22 Sat Oct 29 21:20:20 2016
18583 2 0 24 Sat Oct 29 21:20:20 2016
18583 2 1 28 Sat Oct 29 21:20:20 2016
18583 2 2 29 Sat Oct 29 21:20:20 2016
18583 2 0 31 Sat Oct 29 21:20:20 2016
18583 2 1 35 Sat Oct 29 21:20:20 2016
18583 2 4 36 Sat Oct 29 21:20:20 2016
18583 2 5 38 Sat Oct 29 21:20:20 2016
18595 2 2 0 Sat Oct 29 21:20:24 2016
18607 2 2 0 Sat Oct 29 21:20:35 2016
18607 2 0 2 Sat Oct 29 21:20:35 2016
18607 2 1 7 Sat Oct 29 21:20:35 2016
18607 2 2 8 Sat Oct 29 21:20:35 2016
18607 2 0 10 Sat Oct 29 21:20:35 2016
18607 2 1 14 Sat Oct 29 21:20:35 2016
18607 2 2 15 Sat Oct 29 21:20:35 2016
18607 2 0 17 Sat Oct 29 21:20:35 2016
18607 2 1 21 Sat Oct 29 21:20:35 2016
18607 2 2 22 Sat Oct 29 21:20:35 2016
18607 2 0 24 Sat Oct 29 21:20:35 2016
18607 2 1 28 Sat Oct 29 21:20:35 2016
18607 2 2 29 Sat Oct 29 21:20:35 2016
18607 2 0 31 Sat Oct 29 21:20:35 2016
18607 2 1 35 Sat Oct 29 21:20:35 2016
18607 2 4 36 Sat Oct 29 21:20:35 2016
18607 2 5 38 Sat Oct 29 21:20:35 2016
18616 2 2 0 Sat Oct 29 21:20:37 2016
18630 2 2 0 Sat Oct 29 21:20:52 2016
18630 2 0 2 Sat Oct 29 21:20:52 2016
18630 2 1 7 Sat Oct 29 21:20:52 2016
18630 2 2 8 Sat Oct 29 21:20:52 2016
18630 2 0 10 Sat Oct 29 21:20:52 2016
18630 2 1 14 Sat Oct 29 21:20:52 2016
18630 2 2 15 Sat Oct 29 21:20:52 2016
18630 2 0 17 Sat Oct 29 21:20:52 2016
18630 2 1 21 Sat Oct 29 21:20:52 2016
18630 2 2 22 Sat Oct 29 21:20:52 2016
18630 2 0 24 Sat Oct 29 21:20:52 2016
18630 2 1 28 Sat Oct 29 21:20:52 2016
18630 2 2 29 Sat Oct 29 21:20:52 2016
18630 2 0 31 Sat Oct 29 21:20:52 2016
18630 2 1 35 Sat Oct 29 21:20:52 2016
18630 2 4 36 Sat Oct 29 21:20:52 2016
18630 2 5 38 Sat Oct 29 21:20:52 2016
18639 2 2 0 Sat Oct 29 21:20:57 2016
18639 2 0 2 Sat Oct 29 21:20:57 2016
18639 2 1 7 Sat Oct 29 21:20:57 2016
18639 2 2 8 Sat Oct 29 21:20:57 2016
18639 2 0 10 Sat Oct 29 21:20:57 2016
18639 2 1 14 Sat Oct 29 21:20:57 2016
18639 2 2 15 Sat Oct 29 21:20:57 2016
18639 2 0 17 Sat Oct 29 21:20:57 2016
18639 2 1 21 Sat Oct 29 21:20:57 2016
18639 2 2 22 Sat Oct 29 21:20:57 2016
18639 2 0 24 Sat Oct 29 21:20:57 2016
18639 2 1 28 Sat Oct 29 21:20:57 2016
18639 2 2 29 Sat Oct 29 21:20:57 2016
18639 2 0 31 Sat Oct 29 21:20:57 2016
18639 2 1 35 Sat Oct 29 21:20:57 2016
18639 2 4 36 Sat Oct 29 21:20:57 2016
18639 2 5 38 Sat Oct 29 21:20:57 2016
18651 2 2 0 Sat Oct 29 21:21:00 2016
18651 2 0 2 Sat Oct 29 21:21:00 2016
18651 2 1 7 Sat Oct 29 21:21:00 2016
18651 2 2 8 Sat Oct 29 21:21:00 2016
18651 2 0 10 Sat Oct 29 21:21:00 2016
18651 2 1 14 Sat Oct 29 21:21:00 2016
18651 2 2 15 Sat Oct 29 21:21:00 2016
18651 2 0 17 Sat Oct 29 21:21:00 2016
18651 2 1 21 Sat Oct 29 21:21:00 2016
18651 2 2 22 Sat Oct 29 21:21:00 2016
18651 2 0 24 Sat Oct 29 21:21:00 2016
18651 2 1 28 Sat Oct 29 21:21:00 2016
18651 2 2 29 Sat Oct 29 21:21:00 2016
18651 2 0 31 Sat Oct 29 21:21:00 2016
18651 2 1 35 Sat Oct 29 21:21:00 2016
18651 2 4 36 Sat Oct 29 21:21:00 2016
18651 2 5 38 Sat Oct 29 21:21:00 2016
18747 2 2 0 Sat Oct 29 21:21:54 2016
18747 2 0 2 Sat Oct 29 21:21:54 2016
18747 2 1 7 Sat Oct 29 21:21:54 2016
18747 2 2 8 Sat Oct 29 21:21:54 2016
18747 2 0 10 Sat Oct 29 21:21:54 2016
18747 2 1 14 Sat Oct 29 21:21:54 2016
18747 2 2 15 Sat Oct 29 21:21:54 2016
18747 2 0 17 Sat Oct 29 21:21:54 2016
18747 2 1 21 Sat Oct 29 21:21:54 2016
18747 2 2 22 Sat Oct 29 21:21:54 2016
18747 2 0 24 Sat Oct 29 21:21:54 2016
18747 2 1 28 Sat Oct 29 21:21:54 2016
18747 2 2 29 Sat Oct 29 21:21:54 2016
18747 2 0 31 Sat Oct 29 21:21:54 2016
18747 2 1 35 Sat Oct 29 21:21:54 2016
18747 2 4 36 Sat Oct 29 21:21:54 2016
18747 2 5 38 Sat Oct 29 21:21:54 2016
18808 2 2 0 Sat Oct 29 21:22:04 2016
18808 2 0 2 Sat Oct 29 21:22:04 2016
18808 2 1 7 Sat Oct 29 21:22:04 2016
18808 2 2 8 Sat Oct 29 21:22:04 2016
18808 2 0 10 Sat Oct 29 21:22:04 2016
18808 2 1 14 Sat Oct 29 21:22:04 2016
18808 2 2 15 Sat Oct 29 21:22:04 2016
18808 2 0 17 Sat Oct 29 21:22:04 2016
18808 2 1 21 Sat Oct 29 21:22:04 2016
18808 2 2 22 Sat Oct 29 21:22:04 2016
18808 2 0 24 Sat Oct 29 21:22:04 2016
18808 2 1 28 Sat Oct 29 21:22:04 2016
18808 2 2 29 Sat Oct 29 21:22:04 2016
18808 2 0 31 Sat Oct 29 21:22:04 2016
18808 2 1 35 Sat Oct 29 21:22:04 2016
18808 2 4 36 Sat Oct 29 21:22:04 2016
18808 2 5 38 Sat Oct 29 21:22:04 2016
18867 2 2 0 Sat Oct 29 21:22:14 2016
18867 2 0 2 Sat Oct 29 21:22:14 2016
18867 2 1 7 Sat Oct 29 21:22:14 2016
18867 2 2 8 Sat Oct 29 21:22:14 2016
18867 2 0 10 Sat Oct 29 21:22:14 2016
18867 2 1 14 Sat Oct 29 21:22:14 2016
18867 2 2 15 Sat Oct 29 21:22:14 2016
18867 2 0 17 Sat Oct 29 21:22:14 2016
18867 2 1 21 Sat Oct 29 21:22:14 2016
18867 2 2 22 Sat Oct 29 21:22:14 2016
18867 2 0 24 Sat Oct 29 21:22:14 2016
18867 2 1 28 Sat Oct 29 21:22:14 2016
18867 2 2 29 Sat Oct 29 21:22:14 2016
18867 2 0 31 Sat Oct 29 21:22:14 2016
18867 2 1 35 Sat Oct 29 21:22:14 2016
18867 2 4 36 Sat Oct 29 21:22:14 2016
18867 2 5 38 Sat Oct 29 21:22:14 2016
18922 2 2 0 Sat Oct 29 21:22:20 2016
18922 2 0 2 Sat Oct 29 21:22:20 2016
18922 2 1 7 Sat Oct 29 21:22:20 2016
18922 2 2 8 Sat Oct 29 21:22:20 2016
18922 2 0 10 Sat Oct 29 21:22:20 2016
18922 2 1 14 Sat Oct 29 21:22:20 2016
18922 2 2 15 Sat Oct 29 21:22:20 2016
18922 2 0 17 Sat Oct 29 21:22:20 2016
18922 2 1 21 Sat Oct 29 21:22:20 2016
18922 2 2 22 Sat Oct 29 21:22:20 2016
18922 2 0 24 Sat Oct 29 21:22:20 2016
18922 2 1 28 Sat Oct 29 21:22:20 2016
18922 2 2 29 Sat Oct 29 21:22:20 2016
18922 2 0 31 Sat Oct 29 21:22:20 2016
18922 2 1 35 Sat Oct 29 21:22:20 2016
18922 2 4 36 Sat Oct 29 21:22:20 2016
18922 2 5 38 Sat Oct 29 21:22:20 2016
18980 2 2 0 Sat Oct 29 21:22:29 2016
18980 2 0 2 Sat Oct 29 21:22:29 2016
18980 2 1 7 Sat Oct 29 21:22:29 2016
18980 2 2 8 Sat Oct 29 21:22:29 2016
18980 2 0 10 Sat Oct 29 21:22:29 2016
18980 2 1 14 Sat Oct 29 21:22:29 2016
18980 2 2 15 Sat Oct 29 21:22:29 2016
18980 2 0 17 Sat Oct 29 21:22:29 2016
18980 2 1 21 Sat Oct 29 21:22:29 2016
18980 2 2 22 Sat Oct 29 21:22:29 2016
18980 2 0 24 Sat Oct 29 21:22:29 2016
18980 2 1 28 Sat Oct 29 21:22:29 2016
18980 2 2 29 Sat Oct 29 21:22:29 2016
18980 2 0 31 Sat Oct 29 21:22:29 2016
18980 2 1 35 Sat Oct 29 21:22:29 2016
18980 2 4 36 Sat Oct 29 21:22:29 2016
18980 2 5 38 Sat Oct 29 21:22:29 2016
19037 2 2 0 Sat Oct 29 21:22:39 2016
19037 2 0 2 Sat Oct 29 21:22:39 2016
19037 2 1 7 Sat Oct 29 21:22:39 2016
19037 2 2 8 Sat Oct 29 21:22:39 2016
19037 2 0 10 Sat Oct 29 21:22:39 2016
19037 2 1 14 Sat Oct 29 21:22:39 2016
19037 2 2 15 Sat Oct 29 21:22:39 2016
19037 2 0 17 Sat Oct 29 21:22:39 2016
19037 2 1 21 Sat Oct 29 21:22:39 2016
19037 2 2 22 Sat Oct 29 21:22:39 2016
19037 2 0 24 Sat Oct 29 21:22:39 2016
19037 2 1 28 Sat Oct 29 21:22:39 2016
19037 2 2 29 Sat Oct 29 21:22:39 2016
19037 2 0 31 Sat Oct 29 21:22:39 2016
19037 2 1 35 Sat Oct 29 21:22:39 2016
19037 2 4 36 Sat Oct 29 21:22:39 2016
19037 2 5 38 Sat Oct 29 21:22:39 2016
19065 2 2 0 Sat Oct 29 21:22:44 2016
19303 2 2 0 Sat Oct 29 21:27:15 2016
19303 2 0 2 Sat Oct 29 21:27:15 2016
19303 2 1 7 Sat Oct 29 21:27:15 2016
19303 2 2 8 Sat Oct 29 21:27:15 2016
19303 2 0 10 Sat Oct 29 21:27:15 2016
19303 2 1 14 Sat Oct 29 21:27:15 2016
19303 2 2 15 Sat Oct 29 21:27:15 2016
19303 2 0 17 Sat Oct 29 21:27:15 2016
19303 2 1 21 Sat Oct 29 21:27:15 2016
19303 2 2 22 Sat Oct 29 21:27:15 2016
19303 2 0 24 Sat Oct 29 21:27:15 2016
19303 2 1 28 Sat Oct 29 21:27:15 2016
19303 2 2 29 Sat Oct 29 21:27:15 2016
19303 2 0 31 Sat Oct 29 21:27:15 2016
19303 2 1 35 Sat Oct 29 21:27:15 2016
19303 2 4 36 Sat Oct 29 21:27:15 2016
19303 2 5 38 Sat Oct 29 21:27:15 2016
19335 2 2 0 Sat Oct 29 21:27:20 2016
19335 2 0 2 Sat Oct 29 21:27:22 2016
19335 2 1 7 Sat Oct 29 21:27:22 2016
19335 2 2 8 Sat Oct 29 21:27:22 2016
19335 2 0 10 Sat Oct 29 21:27:22 2016
19335 2 1 14 Sat Oct 29 21:27:22 2016
19335 2 2 15 Sat Oct 29 21:27:22 2016
19335 2 0 17 Sat Oct 29 21:27:22 2016
19335 2 1 21 Sat Oct 29 21:27:22 2016
19335 2 2 22 Sat Oct 29 21:27:22 2016
19335 2 0 24 Sat Oct 29 21:27:22 2016
19335 2 1 28 Sat Oct 29 21:27:22 2016
19335 2 2 29 Sat Oct 29 21:27:22 2016
19335 2 0 31 Sat Oct 29 21:27:22 2016
19335 2 1 35 Sat Oct 29 21:27:22 2016
19335 2 4 36 Sat Oct 29 21:27:22 2016
19335 2 5 38 Sat Oct 29 21:27:22 2016
19422 2 2 0 Sat Oct 29 21:27:29 2016
19422 2 0 2 Sat Oct 29 21:27:29 2016
19422 2 1 7 Sat Oct 29 21:27:29 2016
19422 2 2 8 Sat Oct 29 21:27:29 2016
19422 2 0 10 Sat Oct 29 21:27:29 2016
19422 2 1 14 Sat Oct 29 21:27:29 2016
19422 2 2 15 Sat Oct 29 21:27:29 2016
19422 2 0 17 Sat Oct 29 21:27:29 2016
19422 2 1 21 Sat Oct 29 21:27:29 2016
19422 2 2 22 Sat Oct 29 21:27:29 2016
19422 2 0 24 Sat Oct 29 21:27:29 2016
19422 2 1 28 Sat Oct 29 21:27:29 2016
19422 2 2 29 Sat Oct 29 21:27:29 2016
19422 2 0 31 Sat Oct 29 21:27:29 2016
19422 2 1 35 Sat Oct 29 21:27:29 2016
19422 2 4 36 Sat Oct 29 21:27:29 2016
19422 2 5 38 Sat Oct 29 21:27:29 2016
19560 2 2 0 Sat Oct 29 21:33:13 2016
19560 2 0 2 Sat Oct 29 21:33:13 2016
19560 2 1 7 Sat Oct 29 21:33:13 2016
19560 2 2 8 Sat Oct 29 21:33:13 2016
19560 2 0 10 Sat Oct 29 21:33:13 2016
19560 2 1 14 Sat Oct 29 21:33:13 2016
19560 2 2 15 Sat Oct 29 21:33:13 2016
19560 2 0 17 Sat Oct 29 21:33:13 2016
19560 2 1 21 Sat Oct 29 21:33:13 2016
19560 2 2 22 Sat Oct 29 21:33:13 2016
19560 2 0 24 Sat Oct 29 21:33:13 2016
19560 2 1 28 Sat Oct 29 21:33:13 2016
19560 2 2 29 Sat Oct 29 21:33:13 2016
19560 2 0 31 Sat Oct 29 21:33:13 2016
19560 2 1 35 Sat Oct 29 21:33:13 2016
19560 2 4 36 Sat Oct 29 21:33:13 2016
19560 2 5 38 Sat Oct 29 21:33:13 2016
19569 2 2 0 Sat Oct 29 21:33:16 2016
19583 2 2 0 Sat Oct 29 21:33:31 2016
19583 2 0 2 Sat Oct 29 21:33:31 2016
19583 2 1 7 Sat Oct 29 21:33:31 2016
19583 2 2 8 Sat Oct 29 21:33:31 2016
19583 2 0 10 Sat Oct 29 21:33:31 2016
19583 2 1 14 Sat Oct 29 21:33:31 2016
19583 2 2 15 Sat Oct 29 21:33:31 2016
19583 2 0 17 Sat Oct 29 21:33:31 2016
19583 2 1 21 Sat Oct 29 21:33:31 2016
19583 2 2 22 Sat Oct 29 21:33:31 2016
19583 2 0 24 Sat Oct 29 21:33:31 2016
19583 2 1 28 Sat Oct 29 21:33:31 2016
19583 2 2 29 Sat Oct 29 21:33:31 2016
19583 2 0 31 Sat Oct 29 21:33:31 2016
19583 2 1 35 Sat Oct 29 21:33:31 2016
19583 2 4 36 Sat Oct 29 21:33:31 2016
19583 2 5 38 Sat Oct 29 21:33:31 2016
19583 2 5 40 Sat Oct 29 21:33:31 2016
19669 2 2 0 Sat Oct 29 21:35:13 2016
19669 2 0 2 Sat Oct 29 21:35:13 2016
19669 2 1 7 Sat Oct 29 21:35:13 2016
19669 2 2 8 Sat Oct 29 21:35:13 2016
19669 2 0 10 Sat Oct 29 21:35:13 2016
19669 2 1 14 Sat Oct 29 21:35:13 2016
19669 2 2 15 Sat Oct 29 21:35:13 2016
19669 2 0 17 Sat Oct 29 21:35:13 2016
19669 2 1 21 Sat Oct 29 21:35:13 2016
19669 2 2 22 Sat Oct 29 21:35:13 2016
19669 2 0 24 Sat Oct 29 21:35:13 2016
19669 2 1 28 Sat Oct 29 21:35:13 2016
19669 2 2 29 Sat Oct 29 21:35:13 2016
19669 2 0 31 Sat Oct 29 21:35:13 2016
19669 2 1 35 Sat Oct 29 21:35:13 2016
19669 2 4 36 Sat Oct 29 21:35:13 2016
19669 2 5 38 Sat Oct 29 21:35:13 2016
19836 2 2 0 Sat Oct 29 21:41:27 2016
19836 2 0 2 Sat Oct 29 21:41:27 2016
19836 2 1 7 Sat Oct 29 21:41:27 2016
19836 2 2 8 Sat Oct 29 21:41:27 2016
19836 2 0 10 Sat Oct 29 21:41:27 2016
19836 2 1 14 Sat Oct 29 21:41:27 2016
19836 2 2 15 Sat Oct 29 21:41:27 2016
19836 2 0 17 Sat Oct 29 21:41:27 2016
19836 2 1 21 Sat Oct 29 21:41:27 2016
19836 2 2 22 Sat Oct 29 21:41:27 2016
19836 2 0 24 Sat Oct 29 21:41:27 2016
19836 2 1 28 Sat Oct 29 21:41:27 2016
19836 2 2 29 Sat Oct 29 21:41:27 2016
19836 2 0 31 Sat Oct 29 21:41:27 2016
19836 2 1 35 Sat Oct 29 21:41:27 2016
19836 2 4 36 Sat Oct 29 21:41:27 2016
19836 2 5 38 Sat Oct 29 21:41:27 2016
19863 2 2 0 Sat Oct 29 21:42:28 2016
19863 2 0 2 Sat Oct 29 21:42:28 2016
19863 2 1 7 Sat Oct 29 21:42:28 2016
19863 2 2 8 Sat Oct 29 21:42:28 2016
19863 2 0 10 Sat Oct 29 21:42:28 2016
19863 2 1 14 Sat Oct 29 21:42:28 2016
19863 2 2 15 Sat Oct 29 21:42:28 2016
19863 2 0 17 Sat Oct 29 21:42:28 2016
19863 2 1 21 Sat Oct 29 21:42:28 2016
19863 2 2 22 Sat Oct 29 21:42:28 2016
19863 2 0 24 Sat Oct 29 21:42:28 2016
19863 2 1 28 Sat Oct 29 21:42:28 2016
19863 2 2 29 Sat Oct 29 21:42:28 2016
19863 2 0 31 Sat Oct 29 21:42:28 2016
19863 2 1 35 Sat Oct 29 21:42:28 2016
19863 2 4 36 Sat Oct 29 21:42:28 2016
19863 2 5 38 Sat Oct 29 21:42:28 2016
19877 2 2 0 Sat Oct 29 21:43:07 2016
19886 2 2 0 Sat Oct 29 21:43:17 2016
19886 2 0 2 Sat Oct 29 21:43:17 2016
19886 2 1 7 Sat Oct 29 21:43:17 2016
19886 2 2 8 Sat Oct 29 21:43:17 2016
19886 2 0 10 Sat Oct 29 21:43:17 2016
19886 2 1 14 Sat Oct 29 21:43:17 2016
19886 2 2 15 Sat Oct 29 21:43:17 2016
19886 2 0 17 Sat Oct 29 21:43:17 2016
19886 2 1 21 Sat Oct 29 21:43:17 2016
19886 2 2 22 Sat Oct 29 21:43:17 2016
19886 2 0 24 Sat Oct 29 21:43:17 2016
19886 2 1 28 Sat Oct 29 21:43:17 2016
19886 2 2 29 Sat Oct 29 21:43:17 2016
19886 2 0 31 Sat Oct 29 21:43:17 2016
19886 2 1 35 Sat Oct 29 21:43:17 2016
19886 2 4 36 Sat Oct 29 21:43:17 2016
19886 2 5 38 Sat Oct 29 21:43:17 2016
19898 2 2 0 Sat Oct 29 21:43:22 2016
19898 2 0 2 Sat Oct 29 21:43:22 2016
19898 2 1 7 Sat Oct 29 21:43:22 2016
19898 2 2 8 Sat Oct 29 21:43:22 2016
19898 2 0 10 Sat Oct 29 21:43:22 2016
19898 2 1 14 Sat Oct 29 21:43:22 2016
19898 2 2 15 Sat Oct 29 21:43:22 2016
19898 2 0 17 Sat Oct 29 21:43:22 2016
19898 2 1 21 Sat Oct 29 21:43:22 2016
19898 2 2 22 Sat Oct 29 21:43:22 2016
19898 2 0 24 Sat Oct 29 21:43:22 2016
19898 2 1 28 Sat Oct 29 21:43:22 2016
19898 2 2 29 Sat Oct 29 21:43:22 2016
19898 2 0 31 Sat Oct 29 21:43:22 2016
19898 2 1 35 Sat Oct 29 21:43:22 2016
19898 2 4 36 Sat Oct 29 21:43:22 2016
19898 2 5 38 Sat Oct 29 21:43:22 2016
19970 2 2 0 Sat Oct 29 21:44:15 2016
19970 2 0 2 Sat Oct 29 21:44:15 2016
19970 2 1 7 Sat Oct 29 21:44:15 2016
19970 2 2 8 Sat Oct 29 21:44:15 2016
19970 2 0 10 Sat Oct 29 21:44:15 2016
19970 2 1 14 Sat Oct 29 21:44:15 2016
19970 2 2 15 Sat Oct 29 21:44:15 2016
19970 2 0 17 Sat Oct 29 21:44:15 2016
19970 2 1 21 Sat Oct 29 21:44:15 2016
19970 2 2 22 Sat Oct 29 21:44:15 2016
19970 2 0 24 Sat Oct 29 21:44:15 2016
19970 2 1 28 Sat Oct 29 21:44:15 2016
19970 2 2 29 Sat Oct 29 21:44:15 2016
19970 2 0 31 Sat Oct 29 21:44:15 2016
19970 2 1 35 Sat Oct 29 21:44:15 2016
19970 2 4 36 Sat Oct 29 21:44:15 2016
19970 2 5 38 Sat Oct 29 21:44:15 2016
19979 2 2 0 Sat Oct 29 21:44:19 2016
19979 2 0 2 Sat Oct 29 21:44:19 2016
19979 2 1 7 Sat Oct 29 21:44:19 2016
19979 2 2 8 Sat Oct 29 21:44:19 2016
19979 2 0 10 Sat Oct 29 21:44:19 2016
19979 2 1 14 Sat Oct 29 21:44:19 2016
19979 2 2 15 Sat Oct 29 21:44:19 2016
19979 2 0 17 Sat Oct 29 21:44:19 2016
19979 2 1 21 Sat Oct 29 21:44:19 2016
19979 2 2 22 Sat Oct 29 21:44:19 2016
19979 2 0 24 Sat Oct 29 21:44:19 2016
19979 2 1 28 Sat Oct 29 21:44:19 2016
19979 2 2 29 Sat Oct 29 21:44:19 2016
19979 2 0 31 Sat Oct 29 21:44:19 2016
19979 2 1 35 Sat Oct 29 21:44:19 2016
19979 2 4 36 Sat Oct 29 21:44:19 2016
19979 2 5 38 Sat Oct 29 21:44:19 2016
21446 2 2 0 Sat Oct 29 22:32:47 2016
21446 2 0 2 Sat Oct 29 22:32:47 2016
21446 2 1 7 Sat Oct 29 22:32:47 2016
21446 2 2 8 Sat Oct 29 22:32:47 2016
21446 2 0 10 Sat Oct 29 22:32:47 2016
21446 2 1 14 Sat Oct 29 22:32:47 2016
21446 2 2 15 Sat Oct 29 22:32:47 2016
21446 2 0 17 Sat Oct 29 22:32:47 2016
21446 2 1 21 Sat Oct 29 22:32:47 2016
21446 2 2 22 Sat Oct 29 22:32:47 2016
21446 2 0 24 Sat Oct 29 22:32:47 2016
21446 2 1 28 Sat Oct 29 22:32:47 2016
21446 2 2 29 Sat Oct 29 22:32:47 2016
21446 2 0 31 Sat Oct 29 22:32:47 2016
21446 2 1 35 Sat Oct 29 22:32:47 2016
21446 2 4 36 Sat Oct 29 22:32:47 2016
21446 2 5 38 Sat Oct 29 22:32:47 2016
21459 2 2 0 Sat Oct 29 22:33:10 2016
21459 2 0 2 Sat Oct 29 22:33:10 2016
21459 2 1 7 Sat Oct 29 22:33:10 2016
21459 2 2 8 Sat Oct 29 22:33:10 2016
21459 2 0 10 Sat Oct 29 22:33:10 2016
21459 2 1 14 Sat Oct 29 22:33:10 2016
21459 2 2 15 Sat Oct 29 22:33:10 2016
21459 2 0 17 Sat Oct 29 22:33:10 2016
21459 2 1 21 Sat Oct 29 22:33:10 2016
21459 2 2 22 Sat Oct 29 22:33:10 2016
21459 2 0 24 Sat Oct 29 22:33:10 2016
21459 2 1 28 Sat Oct 29 22:33:10 2016
21459 2 2 29 Sat Oct 29 22:33:10 2016
21459 2 0 31 Sat Oct 29 22:33:10 2016
21459 2 1 35 Sat Oct 29 22:33:10 2016
21459 2 4 36 Sat Oct 29 22:33:10 2016
21459 2 5 38 Sat Oct 29 22:33:10 2016
21722 2 2 0 Sat Oct 29 22:37:22 2016
21722 2 0 2 Sat Oct 29 22:37:22 2016
21722 2 1 7 Sat Oct 29 22:37:22 2016
21722 2 2 8 Sat Oct 29 22:37:22 2016
21722 2 0 10 Sat Oct 29 22:37:22 2016
21722 2 1 14 Sat Oct 29 22:37:22 2016
21722 2 2 15 Sat Oct 29 22:37:22 2016
21722 2 0 17 Sat Oct 29 22:37:22 2016
21722 2 1 21 Sat Oct 29 22:37:22 2016
21722 2 2 22 Sat Oct 29 22:37:22 2016
21722 2 0 24 Sat Oct 29 22:37:22 2016
21722 2 1 28 Sat Oct 29 22:37:22 2016
21722 2 2 29 Sat Oct 29 22:37:22 2016
21722 2 0 31 Sat Oct 29 22:37:22 2016
21722 2 1 35 Sat Oct 29 22:37:22 2016
21722 2 4 36 Sat Oct 29 22:37:22 2016
21722 2 5 38 Sat Oct 29 22:37:22 2016
21734 2 2 0 Sat Oct 29 22:37:31 2016
21734 2 0 2 Sat Oct 29 22:37:31 2016
21734 2 1 7 Sat Oct 29 22:37:31 2016
21734 2 2 8 Sat Oct 29 22:37:31 2016
21734 2 0 10 Sat Oct 29 22:37:31 2016
21734 2 1 14 Sat Oct 29 22:37:31 2016
21734 2 2 15 Sat Oct 29 22:37:31 2016
21734 2 0 17 Sat Oct 29 22:37:31 2016
21734 2 1 21 Sat Oct 29 22:37:31 2016
21734 2 2 22 Sat Oct 29 22:37:31 2016
21734 2 0 24 Sat Oct 29 22:37:31 2016
21734 2 1 28 Sat Oct 29 22:37:31 2016
21734 2 2 29 Sat Oct 29 22:37:31 2016
21734 2 0 31 Sat Oct 29 22:37:31 2016
21734 2 1 35 Sat Oct 29 22:37:31 2016
21734 2 4 36 Sat Oct 29 22:37:31 2016
21734 2 5 38 Sat Oct 29 22:37:31 2016
21743 2 2 0 Sat Oct 29 22:37:34 2016
21753 2 2 0 Sat Oct 29 22:37:45 2016
21753 2 0 2 Sat Oct 29 22:37:45 2016
21753 2 1 7 Sat Oct 29 22:37:45 2016
21753 2 2 8 Sat Oct 29 22:37:45 2016
21753 2 0 10 Sat Oct 29 22:37:45 2016
21753 2 1 14 Sat Oct 29 22:37:45 2016
21753 2 2 15 Sat Oct 29 22:37:45 2016
21753 2 0 17 Sat Oct 29 22:37:45 2016
21753 2 1 21 Sat Oct 29 22:37:45 2016
21753 2 2 22 Sat Oct 29 22:37:45 2016
21753 2 0 24 Sat Oct 29 22:37:45 2016
21753 2 1 28 Sat Oct 29 22:37:45 2016
21753 2 2 29 Sat Oct 29 22:37:45 2016
21753 2 0 31 Sat Oct 29 22:37:45 2016
21753 2 1 35 Sat Oct 29 22:37:45 2016
21753 2 4 36 Sat Oct 29 22:37:45 2016
21753 2 5 38 Sat Oct 29 22:37:45 2016
21763 2 2 0 Sat Oct 29 22:37:53 2016
21763 2 0 2 Sat Oct 29 22:37:53 2016
21763 2 1 7 Sat Oct 29 22:37:53 2016
21763 2 2 8 Sat Oct 29 22:37:53 2016
21763 2 0 10 Sat Oct 29 22:37:53 2016
21763 2 1 14 Sat Oct 29 22:37:53 2016
21763 2 2 15 Sat Oct 29 22:37:53 2016
21763 2 0 17 Sat Oct 29 22:37:53 2016
21763 2 1 21 Sat Oct 29 22:37:53 2016
21763 2 2 22 Sat Oct 29 22:37:53 2016
21763 2 0 24 Sat Oct 29 22:37:53 2016
21763 2 1 28 Sat Oct 29 22:37:53 2016
21763 2 2 29 Sat Oct 29 22:37:53 2016
21763 2 0 31 Sat Oct 29 22:37:53 2016
21763 2 1 35 Sat Oct 29 22:37:53 2016
21763 2 4 36 Sat Oct 29 22:37:53 2016
21763 2 5 38 Sat Oct 29 22:37:53 2016
21773 2 2 0 Sat Oct 29 22:37:56 2016
21773 2 0 2 Sat Oct 29 22:37:56 2016
21773 2 1 7 Sat Oct 29 22:37:56 2016
21773 2 2 8 Sat Oct 29 22:37:56 2016
21773 2 0 10 Sat Oct 29 22:37:56 2016
21773 2 1 14 Sat Oct 29 22:37:56 2016
21773 2 2 15 Sat Oct 29 22:37:56 2016
21773 2 0 17 Sat Oct 29 22:37:56 2016
21773 2 1 21 Sat Oct 29 22:37:56 2016
21773 2 2 22 Sat Oct 29 22:37:56 2016
21773 2 0 24 Sat Oct 29 22:37:56 2016
21773 2 1 28 Sat Oct 29 22:37:56 2016
21773 2 2 29 Sat Oct 29 22:37:56 2016
21773 2 0 31 Sat Oct 29 22:37:56 2016
21773 2 1 35 Sat Oct 29 22:37:56 2016
21773 2 4 36 Sat Oct 29 22:37:56 2016
21773 2 5 38 Sat Oct 29 22:37:56 2016
21784 2 2 0 Sat Oct 29 22:38:00 2016
21784 2 0 2 Sat Oct 29 22:38:00 2016
21784 2 1 7 Sat Oct 29 22:38:00 2016
21784 2 2 8 Sat Oct 29 22:38:00 2016
21784 2 0 10 Sat Oct 29 22:38:00 2016
21784 2 1 14 Sat Oct 29 22:38:00 2016
21784 2 2 15 Sat Oct 29 22:38:00 2016
21784 2 0 17 Sat Oct 29 22:38:00 2016
21784 2 1 21 Sat Oct 29 22:38:00 2016
21784 2 2 22 Sat Oct 29 22:38:00 2016
21784 2 0 24 Sat Oct 29 22:38:00 2016
21784 2 1 28 Sat Oct 29 22:38:00 2016
21784 2 2 29 Sat Oct 29 22:38:00 2016
21784 2 0 31 Sat Oct 29 22:38:00 2016
21784 2 1 35 Sat Oct 29 22:38:00 2016
21784 2 4 36 Sat Oct 29 22:38:00 2016
21784 2 5 38 Sat Oct 29 22:38:00 2016
21794 2 2 0 Sat Oct 29 22:38:04 2016
21794 2 0 2 Sat Oct 29 22:38:04 2016
21794 2 1 7 Sat Oct 29 22:38:04 2016
21794 2 2 8 Sat Oct 29 22:38:04 2016
21794 2 0 10 Sat Oct 29 22:38:04 2016
21794 2 1 14 Sat Oct 29 22:38:04 2016
21794 2 2 15 Sat Oct 29 22:38:04 2016
21794 2 0 17 Sat Oct 29 22:38:04 2016
21794 2 1 21 Sat Oct 29 22:38:04 2016
21794 2 2 22 Sat Oct 29 22:38:04 2016
21794 2 0 24 Sat Oct 29 22:38:04 2016
21794 2 1 28 Sat Oct 29 22:38:04 2016
21794 2 2 29 Sat Oct 29 22:38:04 2016
21794 2 0 31 Sat Oct 29 22:38:04 2016
21794 2 1 35 Sat Oct 29 22:38:04 2016
21794 2 4 36 Sat Oct 29 22:38:04 2016
21794 2 5 38 Sat Oct 29 22:38:04 2016
21803 2 2 0 Sat Oct 29 22:38:07 2016
21803 2 0 2 Sat Oct 29 22:38:07 2016
21803 2 1 7 Sat Oct 29 22:38:07 2016
21803 2 2 8 Sat Oct 29 22:38:07 2016
21803 2 0 10 Sat Oct 29 22:38:07 2016
21803 2 1 14 Sat Oct 29 22:38:07 2016
21803 2 2 15 Sat Oct 29 22:38:07 2016
21803 2 0 17 Sat Oct 29 22:38:07 2016
21803 2 1 21 Sat Oct 29 22:38:07 2016
21803 2 2 22 Sat Oct 29 22:38:07 2016
21803 2 0 24 Sat Oct 29 22:38:07 2016
21803 2 1 28 Sat Oct 29 22:38:07 2016
21803 2 2 29 Sat Oct 29 22:38:07 2016
21803 2 0 31 Sat Oct 29 22:38:07 2016
21803 2 1 35 Sat Oct 29 22:38:07 2016
21803 2 4 36 Sat Oct 29 22:38:07 2016
21803 2 5 38 Sat Oct 29 22:38:07 2016
21810 2 2 0 Sat Oct 29 22:38:08 2016
21827 2 2 0 Sat Oct 29 22:38:17 2016
21827 2 0 2 Sat Oct 29 22:38:17 2016
21827 2 1 7 Sat Oct 29 22:38:17 2016
21827 2 2 8 Sat Oct 29 22:38:17 2016
21827 2 0 10 Sat Oct 29 22:38:17 2016
21827 2 1 14 Sat Oct 29 22:38:17 2016
21827 2 2 15 Sat Oct 29 22:38:17 2016
21827 2 0 17 Sat Oct 29 22:38:17 2016
21827 2 1 21 Sat Oct 29 22:38:17 2016
21827 2 2 22 Sat Oct 29 22:38:17 2016
21827 2 0 24 Sat Oct 29 22:38:17 2016
21827 2 1 28 Sat Oct 29 22:38:17 2016
21827 2 2 29 Sat Oct 29 22:38:17 2016
21827 2 0 31 Sat Oct 29 22:38:17 2016
21827 2 1 35 Sat Oct 29 22:38:17 2016
21827 2 4 36 Sat Oct 29 22:38:17 2016
21827 2 5 38 Sat Oct 29 22:38:17 2016
21837 2 2 0 Sat Oct 29 22:38:24 2016
21837 2 0 2 Sat Oct 29 22:38:24 2016
21837 2 1 7 Sat Oct 29 22:38:24 2016
21837 2 2 8 Sat Oct 29 22:38:24 2016
21837 2 0 10 Sat Oct 29 22:38:24 2016
21837 2 1 14 Sat Oct 29 22:38:24 2016
21837 2 2 15 Sat Oct 29 22:38:24 2016
21837 2 0 17 Sat Oct 29 22:38:24 2016
21837 2 1 21 Sat Oct 29 22:38:24 2016
21837 2 2 22 Sat Oct 29 22:38:24 2016
21837 2 0 24 Sat Oct 29 22:38:24 2016
21837 2 1 28 Sat Oct 29 22:38:24 2016
21837 2 2 29 Sat Oct 29 22:38:24 2016
21837 2 0 31 Sat Oct 29 22:38:24 2016
21837 2 1 35 Sat Oct 29 22:38:24 2016
21837 2 4 36 Sat Oct 29 22:38:24 2016
21837 2 5 38 Sat Oct 29 22:38:24 2016
21849 2 2 0 Sat Oct 29 22:38:28 2016
21849 2 0 2 Sat Oct 29 22:38:28 2016
21849 2 1 7 Sat Oct 29 22:38:28 2016
21849 2 2 8 Sat Oct 29 22:38:28 2016
21849 2 0 10 Sat Oct 29 22:38:28 2016
21849 2 1 14 Sat Oct 29 22:38:28 2016
21849 2 2 15 Sat Oct 29 22:38:28 2016
21849 2 0 17 Sat Oct 29 22:38:28 2016
21849 2 1 21 Sat Oct 29 22:38:28 2016
21849 2 2 22 Sat Oct 29 22:38:28 2016
21849 2 0 24 Sat Oct 29 22:38:28 2016
21849 2 1 28 Sat Oct 29 22:38:28 2016
21849 2 2 29 Sat Oct 29 22:38:28 2016
21849 2 0 31 Sat Oct 29 22:38:28 2016
21849 2 1 35 Sat Oct 29 22:38:28 2016
21849 2 4 36 Sat Oct 29 22:38:28 2016
21849 2 5 38 Sat Oct 29 22:38:28 2016
21858 2 2 0 Sat Oct 29 22:38:31 2016
21858 2 0 2 Sat Oct 29 22:38:31 2016
21858 2 1 7 Sat Oct 29 22:38:31 2016
21858 2 2 8 Sat Oct 29 22:38:31 2016
21858 2 0 10 Sat Oct 29 22:38:31 2016
21858 2 1 14 Sat Oct 29 22:38:31 2016
21858 2 2 15 Sat Oct 29 22:38:31 2016
21858 2 0 17 Sat Oct 29 22:38:31 2016
21858 2 1 21 Sat Oct 29 22:38:31 2016
21858 2 2 22 Sat Oct 29 22:38:31 2016
21858 2 0 24 Sat Oct 29 22:38:31 2016
21858 2 1 28 Sat Oct 29 22:38:31 2016
21858 2 2 29 Sat Oct 29 22:38:31 2016
21858 2 0 31 Sat Oct 29 22:38:31 2016
21858 2 1 35 Sat Oct 29 22:38:31 2016
21858 2 4 36 Sat Oct 29 22:38:31 2016
21858 2 5 38 Sat Oct 29 22:38:31 2016
21868 2 2 0 Sat Oct 29 22:38:35 2016
21868 2 0 2 Sat Oct 29 22:38:35 2016
21868 2 1 7 Sat Oct 29 22:38:35 2016
21868 2 2 8 Sat Oct 29 22:38:35 2016
21868 2 0 10 Sat Oct 29 22:38:35 2016
21868 2 1 14 Sat Oct 29 22:38:35 2016
21868 2 2 15 Sat Oct 29 22:38:35 2016
21868 2 0 17 Sat Oct 29 22:38:35 2016
21868 2 1 21 Sat Oct 29 22:38:35 2016
21868 2 2 22 Sat Oct 29 22:38:35 2016
21868 2 0 24 Sat Oct 29 22:38:35 2016
21868 2 1 28 Sat Oct 29 22:38:35 2016
21868 2 2 29 Sat Oct 29 22:38:35 2016
21868 2 0 31 Sat Oct 29 22:38:35 2016
21868 2 1 35 Sat Oct 29 22:38:35 2016
21868 2 4 36 Sat Oct 29 22:38:35 2016
21868 2 5 38 Sat Oct 29 22:38:35 2016
21878 2 2 0 Sat Oct 29 22:38:44 2016
21878 2 0 2 Sat Oct 29 22:38:44 2016
21878 2 1 7 Sat Oct 29 22:38:44 2016
21878 2 2 8 Sat Oct 29 22:38:44 2016
21878 2 0 10 Sat Oct 29 22:38:44 2016
21878 2 1 14 Sat Oct 29 22:38:44 2016
21878 2 2 15 Sat Oct 29 22:38:44 2016
21878 2 0 17 Sat Oct 29 22:38:44 2016
21878 2 1 21 Sat Oct 29 22:38:44 2016
21878 2 2 22 Sat Oct 29 22:38:44 2016
21878 2 0 24 Sat Oct 29 22:38:44 2016
21878 2 1 28 Sat Oct 29 22:38:44 2016
21878 2 2 29 Sat Oct 29 22:38:44 2016
21878 2 0 31 Sat Oct 29 22:38:44 2016
21878 2 1 35 Sat Oct 29 22:38:44 2016
21878 2 4 36 Sat Oct 29 22:38:44 2016
21878 2 5 38 Sat Oct 29 22:38:44 2016
21889 2 2 0 Sat Oct 29 22:38:49 2016
21889 2 0 2 Sat Oct 29 22:38:49 2016
21889 2 1 7 Sat Oct 29 22:38:49 2016
21889 2 2 8 Sat Oct 29 22:38:49 2016
21889 2 0 10 Sat Oct 29 22:38:49 2016
21889 2 1 14 Sat Oct 29 22:38:49 2016
21889 2 2 15 Sat Oct 29 22:38:49 2016
21889 2 0 17 Sat Oct 29 22:38:49 2016
21889 2 1 21 Sat Oct 29 22:38:49 2016
21889 2 2 22 Sat Oct 29 22:38:49 2016
21889 2 0 24 Sat Oct 29 22:38:49 2016
21889 2 1 28 Sat Oct 29 22:38:49 2016
21889 2 2 29 Sat Oct 29 22:38:49 2016
21889 2 0 31 Sat Oct 29 22:38:49 2016
21889 2 1 35 Sat Oct 29 22:38:49 2016
21889 2 4 36 Sat Oct 29 22:38:49 2016
21889 2 5 38 Sat Oct 29 22:38:49 2016
21897 2 2 0 Sat Oct 29 22:38:53 2016
21897 2 0 2 Sat Oct 29 22:38:53 2016
21897 2 1 7 Sat Oct 29 22:38:53 2016
21897 2 2 8 Sat Oct 29 22:38:53 2016
21897 2 0 10 Sat Oct 29 22:38:53 2016
21897 2 1 14 Sat Oct 29 22:38:53 2016
21897 2 2 15 Sat Oct 29 22:38:53 2016
21897 2 0 17 Sat Oct 29 22:38:53 2016
21897 2 1 21 Sat Oct 29 22:38:53 2016
21897 2 2 22 Sat Oct 29 22:38:53 2016
21897 2 0 24 Sat Oct 29 22:38:53 2016
21897 2 1 28 Sat Oct 29 22:38:53 2016
21897 2 2 29 Sat Oct 29 22:38:53 2016
21897 2 0 31 Sat Oct 29 22:38:53 2016
21897 2 1 35 Sat Oct 29 22:38:53 2016
21897 2 4 36 Sat Oct 29 22:38:53 2016
21897 2 5 38 Sat Oct 29 22:38:53 2016
21908 2 2 0 Sat Oct 29 22:38:59 2016
21908 2 0 2 Sat Oct 29 22:38:59 2016
21908 2 1 7 Sat Oct 29 22:38:59 2016
21908 2 2 8 Sat Oct 29 22:38:59 2016
21908 2 0 10 Sat Oct 29 22:38:59 2016
21908 2 1 14 Sat Oct 29 22:38:59 2016
21908 2 2 15 Sat Oct 29 22:38:59 2016
21908 2 0 17 Sat Oct 29 22:38:59 2016
21908 2 1 21 Sat Oct 29 22:38:59 2016
21908 2 2 22 Sat Oct 29 22:38:59 2016
21908 2 0 24 Sat Oct 29 22:38:59 2016
21908 2 1 28 Sat Oct 29 22:38:59 2016
21908 2 2 29 Sat Oct 29 22:38:59 2016
21908 2 0 31 Sat Oct 29 22:38:59 2016
21908 2 1 35 Sat Oct 29 22:38:59 2016
21908 2 4 36 Sat Oct 29 22:38:59 2016
21908 2 5 38 Sat Oct 29 22:38:59 2016
21917 2 2 0 Sat Oct 29 22:39:03 2016
21929 2 2 0 Sat Oct 29 22:39:15 2016
21929 2 0 2 Sat Oct 29 22:39:15 2016
21929 2 1 7 Sat Oct 29 22:39:15 2016
21929 2 2 8 Sat Oct 29 22:39:15 2016
21929 2 0 10 Sat Oct 29 22:39:15 2016
21929 2 1 14 Sat Oct 29 22:39:15 2016
21929 2 2 15 Sat Oct 29 22:39:15 2016
21929 2 0 17 Sat Oct 29 22:39:15 2016
21929 2 1 21 Sat Oct 29 22:39:15 2016
21929 2 2 22 Sat Oct 29 22:39:15 2016
21929 2 0 24 Sat Oct 29 22:39:15 2016
21929 2 1 28 Sat Oct 29 22:39:15 2016
21929 2 2 29 Sat Oct 29 22:39:15 2016
21929 2 0 31 Sat Oct 29 22:39:15 2016
21929 2 1 35 Sat Oct 29 22:39:15 2016
21929 2 4 36 Sat Oct 29 22:39:15 2016
21929 2 5 38 Sat Oct 29 22:39:15 2016
21938 2 2 0 Sat Oct 29 22:39:18 2016
21938 2 0 2 Sat Oct 29 22:39:18 2016
21938 2 1 7 Sat Oct 29 22:39:18 2016
21938 2 2 8 Sat Oct 29 22:39:18 2016
21938 2 0 10 Sat Oct 29 22:39:18 2016
21938 2 1 14 Sat Oct 29 22:39:18 2016
21938 2 2 15 Sat Oct 29 22:39:18 2016
21938 2 0 17 Sat Oct 29 22:39:18 2016
21938 2 1 21 Sat Oct 29 22:39:18 2016
21938 2 2 22 Sat Oct 29 22:39:18 2016
21938 2 0 24 Sat Oct 29 22:39:18 2016
21938 2 1 28 Sat Oct 29 22:39:18 2016
21938 2 2 29 Sat Oct 29 22:39:18 2016
21938 2 0 31 Sat Oct 29 22:39:18 2016
21938 2 1 35 Sat Oct 29 22:39:18 2016
21938 2 4 36 Sat Oct 29 22:39:18 2016
21938 2 5 38 Sat Oct 29 22:39:18 2016
21947 2 2 0 Sat Oct 29 22:39:22 2016
21947 2 0 2 Sat Oct 29 22:39:22 2016
21947 2 1 7 Sat Oct 29 22:39:22 2016
21947 2 2 8 Sat Oct 29 22:39:22 2016
21947 2 0 10 Sat Oct 29 22:39:22 2016
21947 2 1 14 Sat Oct 29 22:39:22 2016
21947 2 2 15 Sat Oct 29 22:39:22 2016
21947 2 0 17 Sat Oct 29 22:39:22 2016
21947 2 1 21 Sat Oct 29 22:39:22 2016
21947 2 2 22 Sat Oct 29 22:39:22 2016
21947 2 0 24 Sat Oct 29 22:39:22 2016
21947 2 1 28 Sat Oct 29 22:39:22 2016
21947 2 2 29 Sat Oct 29 22:39:22 2016
21947 2 0 31 Sat Oct 29 22:39:22 2016
21947 2 1 35 Sat Oct 29 22:39:22 2016
21947 2 4 36 Sat Oct 29 22:39:22 2016
21947 2 5 38 Sat Oct 29 22:39:22 2016
22014 2 2 0 Sat Oct 29 22:42:20 2016
22014 2 0 2 Sat Oct 29 22:42:20 2016
22014 2 1 7 Sat Oct 29 22:42:20 2016
22014 2 2 8 Sat Oct 29 22:42:20 2016
22014 2 0 10 Sat Oct 29 22:42:20 2016
22014 2 1 14 Sat Oct 29 22:42:20 2016
22014 2 2 15 Sat Oct 29 22:42:20 2016
22014 2 0 17 Sat Oct 29 22:42:20 2016
22014 2 1 21 Sat Oct 29 22:42:20 2016
22014 2 2 22 Sat Oct 29 22:42:20 2016
22014 2 0 24 Sat Oct 29 22:42:20 2016
22014 2 1 28 Sat Oct 29 22:42:20 2016
22014 2 2 29 Sat Oct 29 22:42:20 2016
22014 2 0 31 Sat Oct 29 22:42:20 2016
22014 2 1 35 Sat Oct 29 22:42:20 2016
22014 2 4 36 Sat Oct 29 22:42:20 2016
22014 2 5 38 Sat Oct 29 22:42:20 2016
22021 2 2 0 Sat Oct 29 22:42:24 2016
22021 2 0 2 Sat Oct 29 22:42:24 2016
22021 2 1 7 Sat Oct 29 22:42:24 2016
22021 2 2 8 Sat Oct 29 22:42:24 2016
22021 2 0 10 Sat Oct 29 22:42:24 2016
22021 2 1 14 Sat Oct 29 22:42:24 2016
22021 2 2 15 Sat Oct 29 22:42:24 2016
22021 2 0 17 Sat Oct 29 22:42:24 2016
22021 2 1 21 Sat Oct 29 22:42:24 2016
22021 2 2 22 Sat Oct 29 22:42:24 2016
22021 2 0 24 Sat Oct 29 22:42:24 2016
22021 2 1 28 Sat Oct 29 22:42:24 2016
22021 2 2 29 Sat Oct 29 22:42:24 2016
22021 2 0 31 Sat Oct 29 22:42:24 2016
22021 2 1 35 Sat Oct 29 22:42:24 2016
22021 2 4 36 Sat Oct 29 22:42:24 2016
22021 2 5 38 Sat Oct 29 22:42:24 2016
22033 2 2 0 Sat Oct 29 22:42:27 2016
22048 2 2 0 Sat Oct 29 22:42:37 2016
22048 2 0 2 Sat Oct 29 22:42:37 2016
22048 2 1 7 Sat Oct 29 22:42:37 2016
22048 2 2 8 Sat Oct 29 22:42:37 2016
22048 2 0 10 Sat Oct 29 22:42:37 2016
22048 2 1 14 Sat Oct 29 22:42:37 2016
22048 2 2 15 Sat Oct 29 22:42:37 2016
22048 2 0 17 Sat Oct 29 22:42:37 2016
22048 2 1 21 Sat Oct 29 22:42:37 2016
22048 2 2 22 Sat Oct 29 22:42:37 2016
22048 2 0 24 Sat Oct 29 22:42:37 2016
22048 2 1 28 Sat Oct 29 22:42:37 2016
22048 2 2 29 Sat Oct 29 22:42:37 2016
22048 2 0 31 Sat Oct 29 22:42:37 2016
22048 2 1 35 Sat Oct 29 22:42:37 2016
22048 2 4 36 Sat Oct 29 22:42:37 2016
22048 2 5 38 Sat Oct 29 22:42:37 2016
22141 2 2 0 Sat Oct 29 22:47:38 2016
22141 2 0 2 Sat Oct 29 22:47:38 2016
22141 2 1 7 Sat Oct 29 22:47:38 2016
22141 2 2 8 Sat Oct 29 22:47:38 2016
22141 2 0 10 Sat Oct 29 22:47:38 2016
22141 2 1 14 Sat Oct 29 22:47:38 2016
22141 2 2 15 Sat Oct 29 22:47:38 2016
22141 2 0 17 Sat Oct 29 22:47:38 2016
22141 2 1 21 Sat Oct 29 22:47:38 2016
22141 2 2 22 Sat Oct 29 22:47:38 2016
22141 2 0 24 Sat Oct 29 22:47:38 2016
22141 2 1 28 Sat Oct 29 22:47:38 2016
22141 2 2 29 Sat Oct 29 22:47:38 2016
22141 2 0 31 Sat Oct 29 22:47:38 2016
22141 2 1 35 Sat Oct 29 22:47:38 2016
22141 2 4 36 Sat Oct 29 22:47:38 2016
22141 2 5 38 Sat Oct 29 22:47:38 2016
22151 2 2 0 Sat Oct 29 22:47:41 2016
22151 2 0 2 Sat Oct 29 22:47:41 2016
22151 2 1 7 Sat Oct 29 22:47:41 2016
22151 2 2 8 Sat Oct 29 22:47:41 2016
22151 2 0 10 Sat Oct 29 22:47:41 2016
22151 2 1 14 Sat Oct 29 22:47:41 2016
22151 2 2 15 Sat Oct 29 22:47:41 2016
22151 2 0 17 Sat Oct 29 22:47:41 2016
22151 2 1 21 Sat Oct 29 22:47:41 2016
22151 2 2 22 Sat Oct 29 22:47:41 2016
22151 2 0 24 Sat Oct 29 22:47:41 2016
22151 2 1 28 Sat Oct 29 22:47:41 2016
22151 2 2 29 Sat Oct 29 22:47:41 2016
22151 2 0 31 Sat Oct 29 22:47:41 2016
22151 2 1 35 Sat Oct 29 22:47:41 2016
22151 2 4 36 Sat Oct 29 22:47:41 2016
22151 2 5 38 Sat Oct 29 22:47:41 2016
22160 2 2 0 Sat Oct 29 22:47:45 2016
22160 2 0 2 Sat Oct 29 22:47:45 2016
22160 2 1 7 Sat Oct 29 22:47:45 2016
22160 2 2 8 Sat Oct 29 22:47:45 2016
22160 2 0 10 Sat Oct 29 22:47:45 2016
22160 2 1 14 Sat Oct 29 22:47:45 2016
22160 2 2 15 Sat Oct 29 22:47:45 2016
22160 2 0 17 Sat Oct 29 22:47:45 2016
22160 2 1 21 Sat Oct 29 22:47:45 2016
22160 2 2 22 Sat Oct 29 22:47:45 2016
22160 2 0 24 Sat Oct 29 22:47:45 2016
22160 2 1 28 Sat Oct 29 22:47:45 2016
22160 2 2 29 Sat Oct 29 22:47:45 2016
22160 2 0 31 Sat Oct 29 22:47:45 2016
22160 2 1 35 Sat Oct 29 22:47:45 2016
22160 2 4 36 Sat Oct 29 22:47:45 2016
22160 2 5 38 Sat Oct 29 22:47:45 2016
22172 2 2 0 Sat Oct 29 22:47:47 2016
22172 2 0 2 Sat Oct 29 22:47:47 2016
22172 2 1 7 Sat Oct 29 22:47:47 2016
22172 2 2 8 Sat Oct 29 22:47:47 2016
22172 2 0 10 Sat Oct 29 22:47:47 2016
22172 2 1 14 Sat Oct 29 22:47:47 2016
22172 2 2 15 Sat Oct 29 22:47:47 2016
22172 2 0 17 Sat Oct 29 22:47:47 2016
22172 2 1 21 Sat Oct 29 22:47:47 2016
22172 2 2 22 Sat Oct 29 22:47:47 2016
22172 2 0 24 Sat Oct 29 22:47:47 2016
22172 2 1 28 Sat Oct 29 22:47:47 2016
22172 2 2 29 Sat Oct 29 22:47:47 2016
22172 2 0 31 Sat Oct 29 22:47:47 2016
22172 2 1 35 Sat Oct 29 22:47:47 2016
22172 2 4 36 Sat Oct 29 22:47:47 2016
22172 2 5 38 Sat Oct 29 22:47:47 2016
22179 2 2 0 Sat Oct 29 22:47:50 2016
22179 2 0 2 Sat Oct 29 22:47:50 2016
22179 2 1 7 Sat Oct 29 22:47:50 2016
22179 2 2 8 Sat Oct 29 22:47:50 2016
22179 2 0 10 Sat Oct 29 22:47:50 2016
22179 2 1 14 Sat Oct 29 22:47:50 2016
22179 2 2 15 Sat Oct 29 22:47:50 2016
22179 2 0 17 Sat Oct 29 22:47:50 2016
22179 2 1 21 Sat Oct 29 22:47:50 2016
22179 2 2 22 Sat Oct 29 22:47:50 2016
22179 2 0 24 Sat Oct 29 22:47:50 2016
22179 2 1 28 Sat Oct 29 22:47:50 2016
22179 2 2 29 Sat Oct 29 22:47:50 2016
22179 2 0 31 Sat Oct 29 22:47:50 2016
22179 2 1 35 Sat Oct 29 22:47:50 2016
22179 2 4 36 Sat Oct 29 22:47:50 2016
22179 2 5 38 Sat Oct 29 22:47:50 2016
22188 2 2 0 Sat Oct 29 22:47:54 2016
22188 2 0 2 Sat Oct 29 22:47:54 2016
22188 2 1 7 Sat Oct 29 22:47:54 2016
22188 2 2 8 Sat Oct 29 22:47:54 2016
22188 2 0 10 Sat Oct 29 22:47:54 2016
22188 2 1 14 Sat Oct 29 22:47:54 2016
22188 2 2 15 Sat Oct 29 22:47:54 2016
22188 2 0 17 Sat Oct 29 22:47:54 2016
22188 2 1 21 Sat Oct 29 22:47:54 2016
22188 2 2 22 Sat Oct 29 22:47:54 2016
22188 2 0 24 Sat Oct 29 22:47:54 2016
22188 2 1 28 Sat Oct 29 22:47:54 2016
22188 2 2 29 Sat Oct 29 22:47:54 2016
22188 2 0 31 Sat Oct 29 22:47:54 2016
22188 2 1 35 Sat Oct 29 22:47:54 2016
22188 2 4 36 Sat Oct 29 22:47:54 2016
22188 2 5 38 Sat Oct 29 22:47:54 2016
22198 2 2 0 Sat Oct 29 22:47:57 2016
22198 2 0 2 Sat Oct 29 22:47:57 2016
22198 2 1 7 Sat Oct 29 22:47:57 2016
22198 2 2 8 Sat Oct 29 22:47:57 2016
22198 2 0 10 Sat Oct 29 22:47:57 2016
22198 2 1 14 Sat Oct 29 22:47:57 2016
22198 2 2 15 Sat Oct 29 22:47:57 2016
22198 2 0 17 Sat Oct 29 22:47:57 2016
22198 2 1 21 Sat Oct 29 22:47:57 2016
22198 2 2 22 Sat Oct 29 22:47:57 2016
22198 2 0 24 Sat Oct 29 22:47:57 2016
22198 2 1 28 Sat Oct 29 22:47:57 2016
22198 2 2 29 Sat Oct 29 22:47:57 2016
22198 2 0 31 Sat Oct 29 22:47:57 2016
22198 2 1 35 Sat Oct 29 22:47:57 2016
22198 2 4 36 Sat Oct 29 22:47:57 2016
22198 2 5 38 Sat Oct 29 22:47:57 2016
22209 2 2 0 Sat Oct 29 22:48:01 2016
22209 2 0 2 Sat Oct 29 22:48:01 2016
22209 2 1 7 Sat Oct 29 22:48:01 2016
22209 2 2 8 Sat Oct 29 22:48:01 2016
22209 2 0 10 Sat Oct 29 22:48:01 2016
22209 2 1 14 Sat Oct 29 22:48:01 2016
22209 2 2 15 Sat Oct 29 22:48:01 2016
22209 2 0 17 Sat Oct 29 22:48:01 2016
22209 2 1 21 Sat Oct 29 22:48:01 2016
22209 2 2 22 Sat Oct 29 22:48:01 2016
22209 2 0 24 Sat Oct 29 22:48:01 2016
22209 2 1 28 Sat Oct 29 22:48:01 2016
22209 2 2 29 Sat Oct 29 22:48:01 2016
22209 2 0 31 Sat Oct 29 22:48:01 2016
22209 2 1 35 Sat Oct 29 22:48:01 2016
22209 2 4 36 Sat Oct 29 22:48:01 2016
22209 2 5 38 Sat Oct 29 22:48:01 2016
22217 2 2 0 Sat Oct 29 22:48:03 2016
22217 2 0 2 Sat Oct 29 22:48:03 2016
22217 2 1 7 Sat Oct 29 22:48:03 2016
22217 2 2 8 Sat Oct 29 22:48:03 2016
22217 2 0 10 Sat Oct 29 22:48:03 2016
22217 2 1 14 Sat Oct 29 22:48:03 2016
22217 2 2 15 Sat Oct 29 22:48:03 2016
22217 2 0 17 Sat Oct 29 22:48:03 2016
22217 2 1 21 Sat Oct 29 22:48:03 2016
22217 2 2 22 Sat Oct 29 22:48:03 2016
22217 2 0 24 Sat Oct 29 22:48:03 2016
22217 2 1 28 Sat Oct 29 22:48:03 2016
22217 2 2 29 Sat Oct 29 22:48:03 2016
22217 2 0 31 Sat Oct 29 22:48:03 2016
22217 2 1 35 Sat Oct 29 22:48:03 2016
22217 2 4 36 Sat Oct 29 22:48:03 2016
22217 2 5 38 Sat Oct 29 22:48:03 2016
22228 2 2 0 Sat Oct 29 22:48:06 2016
22228 2 0 2 Sat Oct 29 22:48:06 2016
22228 2 1 7 Sat Oct 29 22:48:06 2016
22228 2 2 8 Sat Oct 29 22:48:06 2016
22228 2 0 10 Sat Oct 29 22:48:06 2016
22228 2 1 14 Sat Oct 29 22:48:06 2016
22228 2 2 15 Sat Oct 29 22:48:06 2016
22228 2 0 17 Sat Oct 29 22:48:06 2016
22228 2 1 21 Sat Oct 29 22:48:06 2016
22228 2 2 22 Sat Oct 29 22:48:06 2016
22228 2 0 24 Sat Oct 29 22:48:06 2016
22228 2 1 28 Sat Oct 29 22:48:06 2016
22228 2 2 29 Sat Oct 29 22:48:06 2016
22228 2 0 31 Sat Oct 29 22:48:06 2016
22228 2 1 35 Sat Oct 29 22:48:06 2016
22228 2 4 36 Sat Oct 29 22:48:06 2016
22228 2 5 38 Sat Oct 29 22:48:06 2016
22235 2 2 0 Sat Oct 29 22:48:09 2016
22235 2 0 2 Sat Oct 29 22:48:09 2016
22235 2 1 7 Sat Oct 29 22:48:09 2016
22235 2 2 8 Sat Oct 29 22:48:09 2016
22235 2 0 10 Sat Oct 29 22:48:09 2016
22235 2 1 14 Sat Oct 29 22:48:09 2016
22235 2 2 15 Sat Oct 29 22:48:09 2016
22235 2 0 17 Sat Oct 29 22:48:09 2016
22235 2 1 21 Sat Oct 29 22:48:09 2016
22235 2 2 22 Sat Oct 29 22:48:09 2016
22235 2 0 24 Sat Oct 29 22:48:09 2016
22235 2 1 28 Sat Oct 29 22:48:09 2016
22235 2 2 29 Sat Oct 29 22:48:09 2016
22235 2 0 31 Sat Oct 29 22:48:09 2016
22235 2 1 35 Sat Oct 29 22:48:09 2016
22235 2 4 36 Sat Oct 29 22:48:09 2016
22235 2 5 38 Sat Oct 29 22:48:09 2016
22249 2 2 0 Sat Oct 29 22:48:12 2016
22249 2 0 2 Sat Oct 29 22:48:12 2016
22249 2 1 7 Sat Oct 29 22:48:12 2016
22249 2 2 8 Sat Oct 29 22:48:12 2016
22249 2 0 10 Sat Oct 29 22:48:12 2016
22249 2 1 14 Sat Oct 29 22:48:12 2016
22249 2 2 15 Sat Oct 29 22:48:12 2016
22249 2 0 17 Sat Oct 29 22:48:12 2016
22249 2 1 21 Sat Oct 29 22:48:12 2016
22249 2 2 22 Sat Oct 29 22:48:12 2016
22249 2 0 24 Sat Oct 29 22:48:12 2016
22249 2 1 28 Sat Oct 29 22:48:12 2016
22249 2 2 29 Sat Oct 29 22:48:12 2016
22249 2 0 31 Sat Oct 29 22:48:12 2016
22249 2 1 35 Sat Oct 29 22:48:12 2016
22249 2 4 36 Sat Oct 29 22:48:12 2016
22249 2 5 38 Sat Oct 29 22:48:12 2016
22258 2 2 0 Sat Oct 29 22:48:15 2016
22258 2 0 2 Sat Oct 29 22:48:15 2016
22258 2 1 7 Sat Oct 29 22:48:15 2016
22258 2 2 8 Sat Oct 29 22:48:15 2016
22258 2 0 10 Sat Oct 29 22:48:15 2016
22258 2 1 14 Sat Oct 29 22:48:15 2016
22258 2 2 15 Sat Oct 29 22:48:15 2016
22258 2 0 17 Sat Oct 29 22:48:15 2016
22258 2 1 21 Sat Oct 29 22:48:15 2016
22258 2 2 22 Sat Oct 29 22:48:15 2016
22258 2 0 24 Sat Oct 29 22:48:15 2016
22258 2 1 28 Sat Oct 29 22:48:15 2016
22258 2 2 29 Sat Oct 29 22:48:15 2016
22258 2 0 31 Sat Oct 29 22:48:15 2016
22258 2 1 35 Sat Oct 29 22:48:15 2016
22258 2 4 36 Sat Oct 29 22:48:15 2016
22258 2 5 38 Sat Oct 29 22:48:15 2016
22267 2 2 0 Sat Oct 29 22:48:18 2016
22267 2 0 2 Sat Oct 29 22:48:18 2016
22267 2 1 7 Sat Oct 29 22:48:18 2016
22267 2 2 8 Sat Oct 29 22:48:18 2016
22267 2 0 10 Sat Oct 29 22:48:18 2016
22267 2 1 14 Sat Oct 29 22:48:18 2016
22267 2 2 15 Sat Oct 29 22:48:18 2016
22267 2 0 17 Sat Oct 29 22:48:18 2016
22267 2 1 21 Sat Oct 29 22:48:18 2016
22267 2 2 22 Sat Oct 29 22:48:18 2016
22267 2 0 24 Sat Oct 29 22:48:18 2016
22267 2 1 28 Sat Oct 29 22:48:18 2016
22267 2 2 29 Sat Oct 29 22:48:18 2016
22267 2 0 31 Sat Oct 29 22:48:18 2016
22267 2 1 35 Sat Oct 29 22:48:18 2016
22267 2 4 36 Sat Oct 29 22:48:18 2016
22267 2 5 38 Sat Oct 29 22:48:18 2016
